<?xml version="1.0" encoding="UTF-8"?>
<testsuite xmlns:xsi="http://www.w3.org/2001/XMLSchema-instance" xsi:noNamespaceSchemaLocation="https://maven.apache.org/surefire/maven-failsafe-plugin/xsd/failsafe-test-report-3.0.xsd" version="3.0" name="com.epam.brest.dao.CategoryDaoJDBCImplTestIT" time="0.78" tests="7" errors="0" skipped="0" failures="0">
  <properties>
[...]
</properties>
  <testcase name="testFindAll" classname="com.epam.brest.dao.CategoryDaoJDBCImplTestIT" time="0.037">
    <system-out><![CDATA[2021-12-12 15:20:51,823 main DEBUG Apache Log4j Core 2.14.1 initializing configuration org.apache.logging.log4j.core.config.properties.PropertiesConfiguration@742ff096
2021-12-12 15:20:51,825 main DEBUG Installed 1 script engine
2021-12-12 15:20:51,945 main DEBUG Oracle Nashorn version: 11.0.11, language: ECMAScript, threading: Not Thread Safe, compile: true, names: [nashorn, Nashorn, js, JS, JavaScript, javascript, ECMAScript, ecmascript], factory class: jdk.nashorn.api.scripting.NashornScriptEngineFactory
2021-12-12 15:20:51,945 main DEBUG PluginManager 'Core' found 122 plugins
2021-12-12 15:20:51,945 main DEBUG PluginManager 'Level' found 0 plugins
2021-12-12 15:20:51,947 main DEBUG PluginManager 'Lookup' found 16 plugins
2021-12-12 15:20:51,948 main DEBUG Building Plugin[name=AppenderRef, class=org.apache.logging.log4j.core.config.AppenderRef].
2021-12-12 15:20:51,952 main DEBUG PluginManager 'TypeConverter' found 26 plugins
2021-12-12 15:20:51,956 main DEBUG createAppenderRef(ref="STDOUT", level="null", Filter=null)
2021-12-12 15:20:51,956 main DEBUG Building Plugin[name=root, class=org.apache.logging.log4j.core.config.LoggerConfig$RootLogger].
2021-12-12 15:20:51,957 main DEBUG createLogger(additivity="null", level="DEBUG", includeLocation="null", ={STDOUT}, ={}, Configuration(PropertiesConfig), Filter=null)
2021-12-12 15:20:51,958 main DEBUG Building Plugin[name=loggers, class=org.apache.logging.log4j.core.config.LoggersPlugin].
2021-12-12 15:20:51,959 main DEBUG createLoggers(={root})
2021-12-12 15:20:51,959 main DEBUG Building Plugin[name=layout, class=org.apache.logging.log4j.core.layout.PatternLayout].
2021-12-12 15:20:51,961 main DEBUG PatternLayout$Builder(pattern="%d{HH:mm:ss} %-5p %-20.20C{1} %m%n", PatternSelector=null, Configuration(PropertiesConfig), Replace=null, charset="null", alwaysWriteExceptions="null", disableAnsi="null", noConsoleNoAnsi="null", header="null", footer="null")
2021-12-12 15:20:51,961 main DEBUG PluginManager 'Converter' found 44 plugins
2021-12-12 15:20:51,965 main DEBUG Building Plugin[name=appender, class=org.apache.logging.log4j.core.appender.ConsoleAppender].
2021-12-12 15:20:51,968 main DEBUG ConsoleAppender$Builder(target="null", follow="null", direct="null", bufferedIo="null", bufferSize="null", immediateFlush="null", ignoreExceptions="null", PatternLayout(%d{HH:mm:ss} %-5p %-20.20C{1} %m%n), name="STDOUT", Configuration(PropertiesConfig), Filter=null, ={})
2021-12-12 15:20:51,969 main DEBUG Starting OutputStreamManager SYSTEM_OUT.false.false
2021-12-12 15:20:51,969 main DEBUG Building Plugin[name=appenders, class=org.apache.logging.log4j.core.config.AppendersPlugin].
2021-12-12 15:20:51,970 main DEBUG createAppenders(={STDOUT})
2021-12-12 15:20:51,970 main DEBUG Configuration org.apache.logging.log4j.core.config.properties.PropertiesConfiguration@742ff096 initialized
2021-12-12 15:20:51,970 main DEBUG Starting configuration org.apache.logging.log4j.core.config.properties.PropertiesConfiguration@742ff096
2021-12-12 15:20:51,970 main DEBUG Started configuration org.apache.logging.log4j.core.config.properties.PropertiesConfiguration@742ff096 OK.
2021-12-12 15:20:51,971 main DEBUG Shutting down OutputStreamManager SYSTEM_OUT.false.false-1
2021-12-12 15:20:51,971 main DEBUG OutputStream closed
2021-12-12 15:20:51,971 main DEBUG Shut down OutputStreamManager SYSTEM_OUT.false.false-1, all resources released: true
2021-12-12 15:20:51,971 main DEBUG Appender DefaultConsole-1 stopped with status true
2021-12-12 15:20:51,971 main DEBUG Stopped org.apache.logging.log4j.core.config.DefaultConfiguration@7b98f307 OK
2021-12-12 15:20:52,000 main DEBUG Registering MBean org.apache.logging.log4j2:type=55054057
2021-12-12 15:20:52,001 main DEBUG Registering MBean org.apache.logging.log4j2:type=55054057,component=StatusLogger
2021-12-12 15:20:52,002 main DEBUG Registering MBean org.apache.logging.log4j2:type=55054057,component=ContextSelector
2021-12-12 15:20:52,002 main DEBUG Registering MBean org.apache.logging.log4j2:type=55054057,component=Loggers,name=
2021-12-12 15:20:52,003 main DEBUG Registering MBean org.apache.logging.log4j2:type=55054057,component=Appenders,name=STDOUT
2021-12-12 15:20:52,003 main DEBUG org.apache.logging.log4j.core.util.SystemClock supports precise timestamps.
2021-12-12 15:20:52,004 main DEBUG Reconfiguration complete for context[name=55054057] at URI /home/medievil/development/Dzmitry-Kalustau-EH/dao/target/test-classes/log4j2-test.properties (org.apache.logging.log4j.core.LoggerContext@22ffa91a) with optional ClassLoader: null
2021-12-12 15:20:52,004 main DEBUG Shutdown hook enabled. Registering a new one.
2021-12-12 15:20:52,004 main DEBUG LoggerContext[name=55054057, org.apache.logging.log4j.core.LoggerContext@22ffa91a] started OK.
15:20:52 DEBUG BootstrapUtils       Instantiating CacheAwareContextLoaderDelegate from class [org.springframework.test.context.cache.DefaultCacheAwareContextLoaderDelegate]
15:20:52 DEBUG BootstrapUtils       Instantiating BootstrapContext using constructor [public org.springframework.test.context.support.DefaultBootstrapContext(java.lang.Class,org.springframework.test.context.CacheAwareContextLoaderDelegate)]
15:20:52 DEBUG BootstrapUtils       Instantiating TestContextBootstrapper for test class [com.epam.brest.dao.CategoryDaoJDBCImplTestIT] from class [org.springframework.test.context.support.DefaultTestContextBootstrapper]
15:20:52 DEBUG ngSmartContextLoader Delegating to GenericXmlContextLoader to process context configuration [ContextConfigurationAttributes@57459491 declaringClass = 'com.epam.brest.dao.CategoryDaoJDBCImplTestIT', classes = '{}', locations = '{classpath*:test-db.xml, classpath*:test-jdbc-conf.xml}', inheritLocations = true, initializers = '{}', inheritInitializers = true, name = [null], contextLoaderClass = 'org.springframework.test.context.ContextLoader'].
15:20:52 DEBUG ActiveProfilesUtils  Could not find an 'annotation declaring class' for annotation type [org.springframework.test.context.ActiveProfiles] and class [com.epam.brest.dao.CategoryDaoJDBCImplTestIT]
15:20:52 DEBUG tContextBootstrapper @TestExecutionListeners is not present for class [com.epam.brest.dao.CategoryDaoJDBCImplTestIT]: using defaults.
15:20:52 INFO  tContextBootstrapper Loaded default TestExecutionListener class names from location [META-INF/spring.factories]: [org.springframework.test.context.web.ServletTestExecutionListener, org.springframework.test.context.support.DirtiesContextBeforeModesTestExecutionListener, org.springframework.test.context.event.ApplicationEventsTestExecutionListener, org.springframework.test.context.support.DependencyInjectionTestExecutionListener, org.springframework.test.context.support.DirtiesContextTestExecutionListener, org.springframework.test.context.transaction.TransactionalTestExecutionListener, org.springframework.test.context.jdbc.SqlScriptsTestExecutionListener, org.springframework.test.context.event.EventPublishingTestExecutionListener]
15:20:52 DEBUG tContextBootstrapper Skipping candidate TestExecutionListener [org.springframework.test.context.web.ServletTestExecutionListener] due to a missing dependency. Specify custom listener classes or make the default listener classes and their required dependencies available. Offending class: [javax/servlet/ServletContext]
15:20:52 INFO  tContextBootstrapper Using TestExecutionListeners: [org.springframework.test.context.support.DirtiesContextBeforeModesTestExecutionListener@1dd0e7c4, org.springframework.test.context.event.ApplicationEventsTestExecutionListener@7894f09b, org.springframework.test.context.support.DependencyInjectionTestExecutionListener@3d484181, org.springframework.test.context.support.DirtiesContextTestExecutionListener@6111ba37, org.springframework.test.context.transaction.TransactionalTestExecutionListener@7be58f16, org.springframework.test.context.jdbc.SqlScriptsTestExecutionListener@242aa8d9, org.springframework.test.context.event.EventPublishingTestExecutionListener@5b11a194]
15:20:52 DEBUG estExecutionListener Before test class: context [DefaultTestContext@45cff11c testClass = CategoryDaoJDBCImplTestIT, testInstance = [null], testMethod = [null], testException = [null], mergedContextConfiguration = [MergedContextConfiguration@207ea13 testClass = CategoryDaoJDBCImplTestIT, locations = '{classpath*:test-db.xml, classpath*:test-jdbc-conf.xml}', classes = '{}', contextInitializerClasses = '[]', activeProfiles = '{}', propertySourceLocations = '{}', propertySourceProperties = '{}', contextCustomizers = set[[empty]], contextLoader = 'org.springframework.test.context.support.DelegatingSmartContextLoader', parent = [null]], attributes = map[[empty]]], class annotated with @DirtiesContext [false] with mode [null].
15:20:52 DEBUG ngSmartContextLoader Delegating to GenericXmlContextLoader to load context from [MergedContextConfiguration@207ea13 testClass = CategoryDaoJDBCImplTestIT, locations = '{classpath*:test-db.xml, classpath*:test-jdbc-conf.xml}', classes = '{}', contextInitializerClasses = '[]', activeProfiles = '{}', propertySourceLocations = '{}', propertySourceProperties = '{}', contextCustomizers = set[[empty]], contextLoader = 'org.springframework.test.context.support.DelegatingSmartContextLoader', parent = [null]].
15:20:52 DEBUG GenericContextLoader Loading ApplicationContext for merged context configuration [[MergedContextConfiguration@207ea13 testClass = CategoryDaoJDBCImplTestIT, locations = '{classpath*:test-db.xml, classpath*:test-jdbc-conf.xml}', classes = '{}', contextInitializerClasses = '[]', activeProfiles = '{}', propertySourceLocations = '{}', propertySourceProperties = '{}', contextCustomizers = set[[empty]], contextLoader = 'org.springframework.test.context.support.DelegatingSmartContextLoader', parent = [null]]].
15:20:52 DEBUG AbstractEnvironment  Activating profiles []
15:20:52 DEBUG BeanDefinitionReader Loaded 3 bean definitions from URL [jar:file:/home/medievil/development/Dzmitry-Kalustau-EH/test-db/target/test-db-1.0-SNAPSHOT.jar!/test-db.xml]
15:20:52 DEBUG BeanDefinitionReader Loaded 3 bean definitions from URL [file:/home/medievil/development/Dzmitry-Kalustau-EH/dao/target/test-classes/test-jdbc-conf.xml]
15:20:52 DEBUG ctApplicationContext Refreshing org.springframework.context.support.GenericApplicationContext@6d24ffa1
15:20:52 DEBUG ingletonBeanRegistry Creating shared instance of singleton bean 'org.springframework.context.annotation.internalConfigurationAnnotationProcessor'
15:20:52 DEBUG ingletonBeanRegistry Creating shared instance of singleton bean 'org.springframework.context.event.internalEventListenerProcessor'
15:20:52 DEBUG ingletonBeanRegistry Creating shared instance of singleton bean 'org.springframework.context.event.internalEventListenerFactory'
15:20:52 DEBUG ingletonBeanRegistry Creating shared instance of singleton bean 'org.springframework.context.annotation.internalAutowiredAnnotationProcessor'
15:20:52 DEBUG ingletonBeanRegistry Creating shared instance of singleton bean 'dataSource'
15:20:52 DEBUG verManagerDataSource Loaded JDBC driver: org.h2.Driver
15:20:52 DEBUG ingletonBeanRegistry Creating shared instance of singleton bean 'transactionManager'
15:20:52 DEBUG ingletonBeanRegistry Creating shared instance of singleton bean 'org.springframework.jdbc.datasource.init.DataSourceInitializer#0'
15:20:52 DEBUG DataSourceUtils      Fetching JDBC Connection from DataSource
15:20:52 DEBUG verManagerDataSource Creating new JDBC DriverManager Connection to [jdbc:h2:mem:test-db;MODE=MySQL;DB_CLOSE_DELAY=-1]
15:20:52 DEBUG ScriptUtils          Executing SQL script from URL [jar:file:/home/medievil/development/Dzmitry-Kalustau-EH/test-db/target/test-db-1.0-SNAPSHOT.jar!/create-db.sql]
15:20:52 DEBUG ScriptUtils          0 returned as update count for SQL: DROP TABLE IF EXISTS category
15:20:52 DEBUG ScriptUtils          0 returned as update count for SQL: DROP TABLE IF EXISTS expense
15:20:52 DEBUG ScriptUtils          0 returned as update count for SQL: CREATE TABLE category ( category_id INT NOT NULL AUTO_INCREMENT, category_name VARCHAR(50) UNIQUE, CONSTRAINT category_pk PRIMARY KEY (category_id) )
15:20:52 DEBUG ScriptUtils          0 returned as update count for SQL: CREATE TABLE expense ( expense_id INT NOT NULL AUTO_INCREMENT, date DATE NOT NULL, category_id INT NOT NULL, price DECIMAL NOT NULL, CONSTRAINT expense_pk PRIMARY KEY (expense_id), CONSTRAINT expense_category_fk FOREIGN KEY (category_id) REFERENCES category (category_id) )
15:20:52 DEBUG ScriptUtils          Executed SQL script from URL [jar:file:/home/medievil/development/Dzmitry-Kalustau-EH/test-db/target/test-db-1.0-SNAPSHOT.jar!/create-db.sql] in 16 ms.
15:20:52 DEBUG ScriptUtils          Executing SQL script from URL [jar:file:/home/medievil/development/Dzmitry-Kalustau-EH/test-db/target/test-db-1.0-SNAPSHOT.jar!/init-db.sql]
15:20:52 DEBUG ScriptUtils          1 returned as update count for SQL: INSERT INTO category(category_id, category_name) VALUES (1, 'Food')
15:20:52 DEBUG ScriptUtils          1 returned as update count for SQL: INSERT INTO category(category_id, category_name) VALUES (2, 'Households')
15:20:52 DEBUG ScriptUtils          1 returned as update count for SQL: INSERT INTO category(category_id, category_name) VALUES (3, 'Car')
15:20:52 DEBUG ScriptUtils          1 returned as update count for SQL: INSERT INTO category(category_id, category_name) VALUES (4, 'Medicine')
15:20:52 DEBUG ScriptUtils          1 returned as update count for SQL: INSERT INTO category(category_id, category_name) VALUES (5, 'Clothes')
15:20:52 DEBUG ScriptUtils          1 returned as update count for SQL: INSERT INTO category(category_id, category_name) VALUES (6, 'Entertainment')
15:20:52 DEBUG ScriptUtils          1 returned as update count for SQL: INSERT INTO expense(expense_id, date, category_id, price) VALUES (1, '2021-10-01', 1, 25.4)
15:20:52 DEBUG ScriptUtils          1 returned as update count for SQL: INSERT INTO expense(expense_id, date, category_id, price) VALUES (2, '2021-10-01', 3, 7)
15:20:52 DEBUG ScriptUtils          1 returned as update count for SQL: INSERT INTO expense(expense_id, date, category_id, price) VALUES (3, '2021-10-02', 5, 60)
15:20:52 DEBUG ScriptUtils          1 returned as update count for SQL: INSERT INTO expense(expense_id, date, category_id, price) VALUES (4, '2021-10-02', 1, 15)
15:20:52 DEBUG ScriptUtils          1 returned as update count for SQL: INSERT INTO expense(expense_id, date, category_id, price) VALUES (5, '2021-10-02', 2, 22.5)
15:20:52 DEBUG ScriptUtils          1 returned as update count for SQL: INSERT INTO expense(expense_id, date, category_id, price) VALUES (6, '2021-10-03', 4, 30)
15:20:52 DEBUG ScriptUtils          1 returned as update count for SQL: INSERT INTO expense(expense_id, date, category_id, price) VALUES (7, '2021-11-04', 1, 50)
15:20:52 DEBUG ScriptUtils          1 returned as update count for SQL: INSERT INTO expense(expense_id, date, category_id, price) VALUES (8, '2021-11-04', 1, 5)
15:20:52 DEBUG ScriptUtils          Executed SQL script from URL [jar:file:/home/medievil/development/Dzmitry-Kalustau-EH/test-db/target/test-db-1.0-SNAPSHOT.jar!/init-db.sql] in 8 ms.
15:20:52 DEBUG ingletonBeanRegistry Creating shared instance of singleton bean 'namedParameterJdbcTemplate'
15:20:52 DEBUG ingletonBeanRegistry Creating shared instance of singleton bean 'categoryDao'
15:20:52 DEBUG ingletonBeanRegistry Creating shared instance of singleton bean 'expenseDao'
15:20:52 DEBUG ontextLoaderDelegate Storing ApplicationContext [1831141281] in cache under key [[MergedContextConfiguration@207ea13 testClass = CategoryDaoJDBCImplTestIT, locations = '{classpath*:test-db.xml, classpath*:test-jdbc-conf.xml}', classes = '{}', contextInitializerClasses = '[]', activeProfiles = '{}', propertySourceLocations = '{}', propertySourceProperties = '{}', contextCustomizers = set[[empty]], contextLoader = 'org.springframework.test.context.support.DelegatingSmartContextLoader', parent = [null]]]
15:20:52 DEBUG DefaultContextCache  Spring test ApplicationContext cache statistics: [DefaultContextCache@d56aaa6 size = 1, maxSize = 32, parentContextCount = 0, hitCount = 0, missCount = 1]
15:20:52 DEBUG estExecutionListener Performing dependency injection for test context [[DefaultTestContext@45cff11c testClass = CategoryDaoJDBCImplTestIT, testInstance = com.epam.brest.dao.CategoryDaoJDBCImplTestIT@7a5b769b, testMethod = [null], testException = [null], mergedContextConfiguration = [MergedContextConfiguration@207ea13 testClass = CategoryDaoJDBCImplTestIT, locations = '{classpath*:test-db.xml, classpath*:test-jdbc-conf.xml}', classes = '{}', contextInitializerClasses = '[]', activeProfiles = '{}', propertySourceLocations = '{}', propertySourceProperties = '{}', contextCustomizers = set[[empty]], contextLoader = 'org.springframework.test.context.support.DelegatingSmartContextLoader', parent = [null]], attributes = map['org.springframework.test.context.event.ApplicationEventsTestExecutionListener.recordApplicationEvents' -> false]]].
15:20:52 DEBUG ontextLoaderDelegate Retrieved ApplicationContext [1831141281] from cache with key [[MergedContextConfiguration@207ea13 testClass = CategoryDaoJDBCImplTestIT, locations = '{classpath*:test-db.xml, classpath*:test-jdbc-conf.xml}', classes = '{}', contextInitializerClasses = '[]', activeProfiles = '{}', propertySourceLocations = '{}', propertySourceProperties = '{}', contextCustomizers = set[[empty]], contextLoader = 'org.springframework.test.context.support.DelegatingSmartContextLoader', parent = [null]]]
15:20:52 DEBUG DefaultContextCache  Spring test ApplicationContext cache statistics: [DefaultContextCache@d56aaa6 size = 1, maxSize = 32, parentContextCount = 0, hitCount = 1, missCount = 1]
15:20:52 DEBUG ontextLoaderDelegate Retrieved ApplicationContext [1831141281] from cache with key [[MergedContextConfiguration@207ea13 testClass = CategoryDaoJDBCImplTestIT, locations = '{classpath*:test-db.xml, classpath*:test-jdbc-conf.xml}', classes = '{}', contextInitializerClasses = '[]', activeProfiles = '{}', propertySourceLocations = '{}', propertySourceProperties = '{}', contextCustomizers = set[[empty]], contextLoader = 'org.springframework.test.context.support.DelegatingSmartContextLoader', parent = [null]]]
15:20:52 DEBUG DefaultContextCache  Spring test ApplicationContext cache statistics: [DefaultContextCache@d56aaa6 size = 1, maxSize = 32, parentContextCount = 0, hitCount = 2, missCount = 1]
15:20:52 DEBUG estExecutionListener Before test method: context [DefaultTestContext@45cff11c testClass = CategoryDaoJDBCImplTestIT, testInstance = com.epam.brest.dao.CategoryDaoJDBCImplTestIT@7a5b769b, testMethod = testFindAll@CategoryDaoJDBCImplTestIT, testException = [null], mergedContextConfiguration = [MergedContextConfiguration@207ea13 testClass = CategoryDaoJDBCImplTestIT, locations = '{classpath*:test-db.xml, classpath*:test-jdbc-conf.xml}', classes = '{}', contextInitializerClasses = '[]', activeProfiles = '{}', propertySourceLocations = '{}', propertySourceProperties = '{}', contextCustomizers = set[[empty]], contextLoader = 'org.springframework.test.context.support.DelegatingSmartContextLoader', parent = [null]], attributes = map['org.springframework.test.context.event.ApplicationEventsTestExecutionListener.recordApplicationEvents' -> false]], class annotated with @DirtiesContext [false] with mode [null], method annotated with @DirtiesContext [false] with mode [null].
15:20:52 DEBUG estExecutionListener Explicit transaction definition [PROPAGATION_REQUIRED,ISOLATION_DEFAULT] found for test context [DefaultTestContext@45cff11c testClass = CategoryDaoJDBCImplTestIT, testInstance = com.epam.brest.dao.CategoryDaoJDBCImplTestIT@7a5b769b, testMethod = testFindAll@CategoryDaoJDBCImplTestIT, testException = [null], mergedContextConfiguration = [MergedContextConfiguration@207ea13 testClass = CategoryDaoJDBCImplTestIT, locations = '{classpath*:test-db.xml, classpath*:test-jdbc-conf.xml}', classes = '{}', contextInitializerClasses = '[]', activeProfiles = '{}', propertySourceLocations = '{}', propertySourceProperties = '{}', contextCustomizers = set[[empty]], contextLoader = 'org.springframework.test.context.support.DelegatingSmartContextLoader', parent = [null]], attributes = map['org.springframework.test.context.event.ApplicationEventsTestExecutionListener.recordApplicationEvents' -> false]]
15:20:52 DEBUG ontextLoaderDelegate Retrieved ApplicationContext [1831141281] from cache with key [[MergedContextConfiguration@207ea13 testClass = CategoryDaoJDBCImplTestIT, locations = '{classpath*:test-db.xml, classpath*:test-jdbc-conf.xml}', classes = '{}', contextInitializerClasses = '[]', activeProfiles = '{}', propertySourceLocations = '{}', propertySourceProperties = '{}', contextCustomizers = set[[empty]], contextLoader = 'org.springframework.test.context.support.DelegatingSmartContextLoader', parent = [null]]]
15:20:52 DEBUG DefaultContextCache  Spring test ApplicationContext cache statistics: [DefaultContextCache@d56aaa6 size = 1, maxSize = 32, parentContextCount = 0, hitCount = 3, missCount = 1]
15:20:52 DEBUG estExecutionListener Retrieved default @Rollback(true) for test class [com.epam.brest.dao.CategoryDaoJDBCImplTestIT].
15:20:52 DEBUG estExecutionListener No method-level @Rollback override: using default rollback [true] for test context [DefaultTestContext@45cff11c testClass = CategoryDaoJDBCImplTestIT, testInstance = com.epam.brest.dao.CategoryDaoJDBCImplTestIT@7a5b769b, testMethod = testFindAll@CategoryDaoJDBCImplTestIT, testException = [null], mergedContextConfiguration = [MergedContextConfiguration@207ea13 testClass = CategoryDaoJDBCImplTestIT, locations = '{classpath*:test-db.xml, classpath*:test-jdbc-conf.xml}', classes = '{}', contextInitializerClasses = '[]', activeProfiles = '{}', propertySourceLocations = '{}', propertySourceProperties = '{}', contextCustomizers = set[[empty]], contextLoader = 'org.springframework.test.context.support.DelegatingSmartContextLoader', parent = [null]], attributes = map['org.springframework.test.context.event.ApplicationEventsTestExecutionListener.recordApplicationEvents' -> false]].
15:20:52 DEBUG rmTransactionManager Creating new transaction with name [com.epam.brest.dao.CategoryDaoJDBCImplTestIT.testFindAll]: PROPAGATION_REQUIRED,ISOLATION_DEFAULT
15:20:52 DEBUG verManagerDataSource Creating new JDBC DriverManager Connection to [jdbc:h2:mem:test-db;MODE=MySQL;DB_CLOSE_DELAY=-1]
15:20:52 DEBUG ceTransactionManager Acquired Connection [conn1: url=jdbc:h2:mem:test-db user=SA] for JDBC transaction
15:20:52 DEBUG ceTransactionManager Switching JDBC Connection [conn1: url=jdbc:h2:mem:test-db user=SA] to manual commit
15:20:52 INFO  TransactionContext   Began transaction (1) for test context [DefaultTestContext@45cff11c testClass = CategoryDaoJDBCImplTestIT, testInstance = com.epam.brest.dao.CategoryDaoJDBCImplTestIT@7a5b769b, testMethod = testFindAll@CategoryDaoJDBCImplTestIT, testException = [null], mergedContextConfiguration = [MergedContextConfiguration@207ea13 testClass = CategoryDaoJDBCImplTestIT, locations = '{classpath*:test-db.xml, classpath*:test-jdbc-conf.xml}', classes = '{}', contextInitializerClasses = '[]', activeProfiles = '{}', propertySourceLocations = '{}', propertySourceProperties = '{}', contextCustomizers = set[[empty]], contextLoader = 'org.springframework.test.context.support.DelegatingSmartContextLoader', parent = [null]], attributes = map['org.springframework.test.context.event.ApplicationEventsTestExecutionListener.recordApplicationEvents' -> false]]; transaction manager [org.springframework.jdbc.datasource.DataSourceTransactionManager@7495699f]; rollback [true]
15:20:52 DEBUG ontextLoaderDelegate Retrieved ApplicationContext [1831141281] from cache with key [[MergedContextConfiguration@207ea13 testClass = CategoryDaoJDBCImplTestIT, locations = '{classpath*:test-db.xml, classpath*:test-jdbc-conf.xml}', classes = '{}', contextInitializerClasses = '[]', activeProfiles = '{}', propertySourceLocations = '{}', propertySourceProperties = '{}', contextCustomizers = set[[empty]], contextLoader = 'org.springframework.test.context.support.DelegatingSmartContextLoader', parent = [null]]]
15:20:52 DEBUG DefaultContextCache  Spring test ApplicationContext cache statistics: [DefaultContextCache@d56aaa6 size = 1, maxSize = 32, parentContextCount = 0, hitCount = 4, missCount = 1]
15:20:52 DEBUG ontextLoaderDelegate Retrieved ApplicationContext [1831141281] from cache with key [[MergedContextConfiguration@207ea13 testClass = CategoryDaoJDBCImplTestIT, locations = '{classpath*:test-db.xml, classpath*:test-jdbc-conf.xml}', classes = '{}', contextInitializerClasses = '[]', activeProfiles = '{}', propertySourceLocations = '{}', propertySourceProperties = '{}', contextCustomizers = set[[empty]], contextLoader = 'org.springframework.test.context.support.DelegatingSmartContextLoader', parent = [null]]]
15:20:52 DEBUG DefaultContextCache  Spring test ApplicationContext cache statistics: [DefaultContextCache@d56aaa6 size = 1, maxSize = 32, parentContextCount = 0, hitCount = 5, missCount = 1]
15:20:52 DEBUG oryDaoJDBCImplTestIT Execute IT test: findAll()
15:20:52 DEBUG CategoryDaoJDBCImpl  Start: findAllCategories()
15:20:52 DEBUG JdbcTemplate         Executing prepared SQL query
15:20:52 DEBUG JdbcTemplate         Executing prepared SQL statement [SELECT c.category_id, c.category_name FROM category c ORDER BY c.category_id]
15:20:52 DEBUG ontextLoaderDelegate Retrieved ApplicationContext [1831141281] from cache with key [[MergedContextConfiguration@207ea13 testClass = CategoryDaoJDBCImplTestIT, locations = '{classpath*:test-db.xml, classpath*:test-jdbc-conf.xml}', classes = '{}', contextInitializerClasses = '[]', activeProfiles = '{}', propertySourceLocations = '{}', propertySourceProperties = '{}', contextCustomizers = set[[empty]], contextLoader = 'org.springframework.test.context.support.DelegatingSmartContextLoader', parent = [null]]]
15:20:52 DEBUG DefaultContextCache  Spring test ApplicationContext cache statistics: [DefaultContextCache@d56aaa6 size = 1, maxSize = 32, parentContextCount = 0, hitCount = 6, missCount = 1]
15:20:52 DEBUG ontextLoaderDelegate Retrieved ApplicationContext [1831141281] from cache with key [[MergedContextConfiguration@207ea13 testClass = CategoryDaoJDBCImplTestIT, locations = '{classpath*:test-db.xml, classpath*:test-jdbc-conf.xml}', classes = '{}', contextInitializerClasses = '[]', activeProfiles = '{}', propertySourceLocations = '{}', propertySourceProperties = '{}', contextCustomizers = set[[empty]], contextLoader = 'org.springframework.test.context.support.DelegatingSmartContextLoader', parent = [null]]]
15:20:52 DEBUG DefaultContextCache  Spring test ApplicationContext cache statistics: [DefaultContextCache@d56aaa6 size = 1, maxSize = 32, parentContextCount = 0, hitCount = 7, missCount = 1]
15:20:52 DEBUG rmTransactionManager Initiating transaction rollback
15:20:52 DEBUG ceTransactionManager Rolling back JDBC transaction on Connection [conn1: url=jdbc:h2:mem:test-db user=SA]
15:20:52 DEBUG ceTransactionManager Releasing JDBC Connection [conn1: url=jdbc:h2:mem:test-db user=SA] after transaction
15:20:52 INFO  TransactionContext   Rolled back transaction for test: [DefaultTestContext@45cff11c testClass = CategoryDaoJDBCImplTestIT, testInstance = com.epam.brest.dao.CategoryDaoJDBCImplTestIT@7a5b769b, testMethod = testFindAll@CategoryDaoJDBCImplTestIT, testException = [null], mergedContextConfiguration = [MergedContextConfiguration@207ea13 testClass = CategoryDaoJDBCImplTestIT, locations = '{classpath*:test-db.xml, classpath*:test-jdbc-conf.xml}', classes = '{}', contextInitializerClasses = '[]', activeProfiles = '{}', propertySourceLocations = '{}', propertySourceProperties = '{}', contextCustomizers = set[[empty]], contextLoader = 'org.springframework.test.context.support.DelegatingSmartContextLoader', parent = [null]], attributes = map['org.springframework.test.context.event.ApplicationEventsTestExecutionListener.recordApplicationEvents' -> false]]
15:20:52 DEBUG estExecutionListener After test method: context [DefaultTestContext@45cff11c testClass = CategoryDaoJDBCImplTestIT, testInstance = com.epam.brest.dao.CategoryDaoJDBCImplTestIT@7a5b769b, testMethod = testFindAll@CategoryDaoJDBCImplTestIT, testException = [null], mergedContextConfiguration = [MergedContextConfiguration@207ea13 testClass = CategoryDaoJDBCImplTestIT, locations = '{classpath*:test-db.xml, classpath*:test-jdbc-conf.xml}', classes = '{}', contextInitializerClasses = '[]', activeProfiles = '{}', propertySourceLocations = '{}', propertySourceProperties = '{}', contextCustomizers = set[[empty]], contextLoader = 'org.springframework.test.context.support.DelegatingSmartContextLoader', parent = [null]], attributes = map['org.springframework.test.context.event.ApplicationEventsTestExecutionListener.recordApplicationEvents' -> false]], class annotated with @DirtiesContext [false] with mode [null], method annotated with @DirtiesContext [false] with mode [null].
]]></system-out>
    <system-err><![CDATA[Warning: Nashorn engine is planned to be removed from a future JDK release
]]></system-err>
  </testcase>
  <testcase name="testCount" classname="com.epam.brest.dao.CategoryDaoJDBCImplTestIT" time="0.025">
    <system-out><![CDATA[15:20:52 DEBUG ontextLoaderDelegate Retrieved ApplicationContext [1831141281] from cache with key [[MergedContextConfiguration@207ea13 testClass = CategoryDaoJDBCImplTestIT, locations = '{classpath*:test-db.xml, classpath*:test-jdbc-conf.xml}', classes = '{}', contextInitializerClasses = '[]', activeProfiles = '{}', propertySourceLocations = '{}', propertySourceProperties = '{}', contextCustomizers = set[[empty]], contextLoader = 'org.springframework.test.context.support.DelegatingSmartContextLoader', parent = [null]]]
15:20:52 DEBUG DefaultContextCache  Spring test ApplicationContext cache statistics: [DefaultContextCache@d56aaa6 size = 1, maxSize = 32, parentContextCount = 0, hitCount = 8, missCount = 1]
15:20:52 DEBUG estExecutionListener Performing dependency injection for test context [[DefaultTestContext@45cff11c testClass = CategoryDaoJDBCImplTestIT, testInstance = com.epam.brest.dao.CategoryDaoJDBCImplTestIT@c1fa7d4, testMethod = [null], testException = [null], mergedContextConfiguration = [MergedContextConfiguration@207ea13 testClass = CategoryDaoJDBCImplTestIT, locations = '{classpath*:test-db.xml, classpath*:test-jdbc-conf.xml}', classes = '{}', contextInitializerClasses = '[]', activeProfiles = '{}', propertySourceLocations = '{}', propertySourceProperties = '{}', contextCustomizers = set[[empty]], contextLoader = 'org.springframework.test.context.support.DelegatingSmartContextLoader', parent = [null]], attributes = map['org.springframework.test.context.event.ApplicationEventsTestExecutionListener.recordApplicationEvents' -> false]]].
15:20:52 DEBUG ontextLoaderDelegate Retrieved ApplicationContext [1831141281] from cache with key [[MergedContextConfiguration@207ea13 testClass = CategoryDaoJDBCImplTestIT, locations = '{classpath*:test-db.xml, classpath*:test-jdbc-conf.xml}', classes = '{}', contextInitializerClasses = '[]', activeProfiles = '{}', propertySourceLocations = '{}', propertySourceProperties = '{}', contextCustomizers = set[[empty]], contextLoader = 'org.springframework.test.context.support.DelegatingSmartContextLoader', parent = [null]]]
15:20:52 DEBUG DefaultContextCache  Spring test ApplicationContext cache statistics: [DefaultContextCache@d56aaa6 size = 1, maxSize = 32, parentContextCount = 0, hitCount = 9, missCount = 1]
15:20:52 DEBUG ontextLoaderDelegate Retrieved ApplicationContext [1831141281] from cache with key [[MergedContextConfiguration@207ea13 testClass = CategoryDaoJDBCImplTestIT, locations = '{classpath*:test-db.xml, classpath*:test-jdbc-conf.xml}', classes = '{}', contextInitializerClasses = '[]', activeProfiles = '{}', propertySourceLocations = '{}', propertySourceProperties = '{}', contextCustomizers = set[[empty]], contextLoader = 'org.springframework.test.context.support.DelegatingSmartContextLoader', parent = [null]]]
15:20:52 DEBUG DefaultContextCache  Spring test ApplicationContext cache statistics: [DefaultContextCache@d56aaa6 size = 1, maxSize = 32, parentContextCount = 0, hitCount = 10, missCount = 1]
15:20:52 DEBUG estExecutionListener Before test method: context [DefaultTestContext@45cff11c testClass = CategoryDaoJDBCImplTestIT, testInstance = com.epam.brest.dao.CategoryDaoJDBCImplTestIT@c1fa7d4, testMethod = testCount@CategoryDaoJDBCImplTestIT, testException = [null], mergedContextConfiguration = [MergedContextConfiguration@207ea13 testClass = CategoryDaoJDBCImplTestIT, locations = '{classpath*:test-db.xml, classpath*:test-jdbc-conf.xml}', classes = '{}', contextInitializerClasses = '[]', activeProfiles = '{}', propertySourceLocations = '{}', propertySourceProperties = '{}', contextCustomizers = set[[empty]], contextLoader = 'org.springframework.test.context.support.DelegatingSmartContextLoader', parent = [null]], attributes = map['org.springframework.test.context.event.ApplicationEventsTestExecutionListener.recordApplicationEvents' -> false]], class annotated with @DirtiesContext [false] with mode [null], method annotated with @DirtiesContext [false] with mode [null].
15:20:52 DEBUG estExecutionListener Explicit transaction definition [PROPAGATION_REQUIRED,ISOLATION_DEFAULT] found for test context [DefaultTestContext@45cff11c testClass = CategoryDaoJDBCImplTestIT, testInstance = com.epam.brest.dao.CategoryDaoJDBCImplTestIT@c1fa7d4, testMethod = testCount@CategoryDaoJDBCImplTestIT, testException = [null], mergedContextConfiguration = [MergedContextConfiguration@207ea13 testClass = CategoryDaoJDBCImplTestIT, locations = '{classpath*:test-db.xml, classpath*:test-jdbc-conf.xml}', classes = '{}', contextInitializerClasses = '[]', activeProfiles = '{}', propertySourceLocations = '{}', propertySourceProperties = '{}', contextCustomizers = set[[empty]], contextLoader = 'org.springframework.test.context.support.DelegatingSmartContextLoader', parent = [null]], attributes = map['org.springframework.test.context.event.ApplicationEventsTestExecutionListener.recordApplicationEvents' -> false]]
15:20:52 DEBUG ontextLoaderDelegate Retrieved ApplicationContext [1831141281] from cache with key [[MergedContextConfiguration@207ea13 testClass = CategoryDaoJDBCImplTestIT, locations = '{classpath*:test-db.xml, classpath*:test-jdbc-conf.xml}', classes = '{}', contextInitializerClasses = '[]', activeProfiles = '{}', propertySourceLocations = '{}', propertySourceProperties = '{}', contextCustomizers = set[[empty]], contextLoader = 'org.springframework.test.context.support.DelegatingSmartContextLoader', parent = [null]]]
15:20:52 DEBUG DefaultContextCache  Spring test ApplicationContext cache statistics: [DefaultContextCache@d56aaa6 size = 1, maxSize = 32, parentContextCount = 0, hitCount = 11, missCount = 1]
15:20:52 DEBUG estExecutionListener Retrieved default @Rollback(true) for test class [com.epam.brest.dao.CategoryDaoJDBCImplTestIT].
15:20:52 DEBUG estExecutionListener No method-level @Rollback override: using default rollback [true] for test context [DefaultTestContext@45cff11c testClass = CategoryDaoJDBCImplTestIT, testInstance = com.epam.brest.dao.CategoryDaoJDBCImplTestIT@c1fa7d4, testMethod = testCount@CategoryDaoJDBCImplTestIT, testException = [null], mergedContextConfiguration = [MergedContextConfiguration@207ea13 testClass = CategoryDaoJDBCImplTestIT, locations = '{classpath*:test-db.xml, classpath*:test-jdbc-conf.xml}', classes = '{}', contextInitializerClasses = '[]', activeProfiles = '{}', propertySourceLocations = '{}', propertySourceProperties = '{}', contextCustomizers = set[[empty]], contextLoader = 'org.springframework.test.context.support.DelegatingSmartContextLoader', parent = [null]], attributes = map['org.springframework.test.context.event.ApplicationEventsTestExecutionListener.recordApplicationEvents' -> false]].
15:20:52 DEBUG rmTransactionManager Creating new transaction with name [com.epam.brest.dao.CategoryDaoJDBCImplTestIT.testCount]: PROPAGATION_REQUIRED,ISOLATION_DEFAULT
15:20:52 DEBUG verManagerDataSource Creating new JDBC DriverManager Connection to [jdbc:h2:mem:test-db;MODE=MySQL;DB_CLOSE_DELAY=-1]
15:20:52 DEBUG ceTransactionManager Acquired Connection [conn2: url=jdbc:h2:mem:test-db user=SA] for JDBC transaction
15:20:52 DEBUG ceTransactionManager Switching JDBC Connection [conn2: url=jdbc:h2:mem:test-db user=SA] to manual commit
15:20:52 INFO  TransactionContext   Began transaction (1) for test context [DefaultTestContext@45cff11c testClass = CategoryDaoJDBCImplTestIT, testInstance = com.epam.brest.dao.CategoryDaoJDBCImplTestIT@c1fa7d4, testMethod = testCount@CategoryDaoJDBCImplTestIT, testException = [null], mergedContextConfiguration = [MergedContextConfiguration@207ea13 testClass = CategoryDaoJDBCImplTestIT, locations = '{classpath*:test-db.xml, classpath*:test-jdbc-conf.xml}', classes = '{}', contextInitializerClasses = '[]', activeProfiles = '{}', propertySourceLocations = '{}', propertySourceProperties = '{}', contextCustomizers = set[[empty]], contextLoader = 'org.springframework.test.context.support.DelegatingSmartContextLoader', parent = [null]], attributes = map['org.springframework.test.context.event.ApplicationEventsTestExecutionListener.recordApplicationEvents' -> false]]; transaction manager [org.springframework.jdbc.datasource.DataSourceTransactionManager@7495699f]; rollback [true]
15:20:52 DEBUG ontextLoaderDelegate Retrieved ApplicationContext [1831141281] from cache with key [[MergedContextConfiguration@207ea13 testClass = CategoryDaoJDBCImplTestIT, locations = '{classpath*:test-db.xml, classpath*:test-jdbc-conf.xml}', classes = '{}', contextInitializerClasses = '[]', activeProfiles = '{}', propertySourceLocations = '{}', propertySourceProperties = '{}', contextCustomizers = set[[empty]], contextLoader = 'org.springframework.test.context.support.DelegatingSmartContextLoader', parent = [null]]]
15:20:52 DEBUG DefaultContextCache  Spring test ApplicationContext cache statistics: [DefaultContextCache@d56aaa6 size = 1, maxSize = 32, parentContextCount = 0, hitCount = 12, missCount = 1]
15:20:52 DEBUG ontextLoaderDelegate Retrieved ApplicationContext [1831141281] from cache with key [[MergedContextConfiguration@207ea13 testClass = CategoryDaoJDBCImplTestIT, locations = '{classpath*:test-db.xml, classpath*:test-jdbc-conf.xml}', classes = '{}', contextInitializerClasses = '[]', activeProfiles = '{}', propertySourceLocations = '{}', propertySourceProperties = '{}', contextCustomizers = set[[empty]], contextLoader = 'org.springframework.test.context.support.DelegatingSmartContextLoader', parent = [null]]]
15:20:52 DEBUG DefaultContextCache  Spring test ApplicationContext cache statistics: [DefaultContextCache@d56aaa6 size = 1, maxSize = 32, parentContextCount = 0, hitCount = 13, missCount = 1]
15:20:52 DEBUG oryDaoJDBCImplTestIT Execute IT test count()
15:20:52 DEBUG CategoryDaoJDBCImpl  count()
15:20:52 DEBUG JdbcTemplate         Executing prepared SQL query
15:20:52 DEBUG JdbcTemplate         Executing prepared SQL statement [SELECT count(*) FROM category]
15:20:52 DEBUG ontextLoaderDelegate Retrieved ApplicationContext [1831141281] from cache with key [[MergedContextConfiguration@207ea13 testClass = CategoryDaoJDBCImplTestIT, locations = '{classpath*:test-db.xml, classpath*:test-jdbc-conf.xml}', classes = '{}', contextInitializerClasses = '[]', activeProfiles = '{}', propertySourceLocations = '{}', propertySourceProperties = '{}', contextCustomizers = set[[empty]], contextLoader = 'org.springframework.test.context.support.DelegatingSmartContextLoader', parent = [null]]]
15:20:52 DEBUG DefaultContextCache  Spring test ApplicationContext cache statistics: [DefaultContextCache@d56aaa6 size = 1, maxSize = 32, parentContextCount = 0, hitCount = 14, missCount = 1]
15:20:52 DEBUG ontextLoaderDelegate Retrieved ApplicationContext [1831141281] from cache with key [[MergedContextConfiguration@207ea13 testClass = CategoryDaoJDBCImplTestIT, locations = '{classpath*:test-db.xml, classpath*:test-jdbc-conf.xml}', classes = '{}', contextInitializerClasses = '[]', activeProfiles = '{}', propertySourceLocations = '{}', propertySourceProperties = '{}', contextCustomizers = set[[empty]], contextLoader = 'org.springframework.test.context.support.DelegatingSmartContextLoader', parent = [null]]]
15:20:52 DEBUG DefaultContextCache  Spring test ApplicationContext cache statistics: [DefaultContextCache@d56aaa6 size = 1, maxSize = 32, parentContextCount = 0, hitCount = 15, missCount = 1]
15:20:52 DEBUG rmTransactionManager Initiating transaction rollback
15:20:52 DEBUG ceTransactionManager Rolling back JDBC transaction on Connection [conn2: url=jdbc:h2:mem:test-db user=SA]
15:20:52 DEBUG ceTransactionManager Releasing JDBC Connection [conn2: url=jdbc:h2:mem:test-db user=SA] after transaction
15:20:52 INFO  TransactionContext   Rolled back transaction for test: [DefaultTestContext@45cff11c testClass = CategoryDaoJDBCImplTestIT, testInstance = com.epam.brest.dao.CategoryDaoJDBCImplTestIT@c1fa7d4, testMethod = testCount@CategoryDaoJDBCImplTestIT, testException = [null], mergedContextConfiguration = [MergedContextConfiguration@207ea13 testClass = CategoryDaoJDBCImplTestIT, locations = '{classpath*:test-db.xml, classpath*:test-jdbc-conf.xml}', classes = '{}', contextInitializerClasses = '[]', activeProfiles = '{}', propertySourceLocations = '{}', propertySourceProperties = '{}', contextCustomizers = set[[empty]], contextLoader = 'org.springframework.test.context.support.DelegatingSmartContextLoader', parent = [null]], attributes = map['org.springframework.test.context.event.ApplicationEventsTestExecutionListener.recordApplicationEvents' -> false]]
15:20:52 DEBUG estExecutionListener After test method: context [DefaultTestContext@45cff11c testClass = CategoryDaoJDBCImplTestIT, testInstance = com.epam.brest.dao.CategoryDaoJDBCImplTestIT@c1fa7d4, testMethod = testCount@CategoryDaoJDBCImplTestIT, testException = [null], mergedContextConfiguration = [MergedContextConfiguration@207ea13 testClass = CategoryDaoJDBCImplTestIT, locations = '{classpath*:test-db.xml, classpath*:test-jdbc-conf.xml}', classes = '{}', contextInitializerClasses = '[]', activeProfiles = '{}', propertySourceLocations = '{}', propertySourceProperties = '{}', contextCustomizers = set[[empty]], contextLoader = 'org.springframework.test.context.support.DelegatingSmartContextLoader', parent = [null]], attributes = map['org.springframework.test.context.event.ApplicationEventsTestExecutionListener.recordApplicationEvents' -> false]], class annotated with @DirtiesContext [false] with mode [null], method annotated with @DirtiesContext [false] with mode [null].
]]></system-out>
  </testcase>
  <testcase name="testCreate" classname="com.epam.brest.dao.CategoryDaoJDBCImplTestIT" time="0.015">
    <system-out><![CDATA[15:20:52 DEBUG ontextLoaderDelegate Retrieved ApplicationContext [1831141281] from cache with key [[MergedContextConfiguration@207ea13 testClass = CategoryDaoJDBCImplTestIT, locations = '{classpath*:test-db.xml, classpath*:test-jdbc-conf.xml}', classes = '{}', contextInitializerClasses = '[]', activeProfiles = '{}', propertySourceLocations = '{}', propertySourceProperties = '{}', contextCustomizers = set[[empty]], contextLoader = 'org.springframework.test.context.support.DelegatingSmartContextLoader', parent = [null]]]
15:20:52 DEBUG DefaultContextCache  Spring test ApplicationContext cache statistics: [DefaultContextCache@d56aaa6 size = 1, maxSize = 32, parentContextCount = 0, hitCount = 16, missCount = 1]
15:20:52 DEBUG estExecutionListener Performing dependency injection for test context [[DefaultTestContext@45cff11c testClass = CategoryDaoJDBCImplTestIT, testInstance = com.epam.brest.dao.CategoryDaoJDBCImplTestIT@f3021cb, testMethod = [null], testException = [null], mergedContextConfiguration = [MergedContextConfiguration@207ea13 testClass = CategoryDaoJDBCImplTestIT, locations = '{classpath*:test-db.xml, classpath*:test-jdbc-conf.xml}', classes = '{}', contextInitializerClasses = '[]', activeProfiles = '{}', propertySourceLocations = '{}', propertySourceProperties = '{}', contextCustomizers = set[[empty]], contextLoader = 'org.springframework.test.context.support.DelegatingSmartContextLoader', parent = [null]], attributes = map['org.springframework.test.context.event.ApplicationEventsTestExecutionListener.recordApplicationEvents' -> false]]].
15:20:52 DEBUG ontextLoaderDelegate Retrieved ApplicationContext [1831141281] from cache with key [[MergedContextConfiguration@207ea13 testClass = CategoryDaoJDBCImplTestIT, locations = '{classpath*:test-db.xml, classpath*:test-jdbc-conf.xml}', classes = '{}', contextInitializerClasses = '[]', activeProfiles = '{}', propertySourceLocations = '{}', propertySourceProperties = '{}', contextCustomizers = set[[empty]], contextLoader = 'org.springframework.test.context.support.DelegatingSmartContextLoader', parent = [null]]]
15:20:52 DEBUG DefaultContextCache  Spring test ApplicationContext cache statistics: [DefaultContextCache@d56aaa6 size = 1, maxSize = 32, parentContextCount = 0, hitCount = 17, missCount = 1]
15:20:52 DEBUG ontextLoaderDelegate Retrieved ApplicationContext [1831141281] from cache with key [[MergedContextConfiguration@207ea13 testClass = CategoryDaoJDBCImplTestIT, locations = '{classpath*:test-db.xml, classpath*:test-jdbc-conf.xml}', classes = '{}', contextInitializerClasses = '[]', activeProfiles = '{}', propertySourceLocations = '{}', propertySourceProperties = '{}', contextCustomizers = set[[empty]], contextLoader = 'org.springframework.test.context.support.DelegatingSmartContextLoader', parent = [null]]]
15:20:52 DEBUG DefaultContextCache  Spring test ApplicationContext cache statistics: [DefaultContextCache@d56aaa6 size = 1, maxSize = 32, parentContextCount = 0, hitCount = 18, missCount = 1]
15:20:52 DEBUG estExecutionListener Before test method: context [DefaultTestContext@45cff11c testClass = CategoryDaoJDBCImplTestIT, testInstance = com.epam.brest.dao.CategoryDaoJDBCImplTestIT@f3021cb, testMethod = testCreate@CategoryDaoJDBCImplTestIT, testException = [null], mergedContextConfiguration = [MergedContextConfiguration@207ea13 testClass = CategoryDaoJDBCImplTestIT, locations = '{classpath*:test-db.xml, classpath*:test-jdbc-conf.xml}', classes = '{}', contextInitializerClasses = '[]', activeProfiles = '{}', propertySourceLocations = '{}', propertySourceProperties = '{}', contextCustomizers = set[[empty]], contextLoader = 'org.springframework.test.context.support.DelegatingSmartContextLoader', parent = [null]], attributes = map['org.springframework.test.context.event.ApplicationEventsTestExecutionListener.recordApplicationEvents' -> false]], class annotated with @DirtiesContext [false] with mode [null], method annotated with @DirtiesContext [false] with mode [null].
15:20:52 DEBUG estExecutionListener Explicit transaction definition [PROPAGATION_REQUIRED,ISOLATION_DEFAULT] found for test context [DefaultTestContext@45cff11c testClass = CategoryDaoJDBCImplTestIT, testInstance = com.epam.brest.dao.CategoryDaoJDBCImplTestIT@f3021cb, testMethod = testCreate@CategoryDaoJDBCImplTestIT, testException = [null], mergedContextConfiguration = [MergedContextConfiguration@207ea13 testClass = CategoryDaoJDBCImplTestIT, locations = '{classpath*:test-db.xml, classpath*:test-jdbc-conf.xml}', classes = '{}', contextInitializerClasses = '[]', activeProfiles = '{}', propertySourceLocations = '{}', propertySourceProperties = '{}', contextCustomizers = set[[empty]], contextLoader = 'org.springframework.test.context.support.DelegatingSmartContextLoader', parent = [null]], attributes = map['org.springframework.test.context.event.ApplicationEventsTestExecutionListener.recordApplicationEvents' -> false]]
15:20:52 DEBUG ontextLoaderDelegate Retrieved ApplicationContext [1831141281] from cache with key [[MergedContextConfiguration@207ea13 testClass = CategoryDaoJDBCImplTestIT, locations = '{classpath*:test-db.xml, classpath*:test-jdbc-conf.xml}', classes = '{}', contextInitializerClasses = '[]', activeProfiles = '{}', propertySourceLocations = '{}', propertySourceProperties = '{}', contextCustomizers = set[[empty]], contextLoader = 'org.springframework.test.context.support.DelegatingSmartContextLoader', parent = [null]]]
15:20:52 DEBUG DefaultContextCache  Spring test ApplicationContext cache statistics: [DefaultContextCache@d56aaa6 size = 1, maxSize = 32, parentContextCount = 0, hitCount = 19, missCount = 1]
15:20:52 DEBUG estExecutionListener Retrieved default @Rollback(true) for test class [com.epam.brest.dao.CategoryDaoJDBCImplTestIT].
15:20:52 DEBUG estExecutionListener No method-level @Rollback override: using default rollback [true] for test context [DefaultTestContext@45cff11c testClass = CategoryDaoJDBCImplTestIT, testInstance = com.epam.brest.dao.CategoryDaoJDBCImplTestIT@f3021cb, testMethod = testCreate@CategoryDaoJDBCImplTestIT, testException = [null], mergedContextConfiguration = [MergedContextConfiguration@207ea13 testClass = CategoryDaoJDBCImplTestIT, locations = '{classpath*:test-db.xml, classpath*:test-jdbc-conf.xml}', classes = '{}', contextInitializerClasses = '[]', activeProfiles = '{}', propertySourceLocations = '{}', propertySourceProperties = '{}', contextCustomizers = set[[empty]], contextLoader = 'org.springframework.test.context.support.DelegatingSmartContextLoader', parent = [null]], attributes = map['org.springframework.test.context.event.ApplicationEventsTestExecutionListener.recordApplicationEvents' -> false]].
15:20:52 DEBUG rmTransactionManager Creating new transaction with name [com.epam.brest.dao.CategoryDaoJDBCImplTestIT.testCreate]: PROPAGATION_REQUIRED,ISOLATION_DEFAULT
15:20:52 DEBUG verManagerDataSource Creating new JDBC DriverManager Connection to [jdbc:h2:mem:test-db;MODE=MySQL;DB_CLOSE_DELAY=-1]
15:20:52 DEBUG ceTransactionManager Acquired Connection [conn3: url=jdbc:h2:mem:test-db user=SA] for JDBC transaction
15:20:52 DEBUG ceTransactionManager Switching JDBC Connection [conn3: url=jdbc:h2:mem:test-db user=SA] to manual commit
15:20:52 INFO  TransactionContext   Began transaction (1) for test context [DefaultTestContext@45cff11c testClass = CategoryDaoJDBCImplTestIT, testInstance = com.epam.brest.dao.CategoryDaoJDBCImplTestIT@f3021cb, testMethod = testCreate@CategoryDaoJDBCImplTestIT, testException = [null], mergedContextConfiguration = [MergedContextConfiguration@207ea13 testClass = CategoryDaoJDBCImplTestIT, locations = '{classpath*:test-db.xml, classpath*:test-jdbc-conf.xml}', classes = '{}', contextInitializerClasses = '[]', activeProfiles = '{}', propertySourceLocations = '{}', propertySourceProperties = '{}', contextCustomizers = set[[empty]], contextLoader = 'org.springframework.test.context.support.DelegatingSmartContextLoader', parent = [null]], attributes = map['org.springframework.test.context.event.ApplicationEventsTestExecutionListener.recordApplicationEvents' -> false]]; transaction manager [org.springframework.jdbc.datasource.DataSourceTransactionManager@7495699f]; rollback [true]
15:20:52 DEBUG ontextLoaderDelegate Retrieved ApplicationContext [1831141281] from cache with key [[MergedContextConfiguration@207ea13 testClass = CategoryDaoJDBCImplTestIT, locations = '{classpath*:test-db.xml, classpath*:test-jdbc-conf.xml}', classes = '{}', contextInitializerClasses = '[]', activeProfiles = '{}', propertySourceLocations = '{}', propertySourceProperties = '{}', contextCustomizers = set[[empty]], contextLoader = 'org.springframework.test.context.support.DelegatingSmartContextLoader', parent = [null]]]
15:20:52 DEBUG DefaultContextCache  Spring test ApplicationContext cache statistics: [DefaultContextCache@d56aaa6 size = 1, maxSize = 32, parentContextCount = 0, hitCount = 20, missCount = 1]
15:20:52 DEBUG ontextLoaderDelegate Retrieved ApplicationContext [1831141281] from cache with key [[MergedContextConfiguration@207ea13 testClass = CategoryDaoJDBCImplTestIT, locations = '{classpath*:test-db.xml, classpath*:test-jdbc-conf.xml}', classes = '{}', contextInitializerClasses = '[]', activeProfiles = '{}', propertySourceLocations = '{}', propertySourceProperties = '{}', contextCustomizers = set[[empty]], contextLoader = 'org.springframework.test.context.support.DelegatingSmartContextLoader', parent = [null]]]
15:20:52 DEBUG DefaultContextCache  Spring test ApplicationContext cache statistics: [DefaultContextCache@d56aaa6 size = 1, maxSize = 32, parentContextCount = 0, hitCount = 21, missCount = 1]
15:20:52 DEBUG oryDaoJDBCImplTestIT Execute IT test create()
15:20:52 DEBUG CategoryDaoJDBCImpl  count()
15:20:52 DEBUG JdbcTemplate         Executing prepared SQL query
15:20:52 DEBUG JdbcTemplate         Executing prepared SQL statement [SELECT count(*) FROM category]
15:20:52 DEBUG CategoryDaoJDBCImpl  Start: create(com.epam.brest.model.Category@6869a3b3)
15:20:52 DEBUG CategoryDaoJDBCImpl  Check categoryName : Tickets on unique
15:20:52 DEBUG JdbcTemplate         Executing prepared SQL query
15:20:52 DEBUG JdbcTemplate         Executing prepared SQL statement [SELECT count(c.category_name) FROM category c WHERE lower(c.category_name) = lower(?)]
15:20:52 DEBUG JdbcTemplate         Executing SQL update and returning generated keys
15:20:52 DEBUG JdbcTemplate         Executing prepared SQL statement [INSERT INTO category(category_name) VALUES (?)]
15:20:52 DEBUG CategoryDaoJDBCImpl  count()
15:20:52 DEBUG JdbcTemplate         Executing prepared SQL query
15:20:52 DEBUG JdbcTemplate         Executing prepared SQL statement [SELECT count(*) FROM category]
15:20:52 DEBUG ontextLoaderDelegate Retrieved ApplicationContext [1831141281] from cache with key [[MergedContextConfiguration@207ea13 testClass = CategoryDaoJDBCImplTestIT, locations = '{classpath*:test-db.xml, classpath*:test-jdbc-conf.xml}', classes = '{}', contextInitializerClasses = '[]', activeProfiles = '{}', propertySourceLocations = '{}', propertySourceProperties = '{}', contextCustomizers = set[[empty]], contextLoader = 'org.springframework.test.context.support.DelegatingSmartContextLoader', parent = [null]]]
15:20:52 DEBUG DefaultContextCache  Spring test ApplicationContext cache statistics: [DefaultContextCache@d56aaa6 size = 1, maxSize = 32, parentContextCount = 0, hitCount = 22, missCount = 1]
15:20:52 DEBUG ontextLoaderDelegate Retrieved ApplicationContext [1831141281] from cache with key [[MergedContextConfiguration@207ea13 testClass = CategoryDaoJDBCImplTestIT, locations = '{classpath*:test-db.xml, classpath*:test-jdbc-conf.xml}', classes = '{}', contextInitializerClasses = '[]', activeProfiles = '{}', propertySourceLocations = '{}', propertySourceProperties = '{}', contextCustomizers = set[[empty]], contextLoader = 'org.springframework.test.context.support.DelegatingSmartContextLoader', parent = [null]]]
15:20:52 DEBUG DefaultContextCache  Spring test ApplicationContext cache statistics: [DefaultContextCache@d56aaa6 size = 1, maxSize = 32, parentContextCount = 0, hitCount = 23, missCount = 1]
15:20:52 DEBUG rmTransactionManager Initiating transaction rollback
15:20:52 DEBUG ceTransactionManager Rolling back JDBC transaction on Connection [conn3: url=jdbc:h2:mem:test-db user=SA]
15:20:52 DEBUG ceTransactionManager Releasing JDBC Connection [conn3: url=jdbc:h2:mem:test-db user=SA] after transaction
15:20:52 INFO  TransactionContext   Rolled back transaction for test: [DefaultTestContext@45cff11c testClass = CategoryDaoJDBCImplTestIT, testInstance = com.epam.brest.dao.CategoryDaoJDBCImplTestIT@f3021cb, testMethod = testCreate@CategoryDaoJDBCImplTestIT, testException = [null], mergedContextConfiguration = [MergedContextConfiguration@207ea13 testClass = CategoryDaoJDBCImplTestIT, locations = '{classpath*:test-db.xml, classpath*:test-jdbc-conf.xml}', classes = '{}', contextInitializerClasses = '[]', activeProfiles = '{}', propertySourceLocations = '{}', propertySourceProperties = '{}', contextCustomizers = set[[empty]], contextLoader = 'org.springframework.test.context.support.DelegatingSmartContextLoader', parent = [null]], attributes = map['org.springframework.test.context.event.ApplicationEventsTestExecutionListener.recordApplicationEvents' -> false]]
15:20:52 DEBUG estExecutionListener After test method: context [DefaultTestContext@45cff11c testClass = CategoryDaoJDBCImplTestIT, testInstance = com.epam.brest.dao.CategoryDaoJDBCImplTestIT@f3021cb, testMethod = testCreate@CategoryDaoJDBCImplTestIT, testException = [null], mergedContextConfiguration = [MergedContextConfiguration@207ea13 testClass = CategoryDaoJDBCImplTestIT, locations = '{classpath*:test-db.xml, classpath*:test-jdbc-conf.xml}', classes = '{}', contextInitializerClasses = '[]', activeProfiles = '{}', propertySourceLocations = '{}', propertySourceProperties = '{}', contextCustomizers = set[[empty]], contextLoader = 'org.springframework.test.context.support.DelegatingSmartContextLoader', parent = [null]], attributes = map['org.springframework.test.context.event.ApplicationEventsTestExecutionListener.recordApplicationEvents' -> false]], class annotated with @DirtiesContext [false] with mode [null], method annotated with @DirtiesContext [false] with mode [null].
]]></system-out>
  </testcase>
  <testcase name="testDelete" classname="com.epam.brest.dao.CategoryDaoJDBCImplTestIT" time="0.014">
    <system-out><![CDATA[15:20:52 DEBUG ontextLoaderDelegate Retrieved ApplicationContext [1831141281] from cache with key [[MergedContextConfiguration@207ea13 testClass = CategoryDaoJDBCImplTestIT, locations = '{classpath*:test-db.xml, classpath*:test-jdbc-conf.xml}', classes = '{}', contextInitializerClasses = '[]', activeProfiles = '{}', propertySourceLocations = '{}', propertySourceProperties = '{}', contextCustomizers = set[[empty]], contextLoader = 'org.springframework.test.context.support.DelegatingSmartContextLoader', parent = [null]]]
15:20:52 DEBUG DefaultContextCache  Spring test ApplicationContext cache statistics: [DefaultContextCache@d56aaa6 size = 1, maxSize = 32, parentContextCount = 0, hitCount = 24, missCount = 1]
15:20:52 DEBUG estExecutionListener Performing dependency injection for test context [[DefaultTestContext@45cff11c testClass = CategoryDaoJDBCImplTestIT, testInstance = com.epam.brest.dao.CategoryDaoJDBCImplTestIT@240f6c41, testMethod = [null], testException = [null], mergedContextConfiguration = [MergedContextConfiguration@207ea13 testClass = CategoryDaoJDBCImplTestIT, locations = '{classpath*:test-db.xml, classpath*:test-jdbc-conf.xml}', classes = '{}', contextInitializerClasses = '[]', activeProfiles = '{}', propertySourceLocations = '{}', propertySourceProperties = '{}', contextCustomizers = set[[empty]], contextLoader = 'org.springframework.test.context.support.DelegatingSmartContextLoader', parent = [null]], attributes = map['org.springframework.test.context.event.ApplicationEventsTestExecutionListener.recordApplicationEvents' -> false]]].
15:20:52 DEBUG ontextLoaderDelegate Retrieved ApplicationContext [1831141281] from cache with key [[MergedContextConfiguration@207ea13 testClass = CategoryDaoJDBCImplTestIT, locations = '{classpath*:test-db.xml, classpath*:test-jdbc-conf.xml}', classes = '{}', contextInitializerClasses = '[]', activeProfiles = '{}', propertySourceLocations = '{}', propertySourceProperties = '{}', contextCustomizers = set[[empty]], contextLoader = 'org.springframework.test.context.support.DelegatingSmartContextLoader', parent = [null]]]
15:20:52 DEBUG DefaultContextCache  Spring test ApplicationContext cache statistics: [DefaultContextCache@d56aaa6 size = 1, maxSize = 32, parentContextCount = 0, hitCount = 25, missCount = 1]
15:20:52 DEBUG ontextLoaderDelegate Retrieved ApplicationContext [1831141281] from cache with key [[MergedContextConfiguration@207ea13 testClass = CategoryDaoJDBCImplTestIT, locations = '{classpath*:test-db.xml, classpath*:test-jdbc-conf.xml}', classes = '{}', contextInitializerClasses = '[]', activeProfiles = '{}', propertySourceLocations = '{}', propertySourceProperties = '{}', contextCustomizers = set[[empty]], contextLoader = 'org.springframework.test.context.support.DelegatingSmartContextLoader', parent = [null]]]
15:20:52 DEBUG DefaultContextCache  Spring test ApplicationContext cache statistics: [DefaultContextCache@d56aaa6 size = 1, maxSize = 32, parentContextCount = 0, hitCount = 26, missCount = 1]
15:20:52 DEBUG estExecutionListener Before test method: context [DefaultTestContext@45cff11c testClass = CategoryDaoJDBCImplTestIT, testInstance = com.epam.brest.dao.CategoryDaoJDBCImplTestIT@240f6c41, testMethod = testDelete@CategoryDaoJDBCImplTestIT, testException = [null], mergedContextConfiguration = [MergedContextConfiguration@207ea13 testClass = CategoryDaoJDBCImplTestIT, locations = '{classpath*:test-db.xml, classpath*:test-jdbc-conf.xml}', classes = '{}', contextInitializerClasses = '[]', activeProfiles = '{}', propertySourceLocations = '{}', propertySourceProperties = '{}', contextCustomizers = set[[empty]], contextLoader = 'org.springframework.test.context.support.DelegatingSmartContextLoader', parent = [null]], attributes = map['org.springframework.test.context.event.ApplicationEventsTestExecutionListener.recordApplicationEvents' -> false]], class annotated with @DirtiesContext [false] with mode [null], method annotated with @DirtiesContext [false] with mode [null].
15:20:52 DEBUG estExecutionListener Explicit transaction definition [PROPAGATION_REQUIRED,ISOLATION_DEFAULT] found for test context [DefaultTestContext@45cff11c testClass = CategoryDaoJDBCImplTestIT, testInstance = com.epam.brest.dao.CategoryDaoJDBCImplTestIT@240f6c41, testMethod = testDelete@CategoryDaoJDBCImplTestIT, testException = [null], mergedContextConfiguration = [MergedContextConfiguration@207ea13 testClass = CategoryDaoJDBCImplTestIT, locations = '{classpath*:test-db.xml, classpath*:test-jdbc-conf.xml}', classes = '{}', contextInitializerClasses = '[]', activeProfiles = '{}', propertySourceLocations = '{}', propertySourceProperties = '{}', contextCustomizers = set[[empty]], contextLoader = 'org.springframework.test.context.support.DelegatingSmartContextLoader', parent = [null]], attributes = map['org.springframework.test.context.event.ApplicationEventsTestExecutionListener.recordApplicationEvents' -> false]]
15:20:52 DEBUG ontextLoaderDelegate Retrieved ApplicationContext [1831141281] from cache with key [[MergedContextConfiguration@207ea13 testClass = CategoryDaoJDBCImplTestIT, locations = '{classpath*:test-db.xml, classpath*:test-jdbc-conf.xml}', classes = '{}', contextInitializerClasses = '[]', activeProfiles = '{}', propertySourceLocations = '{}', propertySourceProperties = '{}', contextCustomizers = set[[empty]], contextLoader = 'org.springframework.test.context.support.DelegatingSmartContextLoader', parent = [null]]]
15:20:52 DEBUG DefaultContextCache  Spring test ApplicationContext cache statistics: [DefaultContextCache@d56aaa6 size = 1, maxSize = 32, parentContextCount = 0, hitCount = 27, missCount = 1]
15:20:52 DEBUG estExecutionListener Retrieved default @Rollback(true) for test class [com.epam.brest.dao.CategoryDaoJDBCImplTestIT].
15:20:52 DEBUG estExecutionListener No method-level @Rollback override: using default rollback [true] for test context [DefaultTestContext@45cff11c testClass = CategoryDaoJDBCImplTestIT, testInstance = com.epam.brest.dao.CategoryDaoJDBCImplTestIT@240f6c41, testMethod = testDelete@CategoryDaoJDBCImplTestIT, testException = [null], mergedContextConfiguration = [MergedContextConfiguration@207ea13 testClass = CategoryDaoJDBCImplTestIT, locations = '{classpath*:test-db.xml, classpath*:test-jdbc-conf.xml}', classes = '{}', contextInitializerClasses = '[]', activeProfiles = '{}', propertySourceLocations = '{}', propertySourceProperties = '{}', contextCustomizers = set[[empty]], contextLoader = 'org.springframework.test.context.support.DelegatingSmartContextLoader', parent = [null]], attributes = map['org.springframework.test.context.event.ApplicationEventsTestExecutionListener.recordApplicationEvents' -> false]].
15:20:52 DEBUG rmTransactionManager Creating new transaction with name [com.epam.brest.dao.CategoryDaoJDBCImplTestIT.testDelete]: PROPAGATION_REQUIRED,ISOLATION_DEFAULT
15:20:52 DEBUG verManagerDataSource Creating new JDBC DriverManager Connection to [jdbc:h2:mem:test-db;MODE=MySQL;DB_CLOSE_DELAY=-1]
15:20:52 DEBUG ceTransactionManager Acquired Connection [conn4: url=jdbc:h2:mem:test-db user=SA] for JDBC transaction
15:20:52 DEBUG ceTransactionManager Switching JDBC Connection [conn4: url=jdbc:h2:mem:test-db user=SA] to manual commit
15:20:52 INFO  TransactionContext   Began transaction (1) for test context [DefaultTestContext@45cff11c testClass = CategoryDaoJDBCImplTestIT, testInstance = com.epam.brest.dao.CategoryDaoJDBCImplTestIT@240f6c41, testMethod = testDelete@CategoryDaoJDBCImplTestIT, testException = [null], mergedContextConfiguration = [MergedContextConfiguration@207ea13 testClass = CategoryDaoJDBCImplTestIT, locations = '{classpath*:test-db.xml, classpath*:test-jdbc-conf.xml}', classes = '{}', contextInitializerClasses = '[]', activeProfiles = '{}', propertySourceLocations = '{}', propertySourceProperties = '{}', contextCustomizers = set[[empty]], contextLoader = 'org.springframework.test.context.support.DelegatingSmartContextLoader', parent = [null]], attributes = map['org.springframework.test.context.event.ApplicationEventsTestExecutionListener.recordApplicationEvents' -> false]]; transaction manager [org.springframework.jdbc.datasource.DataSourceTransactionManager@7495699f]; rollback [true]
15:20:52 DEBUG ontextLoaderDelegate Retrieved ApplicationContext [1831141281] from cache with key [[MergedContextConfiguration@207ea13 testClass = CategoryDaoJDBCImplTestIT, locations = '{classpath*:test-db.xml, classpath*:test-jdbc-conf.xml}', classes = '{}', contextInitializerClasses = '[]', activeProfiles = '{}', propertySourceLocations = '{}', propertySourceProperties = '{}', contextCustomizers = set[[empty]], contextLoader = 'org.springframework.test.context.support.DelegatingSmartContextLoader', parent = [null]]]
15:20:52 DEBUG DefaultContextCache  Spring test ApplicationContext cache statistics: [DefaultContextCache@d56aaa6 size = 1, maxSize = 32, parentContextCount = 0, hitCount = 28, missCount = 1]
15:20:52 DEBUG ontextLoaderDelegate Retrieved ApplicationContext [1831141281] from cache with key [[MergedContextConfiguration@207ea13 testClass = CategoryDaoJDBCImplTestIT, locations = '{classpath*:test-db.xml, classpath*:test-jdbc-conf.xml}', classes = '{}', contextInitializerClasses = '[]', activeProfiles = '{}', propertySourceLocations = '{}', propertySourceProperties = '{}', contextCustomizers = set[[empty]], contextLoader = 'org.springframework.test.context.support.DelegatingSmartContextLoader', parent = [null]]]
15:20:52 DEBUG DefaultContextCache  Spring test ApplicationContext cache statistics: [DefaultContextCache@d56aaa6 size = 1, maxSize = 32, parentContextCount = 0, hitCount = 29, missCount = 1]
15:20:52 DEBUG oryDaoJDBCImplTestIT Execute IT test delete()
15:20:52 DEBUG CategoryDaoJDBCImpl  Start: create(com.epam.brest.model.Category@2015b2cd)
15:20:52 DEBUG CategoryDaoJDBCImpl  Check categoryName : Test Category on unique
15:20:52 DEBUG JdbcTemplate         Executing prepared SQL query
15:20:52 DEBUG JdbcTemplate         Executing prepared SQL statement [SELECT count(c.category_name) FROM category c WHERE lower(c.category_name) = lower(?)]
15:20:52 DEBUG JdbcTemplate         Executing SQL update and returning generated keys
15:20:52 DEBUG JdbcTemplate         Executing prepared SQL statement [INSERT INTO category(category_name) VALUES (?)]
15:20:52 DEBUG CategoryDaoJDBCImpl  Start: findAllCategories()
15:20:52 DEBUG JdbcTemplate         Executing prepared SQL query
15:20:52 DEBUG JdbcTemplate         Executing prepared SQL statement [SELECT c.category_id, c.category_name FROM category c ORDER BY c.category_id]
15:20:52 DEBUG CategoryDaoJDBCImpl  Delete category on id 8
15:20:52 DEBUG JdbcTemplate         Executing prepared SQL update
15:20:52 DEBUG JdbcTemplate         Executing prepared SQL statement [DELETE FROM category WHERE category_id = ?]
15:20:52 DEBUG CategoryDaoJDBCImpl  Start: findAllCategories()
15:20:52 DEBUG JdbcTemplate         Executing prepared SQL query
15:20:52 DEBUG JdbcTemplate         Executing prepared SQL statement [SELECT c.category_id, c.category_name FROM category c ORDER BY c.category_id]
15:20:52 DEBUG ontextLoaderDelegate Retrieved ApplicationContext [1831141281] from cache with key [[MergedContextConfiguration@207ea13 testClass = CategoryDaoJDBCImplTestIT, locations = '{classpath*:test-db.xml, classpath*:test-jdbc-conf.xml}', classes = '{}', contextInitializerClasses = '[]', activeProfiles = '{}', propertySourceLocations = '{}', propertySourceProperties = '{}', contextCustomizers = set[[empty]], contextLoader = 'org.springframework.test.context.support.DelegatingSmartContextLoader', parent = [null]]]
15:20:52 DEBUG DefaultContextCache  Spring test ApplicationContext cache statistics: [DefaultContextCache@d56aaa6 size = 1, maxSize = 32, parentContextCount = 0, hitCount = 30, missCount = 1]
15:20:52 DEBUG ontextLoaderDelegate Retrieved ApplicationContext [1831141281] from cache with key [[MergedContextConfiguration@207ea13 testClass = CategoryDaoJDBCImplTestIT, locations = '{classpath*:test-db.xml, classpath*:test-jdbc-conf.xml}', classes = '{}', contextInitializerClasses = '[]', activeProfiles = '{}', propertySourceLocations = '{}', propertySourceProperties = '{}', contextCustomizers = set[[empty]], contextLoader = 'org.springframework.test.context.support.DelegatingSmartContextLoader', parent = [null]]]
15:20:52 DEBUG DefaultContextCache  Spring test ApplicationContext cache statistics: [DefaultContextCache@d56aaa6 size = 1, maxSize = 32, parentContextCount = 0, hitCount = 31, missCount = 1]
15:20:52 DEBUG rmTransactionManager Initiating transaction rollback
15:20:52 DEBUG ceTransactionManager Rolling back JDBC transaction on Connection [conn4: url=jdbc:h2:mem:test-db user=SA]
15:20:52 DEBUG ceTransactionManager Releasing JDBC Connection [conn4: url=jdbc:h2:mem:test-db user=SA] after transaction
15:20:52 INFO  TransactionContext   Rolled back transaction for test: [DefaultTestContext@45cff11c testClass = CategoryDaoJDBCImplTestIT, testInstance = com.epam.brest.dao.CategoryDaoJDBCImplTestIT@240f6c41, testMethod = testDelete@CategoryDaoJDBCImplTestIT, testException = [null], mergedContextConfiguration = [MergedContextConfiguration@207ea13 testClass = CategoryDaoJDBCImplTestIT, locations = '{classpath*:test-db.xml, classpath*:test-jdbc-conf.xml}', classes = '{}', contextInitializerClasses = '[]', activeProfiles = '{}', propertySourceLocations = '{}', propertySourceProperties = '{}', contextCustomizers = set[[empty]], contextLoader = 'org.springframework.test.context.support.DelegatingSmartContextLoader', parent = [null]], attributes = map['org.springframework.test.context.event.ApplicationEventsTestExecutionListener.recordApplicationEvents' -> false]]
15:20:52 DEBUG estExecutionListener After test method: context [DefaultTestContext@45cff11c testClass = CategoryDaoJDBCImplTestIT, testInstance = com.epam.brest.dao.CategoryDaoJDBCImplTestIT@240f6c41, testMethod = testDelete@CategoryDaoJDBCImplTestIT, testException = [null], mergedContextConfiguration = [MergedContextConfiguration@207ea13 testClass = CategoryDaoJDBCImplTestIT, locations = '{classpath*:test-db.xml, classpath*:test-jdbc-conf.xml}', classes = '{}', contextInitializerClasses = '[]', activeProfiles = '{}', propertySourceLocations = '{}', propertySourceProperties = '{}', contextCustomizers = set[[empty]], contextLoader = 'org.springframework.test.context.support.DelegatingSmartContextLoader', parent = [null]], attributes = map['org.springframework.test.context.event.ApplicationEventsTestExecutionListener.recordApplicationEvents' -> false]], class annotated with @DirtiesContext [false] with mode [null], method annotated with @DirtiesContext [false] with mode [null].
]]></system-out>
  </testcase>
  <testcase name="testCreateEqualsCategory" classname="com.epam.brest.dao.CategoryDaoJDBCImplTestIT" time="0.016">
    <system-out><![CDATA[15:20:52 DEBUG ontextLoaderDelegate Retrieved ApplicationContext [1831141281] from cache with key [[MergedContextConfiguration@207ea13 testClass = CategoryDaoJDBCImplTestIT, locations = '{classpath*:test-db.xml, classpath*:test-jdbc-conf.xml}', classes = '{}', contextInitializerClasses = '[]', activeProfiles = '{}', propertySourceLocations = '{}', propertySourceProperties = '{}', contextCustomizers = set[[empty]], contextLoader = 'org.springframework.test.context.support.DelegatingSmartContextLoader', parent = [null]]]
15:20:52 DEBUG DefaultContextCache  Spring test ApplicationContext cache statistics: [DefaultContextCache@d56aaa6 size = 1, maxSize = 32, parentContextCount = 0, hitCount = 32, missCount = 1]
15:20:52 DEBUG estExecutionListener Performing dependency injection for test context [[DefaultTestContext@45cff11c testClass = CategoryDaoJDBCImplTestIT, testInstance = com.epam.brest.dao.CategoryDaoJDBCImplTestIT@3d49fd31, testMethod = [null], testException = [null], mergedContextConfiguration = [MergedContextConfiguration@207ea13 testClass = CategoryDaoJDBCImplTestIT, locations = '{classpath*:test-db.xml, classpath*:test-jdbc-conf.xml}', classes = '{}', contextInitializerClasses = '[]', activeProfiles = '{}', propertySourceLocations = '{}', propertySourceProperties = '{}', contextCustomizers = set[[empty]], contextLoader = 'org.springframework.test.context.support.DelegatingSmartContextLoader', parent = [null]], attributes = map['org.springframework.test.context.event.ApplicationEventsTestExecutionListener.recordApplicationEvents' -> false]]].
15:20:52 DEBUG ontextLoaderDelegate Retrieved ApplicationContext [1831141281] from cache with key [[MergedContextConfiguration@207ea13 testClass = CategoryDaoJDBCImplTestIT, locations = '{classpath*:test-db.xml, classpath*:test-jdbc-conf.xml}', classes = '{}', contextInitializerClasses = '[]', activeProfiles = '{}', propertySourceLocations = '{}', propertySourceProperties = '{}', contextCustomizers = set[[empty]], contextLoader = 'org.springframework.test.context.support.DelegatingSmartContextLoader', parent = [null]]]
15:20:52 DEBUG DefaultContextCache  Spring test ApplicationContext cache statistics: [DefaultContextCache@d56aaa6 size = 1, maxSize = 32, parentContextCount = 0, hitCount = 33, missCount = 1]
15:20:52 DEBUG ontextLoaderDelegate Retrieved ApplicationContext [1831141281] from cache with key [[MergedContextConfiguration@207ea13 testClass = CategoryDaoJDBCImplTestIT, locations = '{classpath*:test-db.xml, classpath*:test-jdbc-conf.xml}', classes = '{}', contextInitializerClasses = '[]', activeProfiles = '{}', propertySourceLocations = '{}', propertySourceProperties = '{}', contextCustomizers = set[[empty]], contextLoader = 'org.springframework.test.context.support.DelegatingSmartContextLoader', parent = [null]]]
15:20:52 DEBUG DefaultContextCache  Spring test ApplicationContext cache statistics: [DefaultContextCache@d56aaa6 size = 1, maxSize = 32, parentContextCount = 0, hitCount = 34, missCount = 1]
15:20:52 DEBUG estExecutionListener Before test method: context [DefaultTestContext@45cff11c testClass = CategoryDaoJDBCImplTestIT, testInstance = com.epam.brest.dao.CategoryDaoJDBCImplTestIT@3d49fd31, testMethod = testCreateEqualsCategory@CategoryDaoJDBCImplTestIT, testException = [null], mergedContextConfiguration = [MergedContextConfiguration@207ea13 testClass = CategoryDaoJDBCImplTestIT, locations = '{classpath*:test-db.xml, classpath*:test-jdbc-conf.xml}', classes = '{}', contextInitializerClasses = '[]', activeProfiles = '{}', propertySourceLocations = '{}', propertySourceProperties = '{}', contextCustomizers = set[[empty]], contextLoader = 'org.springframework.test.context.support.DelegatingSmartContextLoader', parent = [null]], attributes = map['org.springframework.test.context.event.ApplicationEventsTestExecutionListener.recordApplicationEvents' -> false]], class annotated with @DirtiesContext [false] with mode [null], method annotated with @DirtiesContext [false] with mode [null].
15:20:52 DEBUG estExecutionListener Explicit transaction definition [PROPAGATION_REQUIRED,ISOLATION_DEFAULT] found for test context [DefaultTestContext@45cff11c testClass = CategoryDaoJDBCImplTestIT, testInstance = com.epam.brest.dao.CategoryDaoJDBCImplTestIT@3d49fd31, testMethod = testCreateEqualsCategory@CategoryDaoJDBCImplTestIT, testException = [null], mergedContextConfiguration = [MergedContextConfiguration@207ea13 testClass = CategoryDaoJDBCImplTestIT, locations = '{classpath*:test-db.xml, classpath*:test-jdbc-conf.xml}', classes = '{}', contextInitializerClasses = '[]', activeProfiles = '{}', propertySourceLocations = '{}', propertySourceProperties = '{}', contextCustomizers = set[[empty]], contextLoader = 'org.springframework.test.context.support.DelegatingSmartContextLoader', parent = [null]], attributes = map['org.springframework.test.context.event.ApplicationEventsTestExecutionListener.recordApplicationEvents' -> false]]
15:20:52 DEBUG ontextLoaderDelegate Retrieved ApplicationContext [1831141281] from cache with key [[MergedContextConfiguration@207ea13 testClass = CategoryDaoJDBCImplTestIT, locations = '{classpath*:test-db.xml, classpath*:test-jdbc-conf.xml}', classes = '{}', contextInitializerClasses = '[]', activeProfiles = '{}', propertySourceLocations = '{}', propertySourceProperties = '{}', contextCustomizers = set[[empty]], contextLoader = 'org.springframework.test.context.support.DelegatingSmartContextLoader', parent = [null]]]
15:20:52 DEBUG DefaultContextCache  Spring test ApplicationContext cache statistics: [DefaultContextCache@d56aaa6 size = 1, maxSize = 32, parentContextCount = 0, hitCount = 35, missCount = 1]
15:20:52 DEBUG estExecutionListener Retrieved default @Rollback(true) for test class [com.epam.brest.dao.CategoryDaoJDBCImplTestIT].
15:20:52 DEBUG estExecutionListener No method-level @Rollback override: using default rollback [true] for test context [DefaultTestContext@45cff11c testClass = CategoryDaoJDBCImplTestIT, testInstance = com.epam.brest.dao.CategoryDaoJDBCImplTestIT@3d49fd31, testMethod = testCreateEqualsCategory@CategoryDaoJDBCImplTestIT, testException = [null], mergedContextConfiguration = [MergedContextConfiguration@207ea13 testClass = CategoryDaoJDBCImplTestIT, locations = '{classpath*:test-db.xml, classpath*:test-jdbc-conf.xml}', classes = '{}', contextInitializerClasses = '[]', activeProfiles = '{}', propertySourceLocations = '{}', propertySourceProperties = '{}', contextCustomizers = set[[empty]], contextLoader = 'org.springframework.test.context.support.DelegatingSmartContextLoader', parent = [null]], attributes = map['org.springframework.test.context.event.ApplicationEventsTestExecutionListener.recordApplicationEvents' -> false]].
15:20:52 DEBUG rmTransactionManager Creating new transaction with name [com.epam.brest.dao.CategoryDaoJDBCImplTestIT.testCreateEqualsCategory]: PROPAGATION_REQUIRED,ISOLATION_DEFAULT
[...]
15:20:52 DEBUG DefaultContextCache  Spring test ApplicationContext cache statistics: [DefaultContextCache@d56aaa6 size = 1, maxSize = 32, parentContextCount = 0, hitCount = 44, missCount = 1]
15:20:52 DEBUG ontextLoaderDelegate Retrieved ApplicationContext [1831141281] from cache with key [[MergedContextConfiguration@207ea13 testClass = CategoryDaoJDBCImplTestIT, locations = '{classpath*:test-db.xml, classpath*:test-jdbc-conf.xml}', classes = '{}', contextInitializerClasses = '[]', activeProfiles = '{}', propertySourceLocations = '{}', propertySourceProperties = '{}', contextCustomizers = set[[empty]], contextLoader = 'org.springframework.test.context.support.DelegatingSmartContextLoader', parent = [null]]]
15:20:52 DEBUG DefaultContextCache  Spring test ApplicationContext cache statistics: [DefaultContextCache@d56aaa6 size = 1, maxSize = 32, parentContextCount = 0, hitCount = 45, missCount = 1]
15:20:52 DEBUG oryDaoJDBCImplTestIT Execute IT test update()
15:20:52 DEBUG CategoryDaoJDBCImpl  Start: findAllCategories()
15:20:52 DEBUG JdbcTemplate         Executing prepared SQL query
15:20:52 DEBUG JdbcTemplate         Executing prepared SQL statement [SELECT c.category_id, c.category_name FROM category c ORDER BY c.category_id]
15:20:52 DEBUG CategoryDaoJDBCImpl  Update category com.epam.brest.model.Category@47447ccf
15:20:52 DEBUG JdbcTemplate         Executing prepared SQL update
15:20:52 DEBUG JdbcTemplate         Executing prepared SQL statement [UPDATE category SET category_name = ? WHERE category_id = ?]
15:20:52 DEBUG CategoryDaoJDBCImpl  Get category by id = 1
15:20:52 DEBUG JdbcTemplate         Executing prepared SQL query
15:20:52 DEBUG JdbcTemplate         Executing prepared SQL statement [SELECT c.category_id, c.category_name FROM category c WHERE c.category_id = ?]
15:20:52 DEBUG ontextLoaderDelegate Retrieved ApplicationContext [1831141281] from cache with key [[MergedContextConfiguration@207ea13 testClass = CategoryDaoJDBCImplTestIT, locations = '{classpath*:test-db.xml, classpath*:test-jdbc-conf.xml}', classes = '{}', contextInitializerClasses = '[]', activeProfiles = '{}', propertySourceLocations = '{}', propertySourceProperties = '{}', contextCustomizers = set[[empty]], contextLoader = 'org.springframework.test.context.support.DelegatingSmartContextLoader', parent = [null]]]
15:20:52 DEBUG DefaultContextCache  Spring test ApplicationContext cache statistics: [DefaultContextCache@d56aaa6 size = 1, maxSize = 32, parentContextCount = 0, hitCount = 46, missCount = 1]
15:20:52 DEBUG ontextLoaderDelegate Retrieved ApplicationContext [1831141281] from cache with key [[MergedContextConfiguration@207ea13 testClass = CategoryDaoJDBCImplTestIT, locations = '{classpath*:test-db.xml, classpath*:test-jdbc-conf.xml}', classes = '{}', contextInitializerClasses = '[]', activeProfiles = '{}', propertySourceLocations = '{}', propertySourceProperties = '{}', contextCustomizers = set[[empty]], contextLoader = 'org.springframework.test.context.support.DelegatingSmartContextLoader', parent = [null]]]
15:20:52 DEBUG DefaultContextCache  Spring test ApplicationContext cache statistics: [DefaultContextCache@d56aaa6 size = 1, maxSize = 32, parentContextCount = 0, hitCount = 47, missCount = 1]
15:20:52 DEBUG rmTransactionManager Initiating transaction rollback
15:20:52 DEBUG ceTransactionManager Rolling back JDBC transaction on Connection [conn6: url=jdbc:h2:mem:test-db user=SA]
15:20:52 DEBUG ceTransactionManager Releasing JDBC Connection [conn6: url=jdbc:h2:mem:test-db user=SA] after transaction
15:20:52 INFO  TransactionContext   Rolled back transaction for test: [DefaultTestContext@45cff11c testClass = CategoryDaoJDBCImplTestIT, testInstance = com.epam.brest.dao.CategoryDaoJDBCImplTestIT@7b78ed6a, testMethod = testUpdate@CategoryDaoJDBCImplTestIT, testException = [null], mergedContextConfiguration = [MergedContextConfiguration@207ea13 testClass = CategoryDaoJDBCImplTestIT, locations = '{classpath*:test-db.xml, classpath*:test-jdbc-conf.xml}', classes = '{}', contextInitializerClasses = '[]', activeProfiles = '{}', propertySourceLocations = '{}', propertySourceProperties = '{}', contextCustomizers = set[[empty]], contextLoader = 'org.springframework.test.context.support.DelegatingSmartContextLoader', parent = [null]], attributes = map['org.springframework.test.context.event.ApplicationEventsTestExecutionListener.recordApplicationEvents' -> false]]
15:20:52 DEBUG estExecutionListener After test method: context [DefaultTestContext@45cff11c testClass = CategoryDaoJDBCImplTestIT, testInstance = com.epam.brest.dao.CategoryDaoJDBCImplTestIT@7b78ed6a, testMethod = testUpdate@CategoryDaoJDBCImplTestIT, testException = [null], mergedContextConfiguration = [MergedContextConfiguration@207ea13 testClass = CategoryDaoJDBCImplTestIT, locations = '{classpath*:test-db.xml, classpath*:test-jdbc-conf.xml}', classes = '{}', contextInitializerClasses = '[]', activeProfiles = '{}', propertySourceLocations = '{}', propertySourceProperties = '{}', contextCustomizers = set[[empty]], contextLoader = 'org.springframework.test.context.support.DelegatingSmartContextLoader', parent = [null]], attributes = map['org.springframework.test.context.event.ApplicationEventsTestExecutionListener.recordApplicationEvents' -> false]], class annotated with @DirtiesContext [false] with mode [null], method annotated with @DirtiesContext [false] with mode [null].
]]></system-out>
  </testcase>
  <testcase name="testGetCategoryByID" classname="com.epam.brest.dao.CategoryDaoJDBCImplTestIT" time="0.01">
    <system-out><![CDATA[15:20:52 DEBUG ontextLoaderDelegate Retrieved ApplicationContext [1831141281] from cache with key [[MergedContextConfiguration@207ea13 testClass = CategoryDaoJDBCImplTestIT, locations = '{classpath*:test-db.xml, classpath*:test-jdbc-conf.xml}', classes = '{}', contextInitializerClasses = '[]', activeProfiles = '{}', propertySourceLocations = '{}', propertySourceProperties = '{}', contextCustomizers = set[[empty]], contextLoader = 'org.springframework.test.context.support.DelegatingSmartContextLoader', parent = [null]]]
15:20:52 DEBUG DefaultContextCache  Spring test ApplicationContext cache statistics: [DefaultContextCache@d56aaa6 size = 1, maxSize = 32, parentContextCount = 0, hitCount = 48, missCount = 1]
15:20:52 DEBUG estExecutionListener Performing dependency injection for test context [[DefaultTestContext@45cff11c testClass = CategoryDaoJDBCImplTestIT, testInstance = com.epam.brest.dao.CategoryDaoJDBCImplTestIT@67d86804, testMethod = [null], testException = [null], mergedContextConfiguration = [MergedContextConfiguration@207ea13 testClass = CategoryDaoJDBCImplTestIT, locations = '{classpath*:test-db.xml, classpath*:test-jdbc-conf.xml}', classes = '{}', contextInitializerClasses = '[]', activeProfiles = '{}', propertySourceLocations = '{}', propertySourceProperties = '{}', contextCustomizers = set[[empty]], contextLoader = 'org.springframework.test.context.support.DelegatingSmartContextLoader', parent = [null]], attributes = map['org.springframework.test.context.event.ApplicationEventsTestExecutionListener.recordApplicationEvents' -> false]]].
15:20:52 DEBUG ontextLoaderDelegate Retrieved ApplicationContext [1831141281] from cache with key [[MergedContextConfiguration@207ea13 testClass = CategoryDaoJDBCImplTestIT, locations = '{classpath*:test-db.xml, classpath*:test-jdbc-conf.xml}', classes = '{}', contextInitializerClasses = '[]', activeProfiles = '{}', propertySourceLocations = '{}', propertySourceProperties = '{}', contextCustomizers = set[[empty]], contextLoader = 'org.springframework.test.context.support.DelegatingSmartContextLoader', parent = [null]]]
15:20:52 DEBUG DefaultContextCache  Spring test ApplicationContext cache statistics: [DefaultContextCache@d56aaa6 size = 1, maxSize = 32, parentContextCount = 0, hitCount = 49, missCount = 1]
15:20:52 DEBUG ontextLoaderDelegate Retrieved ApplicationContext [1831141281] from cache with key [[MergedContextConfiguration@207ea13 testClass = CategoryDaoJDBCImplTestIT, locations = '{classpath*:test-db.xml, classpath*:test-jdbc-conf.xml}', classes = '{}', contextInitializerClasses = '[]', activeProfiles = '{}', propertySourceLocations = '{}', propertySourceProperties = '{}', contextCustomizers = set[[empty]], contextLoader = 'org.springframework.test.context.support.DelegatingSmartContextLoader', parent = [null]]]
15:20:52 DEBUG DefaultContextCache  Spring test ApplicationContext cache statistics: [DefaultContextCache@d56aaa6 size = 1, maxSize = 32, parentContextCount = 0, hitCount = 50, missCount = 1]
15:20:52 DEBUG estExecutionListener Before test method: context [DefaultTestContext@45cff11c testClass = CategoryDaoJDBCImplTestIT, testInstance = com.epam.brest.dao.CategoryDaoJDBCImplTestIT@67d86804, testMethod = testGetCategoryByID@CategoryDaoJDBCImplTestIT, testException = [null], mergedContextConfiguration = [MergedContextConfiguration@207ea13 testClass = CategoryDaoJDBCImplTestIT, locations = '{classpath*:test-db.xml, classpath*:test-jdbc-conf.xml}', classes = '{}', contextInitializerClasses = '[]', activeProfiles = '{}', propertySourceLocations = '{}', propertySourceProperties = '{}', contextCustomizers = set[[empty]], contextLoader = 'org.springframework.test.context.support.DelegatingSmartContextLoader', parent = [null]], attributes = map['org.springframework.test.context.event.ApplicationEventsTestExecutionListener.recordApplicationEvents' -> false]], class annotated with @DirtiesContext [false] with mode [null], method annotated with @DirtiesContext [false] with mode [null].
15:20:52 DEBUG estExecutionListener Explicit transaction definition [PROPAGATION_REQUIRED,ISOLATION_DEFAULT] found for test context [DefaultTestContext@45cff11c testClass = CategoryDaoJDBCImplTestIT, testInstance = com.epam.brest.dao.CategoryDaoJDBCImplTestIT@67d86804, testMethod = testGetCategoryByID@CategoryDaoJDBCImplTestIT, testException = [null], mergedContextConfiguration = [MergedContextConfiguration@207ea13 testClass = CategoryDaoJDBCImplTestIT, locations = '{classpath*:test-db.xml, classpath*:test-jdbc-conf.xml}', classes = '{}', contextInitializerClasses = '[]', activeProfiles = '{}', propertySourceLocations = '{}', propertySourceProperties = '{}', contextCustomizers = set[[empty]], contextLoader = 'org.springframework.test.context.support.DelegatingSmartContextLoader', parent = [null]], attributes = map['org.springframework.test.context.event.ApplicationEventsTestExecutionListener.recordApplicationEvents' -> false]]
15:20:52 DEBUG ontextLoaderDelegate Retrieved ApplicationContext [1831141281] from cache with key [[MergedContextConfiguration@207ea13 testClass = CategoryDaoJDBCImplTestIT, locations = '{classpath*:test-db.xml, classpath*:test-jdbc-conf.xml}', classes = '{}', contextInitializerClasses = '[]', activeProfiles = '{}', propertySourceLocations = '{}', propertySourceProperties = '{}', contextCustomizers = set[[empty]], contextLoader = 'org.springframework.test.context.support.DelegatingSmartContextLoader', parent = [null]]]
15:20:52 DEBUG DefaultContextCache  Spring test ApplicationContext cache statistics: [DefaultContextCache@d56aaa6 size = 1, maxSize = 32, parentContextCount = 0, hitCount = 51, missCount = 1]
15:20:52 DEBUG estExecutionListener Retrieved default @Rollback(true) for test class [com.epam.brest.dao.CategoryDaoJDBCImplTestIT].
15:20:52 DEBUG estExecutionListener No method-level @Rollback override: using default rollback [true] for test context [DefaultTestContext@45cff11c testClass = CategoryDaoJDBCImplTestIT, testInstance = com.epam.brest.dao.CategoryDaoJDBCImplTestIT@67d86804, testMethod = testGetCategoryByID@CategoryDaoJDBCImplTestIT, testException = [null], mergedContextConfiguration = [MergedContextConfiguration@207ea13 testClass = CategoryDaoJDBCImplTestIT, locations = '{classpath*:test-db.xml, classpath*:test-jdbc-conf.xml}', classes = '{}', contextInitializerClasses = '[]', activeProfiles = '{}', propertySourceLocations = '{}', propertySourceProperties = '{}', contextCustomizers = set[[empty]], contextLoader = 'org.springframework.test.context.support.DelegatingSmartContextLoader', parent = [null]], attributes = map['org.springframework.test.context.event.ApplicationEventsTestExecutionListener.recordApplicationEvents' -> false]].
15:20:52 DEBUG rmTransactionManager Creating new transaction with name [com.epam.brest.dao.CategoryDaoJDBCImplTestIT.testGetCategoryByID]: PROPAGATION_REQUIRED,ISOLATION_DEFAULT
15:20:52 DEBUG verManagerDataSource Creating new JDBC DriverManager Connection to [jdbc:h2:mem:test-db;MODE=MySQL;DB_CLOSE_DELAY=-1]
15:20:52 DEBUG ceTransactionManager Acquired Connection [conn7: url=jdbc:h2:mem:test-db user=SA] for JDBC transaction
15:20:52 DEBUG ceTransactionManager Switching JDBC Connection [conn7: url=jdbc:h2:mem:test-db user=SA] to manual commit
15:20:52 INFO  TransactionContext   Began transaction (1) for test context [DefaultTestContext@45cff11c testClass = CategoryDaoJDBCImplTestIT, testInstance = com.epam.brest.dao.CategoryDaoJDBCImplTestIT@67d86804, testMethod = testGetCategoryByID@CategoryDaoJDBCImplTestIT, testException = [null], mergedContextConfiguration = [MergedContextConfiguration@207ea13 testClass = CategoryDaoJDBCImplTestIT, locations = '{classpath*:test-db.xml, classpath*:test-jdbc-conf.xml}', classes = '{}', contextInitializerClasses = '[]', activeProfiles = '{}', propertySourceLocations = '{}', propertySourceProperties = '{}', contextCustomizers = set[[empty]], contextLoader = 'org.springframework.test.context.support.DelegatingSmartContextLoader', parent = [null]], attributes = map['org.springframework.test.context.event.ApplicationEventsTestExecutionListener.recordApplicationEvents' -> false]]; transaction manager [org.springframework.jdbc.datasource.DataSourceTransactionManager@7495699f]; rollback [true]
15:20:52 DEBUG ontextLoaderDelegate Retrieved ApplicationContext [1831141281] from cache with key [[MergedContextConfiguration@207ea13 testClass = CategoryDaoJDBCImplTestIT, locations = '{classpath*:test-db.xml, classpath*:test-jdbc-conf.xml}', classes = '{}', contextInitializerClasses = '[]', activeProfiles = '{}', propertySourceLocations = '{}', propertySourceProperties = '{}', contextCustomizers = set[[empty]], contextLoader = 'org.springframework.test.context.support.DelegatingSmartContextLoader', parent = [null]]]
15:20:52 DEBUG DefaultContextCache  Spring test ApplicationContext cache statistics: [DefaultContextCache@d56aaa6 size = 1, maxSize = 32, parentContextCount = 0, hitCount = 52, missCount = 1]
15:20:52 DEBUG ontextLoaderDelegate Retrieved ApplicationContext [1831141281] from cache with key [[MergedContextConfiguration@207ea13 testClass = CategoryDaoJDBCImplTestIT, locations = '{classpath*:test-db.xml, classpath*:test-jdbc-conf.xml}', classes = '{}', contextInitializerClasses = '[]', activeProfiles = '{}', propertySourceLocations = '{}', propertySourceProperties = '{}', contextCustomizers = set[[empty]], contextLoader = 'org.springframework.test.context.support.DelegatingSmartContextLoader', parent = [null]]]
15:20:52 DEBUG DefaultContextCache  Spring test ApplicationContext cache statistics: [DefaultContextCache@d56aaa6 size = 1, maxSize = 32, parentContextCount = 0, hitCount = 53, missCount = 1]
15:20:52 DEBUG oryDaoJDBCImplTestIT Execute IT test getCategoryById()
15:20:52 DEBUG CategoryDaoJDBCImpl  Start: findAllCategories()
15:20:52 DEBUG JdbcTemplate         Executing prepared SQL query
15:20:52 DEBUG JdbcTemplate         Executing prepared SQL statement [SELECT c.category_id, c.category_name FROM category c ORDER BY c.category_id]
15:20:52 DEBUG CategoryDaoJDBCImpl  Get category by id = 1
15:20:52 DEBUG JdbcTemplate         Executing prepared SQL query
15:20:52 DEBUG JdbcTemplate         Executing prepared SQL statement [SELECT c.category_id, c.category_name FROM category c WHERE c.category_id = ?]
15:20:52 DEBUG ontextLoaderDelegate Retrieved ApplicationContext [1831141281] from cache with key [[MergedContextConfiguration@207ea13 testClass = CategoryDaoJDBCImplTestIT, locations = '{classpath*:test-db.xml, classpath*:test-jdbc-conf.xml}', classes = '{}', contextInitializerClasses = '[]', activeProfiles = '{}', propertySourceLocations = '{}', propertySourceProperties = '{}', contextCustomizers = set[[empty]], contextLoader = 'org.springframework.test.context.support.DelegatingSmartContextLoader', parent = [null]]]
15:20:52 DEBUG DefaultContextCache  Spring test ApplicationContext cache statistics: [DefaultContextCache@d56aaa6 size = 1, maxSize = 32, parentContextCount = 0, hitCount = 54, missCount = 1]
15:20:52 DEBUG ontextLoaderDelegate Retrieved ApplicationContext [1831141281] from cache with key [[MergedContextConfiguration@207ea13 testClass = CategoryDaoJDBCImplTestIT, locations = '{classpath*:test-db.xml, classpath*:test-jdbc-conf.xml}', classes = '{}', contextInitializerClasses = '[]', activeProfiles = '{}', propertySourceLocations = '{}', propertySourceProperties = '{}', contextCustomizers = set[[empty]], contextLoader = 'org.springframework.test.context.support.DelegatingSmartContextLoader', parent = [null]]]
15:20:52 DEBUG DefaultContextCache  Spring test ApplicationContext cache statistics: [DefaultContextCache@d56aaa6 size = 1, maxSize = 32, parentContextCount = 0, hitCount = 55, missCount = 1]
15:20:52 DEBUG rmTransactionManager Initiating transaction rollback
15:20:52 DEBUG ceTransactionManager Rolling back JDBC transaction on Connection [conn7: url=jdbc:h2:mem:test-db user=SA]
15:20:52 DEBUG ceTransactionManager Releasing JDBC Connection [conn7: url=jdbc:h2:mem:test-db user=SA] after transaction
15:20:52 INFO  TransactionContext   Rolled back transaction for test: [DefaultTestContext@45cff11c testClass = CategoryDaoJDBCImplTestIT, testInstance = com.epam.brest.dao.CategoryDaoJDBCImplTestIT@67d86804, testMethod = testGetCategoryByID@CategoryDaoJDBCImplTestIT, testException = [null], mergedContextConfiguration = [MergedContextConfiguration@207ea13 testClass = CategoryDaoJDBCImplTestIT, locations = '{classpath*:test-db.xml, classpath*:test-jdbc-conf.xml}', classes = '{}', contextInitializerClasses = '[]', activeProfiles = '{}', propertySourceLocations = '{}', propertySourceProperties = '{}', contextCustomizers = set[[empty]], contextLoader = 'org.springframework.test.context.support.DelegatingSmartContextLoader', parent = [null]], attributes = map['org.springframework.test.context.event.ApplicationEventsTestExecutionListener.recordApplicationEvents' -> false]]
15:20:52 DEBUG estExecutionListener After test method: context [DefaultTestContext@45cff11c testClass = CategoryDaoJDBCImplTestIT, testInstance = com.epam.brest.dao.CategoryDaoJDBCImplTestIT@67d86804, testMethod = testGetCategoryByID@CategoryDaoJDBCImplTestIT, testException = [null], mergedContextConfiguration = [MergedContextConfiguration@207ea13 testClass = CategoryDaoJDBCImplTestIT, locations = '{classpath*:test-db.xml, classpath*:test-jdbc-conf.xml}', classes = '{}', contextInitializerClasses = '[]', activeProfiles = '{}', propertySourceLocations = '{}', propertySourceProperties = '{}', contextCustomizers = set[[empty]], contextLoader = 'org.springframework.test.context.support.DelegatingSmartContextLoader', parent = [null]], attributes = map['org.springframework.test.context.event.ApplicationEventsTestExecutionListener.recordApplicationEvents' -> false]], class annotated with @DirtiesContext [false] with mode [null], method annotated with @DirtiesContext [false] with mode [null].
]]></system-out>
  </testcase>
</testsuite>