<?xml version="1.0" encoding="UTF-8"?>
<testsuite xmlns:xsi="http://www.w3.org/2001/XMLSchema-instance" xsi:noNamespaceSchemaLocation="https://maven.apache.org/surefire/maven-surefire-plugin/xsd/surefire-test-report-3.0.xsd" version="3.0" name="com.epam.brest.dao.ExpenseDaoJDBCImplTest" time="0.006" tests="2" errors="0" skipped="0" failures="0">
  <properties>
[...]
</properties>
  <testcase name="testFindAllExpenses" classname="com.epam.brest.dao.ExpenseDaoJDBCImplTest" time="0.002">
    <system-out><![CDATA[15:20:51 DEBUG penseDaoJDBCImplTest Execute test findAllExpenses()
15:20:51 DEBUG ExpenseDaoJDBCImpl   Find all expenses
]]></system-out>
  </testcase>
  <testcase name="testGetExpenseById" classname="com.epam.brest.dao.ExpenseDaoJDBCImplTest" time="0.002">
    <system-out><![CDATA[15:20:51 DEBUG penseDaoJDBCImplTest Execute test getExpenseById()
15:20:51 DEBUG ExpenseDaoJDBCImpl   Get expense by id = 0
]]></system-out>
  </testcase>
</testsuite>