<?xml version="1.0" encoding="UTF-8"?>
<testsuite xmlns:xsi="http://www.w3.org/2001/XMLSchema-instance" xsi:noNamespaceSchemaLocation="https://maven.apache.org/surefire/maven-surefire-plugin/xsd/surefire-test-report-3.0.xsd" version="3.0" name="com.epam.brest.dao.CategoryDaoJDBCImplTest" time="0.62" tests="2" errors="0" skipped="0" failures="0">
  <properties>
[...]
</properties>
  <testcase name="testFindAllCategories" classname="com.epam.brest.dao.CategoryDaoJDBCImplTest" time="0.28">
    <system-out><![CDATA[2021-12-15 16:25:50,710 main DEBUG Apache Log4j Core 2.14.1 initializing configuration org.apache.logging.log4j.core.config.properties.PropertiesConfiguration@54c5a2ff
2021-12-15 16:25:50,712 main DEBUG Installed 1 script engine
2021-12-15 16:25:50,849 main DEBUG Oracle Nashorn version: 11.0.11, language: ECMAScript, threading: Not Thread Safe, compile: true, names: [nashorn, Nashorn, js, JS, JavaScript, javascript, ECMAScript, ecmascript], factory class: jdk.nashorn.api.scripting.NashornScriptEngineFactory
2021-12-15 16:25:50,850 main DEBUG PluginManager 'Core' found 122 plugins
2021-12-15 16:25:50,850 main DEBUG PluginManager 'Level' found 0 plugins
2021-12-15 16:25:50,852 main DEBUG PluginManager 'Lookup' found 16 plugins
2021-12-15 16:25:50,854 main DEBUG Building Plugin[name=AppenderRef, class=org.apache.logging.log4j.core.config.AppenderRef].
2021-12-15 16:25:50,859 main DEBUG PluginManager 'TypeConverter' found 26 plugins
2021-12-15 16:25:50,863 main DEBUG createAppenderRef(ref="STDOUT", level="null", Filter=null)
2021-12-15 16:25:50,863 main DEBUG Building Plugin[name=root, class=org.apache.logging.log4j.core.config.LoggerConfig$RootLogger].
2021-12-15 16:25:50,865 main DEBUG createLogger(additivity="null", level="DEBUG", includeLocation="null", ={STDOUT}, ={}, Configuration(PropertiesConfig), Filter=null)
2021-12-15 16:25:50,866 main DEBUG Building Plugin[name=loggers, class=org.apache.logging.log4j.core.config.LoggersPlugin].
2021-12-15 16:25:50,867 main DEBUG createLoggers(={root})
2021-12-15 16:25:50,868 main DEBUG Building Plugin[name=layout, class=org.apache.logging.log4j.core.layout.PatternLayout].
2021-12-15 16:25:50,871 main DEBUG PatternLayout$Builder(pattern="%d{HH:mm:ss} %-5p %-20.20C{1} %m%n", PatternSelector=null, Configuration(PropertiesConfig), Replace=null, charset="null", alwaysWriteExceptions="null", disableAnsi="null", noConsoleNoAnsi="null", header="null", footer="null")
2021-12-15 16:25:50,871 main DEBUG PluginManager 'Converter' found 44 plugins
2021-12-15 16:25:50,875 main DEBUG Building Plugin[name=appender, class=org.apache.logging.log4j.core.appender.ConsoleAppender].
2021-12-15 16:25:50,879 main DEBUG ConsoleAppender$Builder(target="null", follow="null", direct="null", bufferedIo="null", bufferSize="null", immediateFlush="null", ignoreExceptions="null", PatternLayout(%d{HH:mm:ss} %-5p %-20.20C{1} %m%n), name="STDOUT", Configuration(PropertiesConfig), Filter=null, ={})
2021-12-15 16:25:50,880 main DEBUG Starting OutputStreamManager SYSTEM_OUT.false.false
2021-12-15 16:25:50,880 main DEBUG Building Plugin[name=appenders, class=org.apache.logging.log4j.core.config.AppendersPlugin].
2021-12-15 16:25:50,880 main DEBUG createAppenders(={STDOUT})
2021-12-15 16:25:50,881 main DEBUG Configuration org.apache.logging.log4j.core.config.properties.PropertiesConfiguration@54c5a2ff initialized
2021-12-15 16:25:50,881 main DEBUG Starting configuration org.apache.logging.log4j.core.config.properties.PropertiesConfiguration@54c5a2ff
2021-12-15 16:25:50,881 main DEBUG Started configuration org.apache.logging.log4j.core.config.properties.PropertiesConfiguration@54c5a2ff OK.
2021-12-15 16:25:50,881 main DEBUG Shutting down OutputStreamManager SYSTEM_OUT.false.false-1
2021-12-15 16:25:50,881 main DEBUG OutputStream closed
2021-12-15 16:25:50,882 main DEBUG Shut down OutputStreamManager SYSTEM_OUT.false.false-1, all resources released: true
2021-12-15 16:25:50,882 main DEBUG Appender DefaultConsole-1 stopped with status true
2021-12-15 16:25:50,882 main DEBUG Stopped org.apache.logging.log4j.core.config.DefaultConfiguration@72967906 OK
2021-12-15 16:25:50,912 main DEBUG Registering MBean org.apache.logging.log4j2:type=55054057
2021-12-15 16:25:50,914 main DEBUG Registering MBean org.apache.logging.log4j2:type=55054057,component=StatusLogger
2021-12-15 16:25:50,914 main DEBUG Registering MBean org.apache.logging.log4j2:type=55054057,component=ContextSelector
2021-12-15 16:25:50,915 main DEBUG Registering MBean org.apache.logging.log4j2:type=55054057,component=Loggers,name=
2021-12-15 16:25:50,915 main DEBUG Registering MBean org.apache.logging.log4j2:type=55054057,component=Appenders,name=STDOUT
2021-12-15 16:25:50,916 main DEBUG org.apache.logging.log4j.core.util.SystemClock supports precise timestamps.
2021-12-15 16:25:50,916 main DEBUG Reconfiguration complete for context[name=55054057] at URI /home/medievil/development/Dzmitry-Kalustau-EH/dao/target/test-classes/log4j2-test.properties (org.apache.logging.log4j.core.LoggerContext@2d96543c) with optional ClassLoader: null
2021-12-15 16:25:50,916 main DEBUG Shutdown hook enabled. Registering a new one.
2021-12-15 16:25:50,917 main DEBUG LoggerContext[name=55054057, org.apache.logging.log4j.core.LoggerContext@2d96543c] started OK.
16:25:51 DEBUG egoryDaoJDBCImplTest Execute test findAllCategories()
16:25:51 DEBUG CategoryDaoJDBCImpl  Start: findAllCategories()
]]></system-out>
    <system-err><![CDATA[Warning: Nashorn engine is planned to be removed from a future JDK release
]]></system-err>
  </testcase>
  <testcase name="testGetCategoryById" classname="com.epam.brest.dao.CategoryDaoJDBCImplTest" time="0.003">
    <system-out><![CDATA[16:25:51 DEBUG egoryDaoJDBCImplTest Execute test getCategoryById()
16:25:51 DEBUG CategoryDaoJDBCImpl  Get category by id = 0
]]></system-out>
  </testcase>
</testsuite>