<?xml version="1.0" encoding="UTF-8"?>
<testsuite xmlns:xsi="http://www.w3.org/2001/XMLSchema-instance" xsi:noNamespaceSchemaLocation="https://maven.apache.org/surefire/maven-failsafe-plugin/xsd/failsafe-test-report-3.0.xsd" version="3.0" name="com.epam.brest.service.impl.CategoryServiceImplIT" time="0.138" tests="7" errors="0" skipped="0" failures="0">
  <properties>
[...]
</properties>
  <testcase name="testFindAll" classname="com.epam.brest.service.impl.CategoryServiceImplIT" time="0.014">
    <system-out><![CDATA[15:20:53 DEBUG BootstrapUtils       Instantiating CacheAwareContextLoaderDelegate from class [org.springframework.test.context.cache.DefaultCacheAwareContextLoaderDelegate]
15:20:53 DEBUG BootstrapUtils       Instantiating BootstrapContext using constructor [public org.springframework.test.context.support.DefaultBootstrapContext(java.lang.Class,org.springframework.test.context.CacheAwareContextLoaderDelegate)]
15:20:53 DEBUG BootstrapUtils       Instantiating TestContextBootstrapper for test class [com.epam.brest.service.impl.CategoryServiceImplIT] from class [org.springframework.test.context.support.DefaultTestContextBootstrapper]
15:20:53 DEBUG ngSmartContextLoader Delegating to GenericXmlContextLoader to process context configuration [ContextConfigurationAttributes@2881ad47 declaringClass = 'com.epam.brest.service.impl.CategoryServiceImplIT', classes = '{}', locations = '{classpath*:test-db.xml, classpath*:service-context-test.xml}', inheritLocations = true, initializers = '{}', inheritInitializers = true, name = [null], contextLoaderClass = 'org.springframework.test.context.ContextLoader'].
15:20:53 DEBUG ActiveProfilesUtils  Could not find an 'annotation declaring class' for annotation type [org.springframework.test.context.ActiveProfiles] and class [com.epam.brest.service.impl.CategoryServiceImplIT]
15:20:53 DEBUG tContextBootstrapper @TestExecutionListeners is not present for class [com.epam.brest.service.impl.CategoryServiceImplIT]: using defaults.
15:20:53 INFO  tContextBootstrapper Loaded default TestExecutionListener class names from location [META-INF/spring.factories]: [org.springframework.test.context.web.ServletTestExecutionListener, org.springframework.test.context.support.DirtiesContextBeforeModesTestExecutionListener, org.springframework.test.context.event.ApplicationEventsTestExecutionListener, org.springframework.test.context.support.DependencyInjectionTestExecutionListener, org.springframework.test.context.support.DirtiesContextTestExecutionListener, org.springframework.test.context.transaction.TransactionalTestExecutionListener, org.springframework.test.context.jdbc.SqlScriptsTestExecutionListener, org.springframework.test.context.event.EventPublishingTestExecutionListener]
15:20:53 DEBUG tContextBootstrapper Skipping candidate TestExecutionListener [org.springframework.test.context.web.ServletTestExecutionListener] due to a missing dependency. Specify custom listener classes or make the default listener classes and their required dependencies available. Offending class: [javax/servlet/ServletContext]
15:20:53 INFO  tContextBootstrapper Using TestExecutionListeners: [org.springframework.test.context.support.DirtiesContextBeforeModesTestExecutionListener@2bef09c0, org.springframework.test.context.event.ApplicationEventsTestExecutionListener@62ce72ff, org.springframework.test.context.support.DependencyInjectionTestExecutionListener@58a63629, org.springframework.test.context.support.DirtiesContextTestExecutionListener@7de843ef, org.springframework.test.context.transaction.TransactionalTestExecutionListener@2e1af49b, org.springframework.test.context.jdbc.SqlScriptsTestExecutionListener@3fd2322d, org.springframework.test.context.event.EventPublishingTestExecutionListener@56ac5c80]
15:20:53 DEBUG estExecutionListener Before test class: context [DefaultTestContext@69e49a81 testClass = CategoryServiceImplIT, testInstance = [null], testMethod = [null], testException = [null], mergedContextConfiguration = [MergedContextConfiguration@1023150a testClass = CategoryServiceImplIT, locations = '{classpath*:test-db.xml, classpath*:service-context-test.xml}', classes = '{}', contextInitializerClasses = '[]', activeProfiles = '{}', propertySourceLocations = '{}', propertySourceProperties = '{}', contextCustomizers = set[[empty]], contextLoader = 'org.springframework.test.context.support.DelegatingSmartContextLoader', parent = [null]], attributes = map[[empty]]], class annotated with @DirtiesContext [false] with mode [null].
15:20:53 DEBUG ontextLoaderDelegate Retrieved ApplicationContext [1800649922] from cache with key [[MergedContextConfiguration@1023150a testClass = CategoryServiceImplIT, locations = '{classpath*:test-db.xml, classpath*:service-context-test.xml}', classes = '{}', contextInitializerClasses = '[]', activeProfiles = '{}', propertySourceLocations = '{}', propertySourceProperties = '{}', contextCustomizers = set[[empty]], contextLoader = 'org.springframework.test.context.support.DelegatingSmartContextLoader', parent = [null]]]
15:20:53 DEBUG DefaultContextCache  Spring test ApplicationContext cache statistics: [DefaultContextCache@12f8b1d8 size = 1, maxSize = 32, parentContextCount = 0, hitCount = 8, missCount = 1]
15:20:53 DEBUG estExecutionListener Performing dependency injection for test context [[DefaultTestContext@69e49a81 testClass = CategoryServiceImplIT, testInstance = com.epam.brest.service.impl.CategoryServiceImplIT@3ece1e79, testMethod = [null], testException = [null], mergedContextConfiguration = [MergedContextConfiguration@1023150a testClass = CategoryServiceImplIT, locations = '{classpath*:test-db.xml, classpath*:service-context-test.xml}', classes = '{}', contextInitializerClasses = '[]', activeProfiles = '{}', propertySourceLocations = '{}', propertySourceProperties = '{}', contextCustomizers = set[[empty]], contextLoader = 'org.springframework.test.context.support.DelegatingSmartContextLoader', parent = [null]], attributes = map['org.springframework.test.context.event.ApplicationEventsTestExecutionListener.recordApplicationEvents' -> false]]].
15:20:53 DEBUG ontextLoaderDelegate Retrieved ApplicationContext [1800649922] from cache with key [[MergedContextConfiguration@1023150a testClass = CategoryServiceImplIT, locations = '{classpath*:test-db.xml, classpath*:service-context-test.xml}', classes = '{}', contextInitializerClasses = '[]', activeProfiles = '{}', propertySourceLocations = '{}', propertySourceProperties = '{}', contextCustomizers = set[[empty]], contextLoader = 'org.springframework.test.context.support.DelegatingSmartContextLoader', parent = [null]]]
15:20:53 DEBUG DefaultContextCache  Spring test ApplicationContext cache statistics: [DefaultContextCache@12f8b1d8 size = 1, maxSize = 32, parentContextCount = 0, hitCount = 9, missCount = 1]
15:20:53 DEBUG ontextLoaderDelegate Retrieved ApplicationContext [1800649922] from cache with key [[MergedContextConfiguration@1023150a testClass = CategoryServiceImplIT, locations = '{classpath*:test-db.xml, classpath*:service-context-test.xml}', classes = '{}', contextInitializerClasses = '[]', activeProfiles = '{}', propertySourceLocations = '{}', propertySourceProperties = '{}', contextCustomizers = set[[empty]], contextLoader = 'org.springframework.test.context.support.DelegatingSmartContextLoader', parent = [null]]]
15:20:53 DEBUG DefaultContextCache  Spring test ApplicationContext cache statistics: [DefaultContextCache@12f8b1d8 size = 1, maxSize = 32, parentContextCount = 0, hitCount = 10, missCount = 1]
15:20:53 DEBUG estExecutionListener Before test method: context [DefaultTestContext@69e49a81 testClass = CategoryServiceImplIT, testInstance = com.epam.brest.service.impl.CategoryServiceImplIT@3ece1e79, testMethod = testFindAll@CategoryServiceImplIT, testException = [null], mergedContextConfiguration = [MergedContextConfiguration@1023150a testClass = CategoryServiceImplIT, locations = '{classpath*:test-db.xml, classpath*:service-context-test.xml}', classes = '{}', contextInitializerClasses = '[]', activeProfiles = '{}', propertySourceLocations = '{}', propertySourceProperties = '{}', contextCustomizers = set[[empty]], contextLoader = 'org.springframework.test.context.support.DelegatingSmartContextLoader', parent = [null]], attributes = map['org.springframework.test.context.event.ApplicationEventsTestExecutionListener.recordApplicationEvents' -> false]], class annotated with @DirtiesContext [false] with mode [null], method annotated with @DirtiesContext [false] with mode [null].
15:20:53 DEBUG estExecutionListener Explicit transaction definition [PROPAGATION_REQUIRED,ISOLATION_DEFAULT] found for test context [DefaultTestContext@69e49a81 testClass = CategoryServiceImplIT, testInstance = com.epam.brest.service.impl.CategoryServiceImplIT@3ece1e79, testMethod = testFindAll@CategoryServiceImplIT, testException = [null], mergedContextConfiguration = [MergedContextConfiguration@1023150a testClass = CategoryServiceImplIT, locations = '{classpath*:test-db.xml, classpath*:service-context-test.xml}', classes = '{}', contextInitializerClasses = '[]', activeProfiles = '{}', propertySourceLocations = '{}', propertySourceProperties = '{}', contextCustomizers = set[[empty]], contextLoader = 'org.springframework.test.context.support.DelegatingSmartContextLoader', parent = [null]], attributes = map['org.springframework.test.context.event.ApplicationEventsTestExecutionListener.recordApplicationEvents' -> false]]
15:20:53 DEBUG ontextLoaderDelegate Retrieved ApplicationContext [1800649922] from cache with key [[MergedContextConfiguration@1023150a testClass = CategoryServiceImplIT, locations = '{classpath*:test-db.xml, classpath*:service-context-test.xml}', classes = '{}', contextInitializerClasses = '[]', activeProfiles = '{}', propertySourceLocations = '{}', propertySourceProperties = '{}', contextCustomizers = set[[empty]], contextLoader = 'org.springframework.test.context.support.DelegatingSmartContextLoader', parent = [null]]]
15:20:53 DEBUG DefaultContextCache  Spring test ApplicationContext cache statistics: [DefaultContextCache@12f8b1d8 size = 1, maxSize = 32, parentContextCount = 0, hitCount = 11, missCount = 1]
15:20:53 DEBUG estExecutionListener No method-level @Rollback override: using default rollback [true] for test context [DefaultTestContext@69e49a81 testClass = CategoryServiceImplIT, testInstance = com.epam.brest.service.impl.CategoryServiceImplIT@3ece1e79, testMethod = testFindAll@CategoryServiceImplIT, testException = [null], mergedContextConfiguration = [MergedContextConfiguration@1023150a testClass = CategoryServiceImplIT, locations = '{classpath*:test-db.xml, classpath*:service-context-test.xml}', classes = '{}', contextInitializerClasses = '[]', activeProfiles = '{}', propertySourceLocations = '{}', propertySourceProperties = '{}', contextCustomizers = set[[empty]], contextLoader = 'org.springframework.test.context.support.DelegatingSmartContextLoader', parent = [null]], attributes = map['org.springframework.test.context.event.ApplicationEventsTestExecutionListener.recordApplicationEvents' -> false]].
15:20:53 DEBUG rmTransactionManager Creating new transaction with name [com.epam.brest.service.impl.CategoryServiceImplIT.testFindAll]: PROPAGATION_REQUIRED,ISOLATION_DEFAULT
15:20:53 DEBUG verManagerDataSource Creating new JDBC DriverManager Connection to [jdbc:h2:mem:test-db;MODE=MySQL;DB_CLOSE_DELAY=-1]
15:20:53 DEBUG ceTransactionManager Acquired Connection [conn2: url=jdbc:h2:mem:test-db user=SA] for JDBC transaction
15:20:53 DEBUG ceTransactionManager Switching JDBC Connection [conn2: url=jdbc:h2:mem:test-db user=SA] to manual commit
15:20:53 INFO  TransactionContext   Began transaction (1) for test context [DefaultTestContext@69e49a81 testClass = CategoryServiceImplIT, testInstance = com.epam.brest.service.impl.CategoryServiceImplIT@3ece1e79, testMethod = testFindAll@CategoryServiceImplIT, testException = [null], mergedContextConfiguration = [MergedContextConfiguration@1023150a testClass = CategoryServiceImplIT, locations = '{classpath*:test-db.xml, classpath*:service-context-test.xml}', classes = '{}', contextInitializerClasses = '[]', activeProfiles = '{}', propertySourceLocations = '{}', propertySourceProperties = '{}', contextCustomizers = set[[empty]], contextLoader = 'org.springframework.test.context.support.DelegatingSmartContextLoader', parent = [null]], attributes = map['org.springframework.test.context.event.ApplicationEventsTestExecutionListener.recordApplicationEvents' -> false]]; transaction manager [org.springframework.jdbc.datasource.DataSourceTransactionManager@2679311f]; rollback [true]
15:20:53 DEBUG ontextLoaderDelegate Retrieved ApplicationContext [1800649922] from cache with key [[MergedContextConfiguration@1023150a testClass = CategoryServiceImplIT, locations = '{classpath*:test-db.xml, classpath*:service-context-test.xml}', classes = '{}', contextInitializerClasses = '[]', activeProfiles = '{}', propertySourceLocations = '{}', propertySourceProperties = '{}', contextCustomizers = set[[empty]], contextLoader = 'org.springframework.test.context.support.DelegatingSmartContextLoader', parent = [null]]]
15:20:53 DEBUG DefaultContextCache  Spring test ApplicationContext cache statistics: [DefaultContextCache@12f8b1d8 size = 1, maxSize = 32, parentContextCount = 0, hitCount = 12, missCount = 1]
15:20:53 DEBUG ontextLoaderDelegate Retrieved ApplicationContext [1800649922] from cache with key [[MergedContextConfiguration@1023150a testClass = CategoryServiceImplIT, locations = '{classpath*:test-db.xml, classpath*:service-context-test.xml}', classes = '{}', contextInitializerClasses = '[]', activeProfiles = '{}', propertySourceLocations = '{}', propertySourceProperties = '{}', contextCustomizers = set[[empty]], contextLoader = 'org.springframework.test.context.support.DelegatingSmartContextLoader', parent = [null]]]
15:20:53 DEBUG DefaultContextCache  Spring test ApplicationContext cache statistics: [DefaultContextCache@12f8b1d8 size = 1, maxSize = 32, parentContextCount = 0, hitCount = 13, missCount = 1]
15:20:53 DEBUG ategoryServiceImplIT Execute IT test findAll()
15:20:53 DEBUG CategoryServiceImpl  find all categories
15:20:53 DEBUG CategoryDaoJDBCImpl  Start: findAllCategories()
15:20:53 DEBUG JdbcTemplate         Executing prepared SQL query
15:20:53 DEBUG JdbcTemplate         Executing prepared SQL statement [SELECT c.category_id, c.category_name FROM category c ORDER BY c.category_id]
15:20:53 DEBUG ontextLoaderDelegate Retrieved ApplicationContext [1800649922] from cache with key [[MergedContextConfiguration@1023150a testClass = CategoryServiceImplIT, locations = '{classpath*:test-db.xml, classpath*:service-context-test.xml}', classes = '{}', contextInitializerClasses = '[]', activeProfiles = '{}', propertySourceLocations = '{}', propertySourceProperties = '{}', contextCustomizers = set[[empty]], contextLoader = 'org.springframework.test.context.support.DelegatingSmartContextLoader', parent = [null]]]
15:20:53 DEBUG DefaultContextCache  Spring test ApplicationContext cache statistics: [DefaultContextCache@12f8b1d8 size = 1, maxSize = 32, parentContextCount = 0, hitCount = 14, missCount = 1]
15:20:53 DEBUG ontextLoaderDelegate Retrieved ApplicationContext [1800649922] from cache with key [[MergedContextConfiguration@1023150a testClass = CategoryServiceImplIT, locations = '{classpath*:test-db.xml, classpath*:service-context-test.xml}', classes = '{}', contextInitializerClasses = '[]', activeProfiles = '{}', propertySourceLocations = '{}', propertySourceProperties = '{}', contextCustomizers = set[[empty]], contextLoader = 'org.springframework.test.context.support.DelegatingSmartContextLoader', parent = [null]]]
15:20:53 DEBUG DefaultContextCache  Spring test ApplicationContext cache statistics: [DefaultContextCache@12f8b1d8 size = 1, maxSize = 32, parentContextCount = 0, hitCount = 15, missCount = 1]
15:20:53 DEBUG rmTransactionManager Initiating transaction rollback
15:20:53 DEBUG ceTransactionManager Rolling back JDBC transaction on Connection [conn2: url=jdbc:h2:mem:test-db user=SA]
15:20:53 DEBUG ceTransactionManager Releasing JDBC Connection [conn2: url=jdbc:h2:mem:test-db user=SA] after transaction
15:20:53 INFO  TransactionContext   Rolled back transaction for test: [DefaultTestContext@69e49a81 testClass = CategoryServiceImplIT, testInstance = com.epam.brest.service.impl.CategoryServiceImplIT@3ece1e79, testMethod = testFindAll@CategoryServiceImplIT, testException = [null], mergedContextConfiguration = [MergedContextConfiguration@1023150a testClass = CategoryServiceImplIT, locations = '{classpath*:test-db.xml, classpath*:service-context-test.xml}', classes = '{}', contextInitializerClasses = '[]', activeProfiles = '{}', propertySourceLocations = '{}', propertySourceProperties = '{}', contextCustomizers = set[[empty]], contextLoader = 'org.springframework.test.context.support.DelegatingSmartContextLoader', parent = [null]], attributes = map['org.springframework.test.context.event.ApplicationEventsTestExecutionListener.recordApplicationEvents' -> false]]
15:20:53 DEBUG estExecutionListener After test method: context [DefaultTestContext@69e49a81 testClass = CategoryServiceImplIT, testInstance = com.epam.brest.service.impl.CategoryServiceImplIT@3ece1e79, testMethod = testFindAll@CategoryServiceImplIT, testException = [null], mergedContextConfiguration = [MergedContextConfiguration@1023150a testClass = CategoryServiceImplIT, locations = '{classpath*:test-db.xml, classpath*:service-context-test.xml}', classes = '{}', contextInitializerClasses = '[]', activeProfiles = '{}', propertySourceLocations = '{}', propertySourceProperties = '{}', contextCustomizers = set[[empty]], contextLoader = 'org.springframework.test.context.support.DelegatingSmartContextLoader', parent = [null]], attributes = map['org.springframework.test.context.event.ApplicationEventsTestExecutionListener.recordApplicationEvents' -> false]], class annotated with @DirtiesContext [false] with mode [null], method annotated with @DirtiesContext [false] with mode [null].
]]></system-out>
  </testcase>
  <testcase name="testCount" classname="com.epam.brest.service.impl.CategoryServiceImplIT" time="0.013">
    <system-out><![CDATA[15:20:53 DEBUG estExecutionListener Performing dependency injection for test context [[DefaultTestContext@69e49a81 testClass = CategoryServiceImplIT, testInstance = com.epam.brest.service.impl.CategoryServiceImplIT@e3994ef, testMethod = [null], testException = [null], mergedContextConfiguration = [MergedContextConfiguration@1023150a testClass = CategoryServiceImplIT, locations = '{classpath*:test-db.xml, classpath*:service-context-test.xml}', classes = '{}', contextInitializerClasses = '[]', activeProfiles = '{}', propertySourceLocations = '{}', propertySourceProperties = '{}', contextCustomizers = set[[empty]], contextLoader = 'org.springframework.test.context.support.DelegatingSmartContextLoader', parent = [null]], attributes = map['org.springframework.test.context.event.ApplicationEventsTestExecutionListener.recordApplicationEvents' -> false]]].
15:20:53 DEBUG ontextLoaderDelegate Retrieved ApplicationContext [1800649922] from cache with key [[MergedContextConfiguration@1023150a testClass = CategoryServiceImplIT, locations = '{classpath*:test-db.xml, classpath*:service-context-test.xml}', classes = '{}', contextInitializerClasses = '[]', activeProfiles = '{}', propertySourceLocations = '{}', propertySourceProperties = '{}', contextCustomizers = set[[empty]], contextLoader = 'org.springframework.test.context.support.DelegatingSmartContextLoader', parent = [null]]]
15:20:53 DEBUG DefaultContextCache  Spring test ApplicationContext cache statistics: [DefaultContextCache@12f8b1d8 size = 1, maxSize = 32, parentContextCount = 0, hitCount = 16, missCount = 1]
15:20:53 DEBUG ontextLoaderDelegate Retrieved ApplicationContext [1800649922] from cache with key [[MergedContextConfiguration@1023150a testClass = CategoryServiceImplIT, locations = '{classpath*:test-db.xml, classpath*:service-context-test.xml}', classes = '{}', contextInitializerClasses = '[]', activeProfiles = '{}', propertySourceLocations = '{}', propertySourceProperties = '{}', contextCustomizers = set[[empty]], contextLoader = 'org.springframework.test.context.support.DelegatingSmartContextLoader', parent = [null]]]
15:20:53 DEBUG DefaultContextCache  Spring test ApplicationContext cache statistics: [DefaultContextCache@12f8b1d8 size = 1, maxSize = 32, parentContextCount = 0, hitCount = 17, missCount = 1]
15:20:53 DEBUG estExecutionListener Before test method: context [DefaultTestContext@69e49a81 testClass = CategoryServiceImplIT, testInstance = com.epam.brest.service.impl.CategoryServiceImplIT@e3994ef, testMethod = testCount@CategoryServiceImplIT, testException = [null], mergedContextConfiguration = [MergedContextConfiguration@1023150a testClass = CategoryServiceImplIT, locations = '{classpath*:test-db.xml, classpath*:service-context-test.xml}', classes = '{}', contextInitializerClasses = '[]', activeProfiles = '{}', propertySourceLocations = '{}', propertySourceProperties = '{}', contextCustomizers = set[[empty]], contextLoader = 'org.springframework.test.context.support.DelegatingSmartContextLoader', parent = [null]], attributes = map['org.springframework.test.context.event.ApplicationEventsTestExecutionListener.recordApplicationEvents' -> false]], class annotated with @DirtiesContext [false] with mode [null], method annotated with @DirtiesContext [false] with mode [null].
15:20:53 DEBUG estExecutionListener Explicit transaction definition [PROPAGATION_REQUIRED,ISOLATION_DEFAULT] found for test context [DefaultTestContext@69e49a81 testClass = CategoryServiceImplIT, testInstance = com.epam.brest.service.impl.CategoryServiceImplIT@e3994ef, testMethod = testCount@CategoryServiceImplIT, testException = [null], mergedContextConfiguration = [MergedContextConfiguration@1023150a testClass = CategoryServiceImplIT, locations = '{classpath*:test-db.xml, classpath*:service-context-test.xml}', classes = '{}', contextInitializerClasses = '[]', activeProfiles = '{}', propertySourceLocations = '{}', propertySourceProperties = '{}', contextCustomizers = set[[empty]], contextLoader = 'org.springframework.test.context.support.DelegatingSmartContextLoader', parent = [null]], attributes = map['org.springframework.test.context.event.ApplicationEventsTestExecutionListener.recordApplicationEvents' -> false]]
15:20:53 DEBUG ontextLoaderDelegate Retrieved ApplicationContext [1800649922] from cache with key [[MergedContextConfiguration@1023150a testClass = CategoryServiceImplIT, locations = '{classpath*:test-db.xml, classpath*:service-context-test.xml}', classes = '{}', contextInitializerClasses = '[]', activeProfiles = '{}', propertySourceLocations = '{}', propertySourceProperties = '{}', contextCustomizers = set[[empty]], contextLoader = 'org.springframework.test.context.support.DelegatingSmartContextLoader', parent = [null]]]
15:20:53 DEBUG DefaultContextCache  Spring test ApplicationContext cache statistics: [DefaultContextCache@12f8b1d8 size = 1, maxSize = 32, parentContextCount = 0, hitCount = 18, missCount = 1]
15:20:53 DEBUG estExecutionListener No method-level @Rollback override: using default rollback [true] for test context [DefaultTestContext@69e49a81 testClass = CategoryServiceImplIT, testInstance = com.epam.brest.service.impl.CategoryServiceImplIT@e3994ef, testMethod = testCount@CategoryServiceImplIT, testException = [null], mergedContextConfiguration = [MergedContextConfiguration@1023150a testClass = CategoryServiceImplIT, locations = '{classpath*:test-db.xml, classpath*:service-context-test.xml}', classes = '{}', contextInitializerClasses = '[]', activeProfiles = '{}', propertySourceLocations = '{}', propertySourceProperties = '{}', contextCustomizers = set[[empty]], contextLoader = 'org.springframework.test.context.support.DelegatingSmartContextLoader', parent = [null]], attributes = map['org.springframework.test.context.event.ApplicationEventsTestExecutionListener.recordApplicationEvents' -> false]].
15:20:53 DEBUG rmTransactionManager Creating new transaction with name [com.epam.brest.service.impl.CategoryServiceImplIT.testCount]: PROPAGATION_REQUIRED,ISOLATION_DEFAULT
15:20:53 DEBUG verManagerDataSource Creating new JDBC DriverManager Connection to [jdbc:h2:mem:test-db;MODE=MySQL;DB_CLOSE_DELAY=-1]
15:20:53 DEBUG ceTransactionManager Acquired Connection [conn3: url=jdbc:h2:mem:test-db user=SA] for JDBC transaction
15:20:53 DEBUG ceTransactionManager Switching JDBC Connection [conn3: url=jdbc:h2:mem:test-db user=SA] to manual commit
15:20:53 INFO  TransactionContext   Began transaction (1) for test context [DefaultTestContext@69e49a81 testClass = CategoryServiceImplIT, testInstance = com.epam.brest.service.impl.CategoryServiceImplIT@e3994ef, testMethod = testCount@CategoryServiceImplIT, testException = [null], mergedContextConfiguration = [MergedContextConfiguration@1023150a testClass = CategoryServiceImplIT, locations = '{classpath*:test-db.xml, classpath*:service-context-test.xml}', classes = '{}', contextInitializerClasses = '[]', activeProfiles = '{}', propertySourceLocations = '{}', propertySourceProperties = '{}', contextCustomizers = set[[empty]], contextLoader = 'org.springframework.test.context.support.DelegatingSmartContextLoader', parent = [null]], attributes = map['org.springframework.test.context.event.ApplicationEventsTestExecutionListener.recordApplicationEvents' -> false]]; transaction manager [org.springframework.jdbc.datasource.DataSourceTransactionManager@2679311f]; rollback [true]
15:20:53 DEBUG ontextLoaderDelegate Retrieved ApplicationContext [1800649922] from cache with key [[MergedContextConfiguration@1023150a testClass = CategoryServiceImplIT, locations = '{classpath*:test-db.xml, classpath*:service-context-test.xml}', classes = '{}', contextInitializerClasses = '[]', activeProfiles = '{}', propertySourceLocations = '{}', propertySourceProperties = '{}', contextCustomizers = set[[empty]], contextLoader = 'org.springframework.test.context.support.DelegatingSmartContextLoader', parent = [null]]]
15:20:53 DEBUG DefaultContextCache  Spring test ApplicationContext cache statistics: [DefaultContextCache@12f8b1d8 size = 1, maxSize = 32, parentContextCount = 0, hitCount = 19, missCount = 1]
15:20:53 DEBUG ontextLoaderDelegate Retrieved ApplicationContext [1800649922] from cache with key [[MergedContextConfiguration@1023150a testClass = CategoryServiceImplIT, locations = '{classpath*:test-db.xml, classpath*:service-context-test.xml}', classes = '{}', contextInitializerClasses = '[]', activeProfiles = '{}', propertySourceLocations = '{}', propertySourceProperties = '{}', contextCustomizers = set[[empty]], contextLoader = 'org.springframework.test.context.support.DelegatingSmartContextLoader', parent = [null]]]
15:20:53 DEBUG DefaultContextCache  Spring test ApplicationContext cache statistics: [DefaultContextCache@12f8b1d8 size = 1, maxSize = 32, parentContextCount = 0, hitCount = 20, missCount = 1]
15:20:53 DEBUG ategoryServiceImplIT Execute IT test count()
15:20:53 DEBUG CategoryServiceImpl  count()
15:20:53 DEBUG CategoryDaoJDBCImpl  count()
15:20:53 DEBUG JdbcTemplate         Executing prepared SQL query
15:20:53 DEBUG JdbcTemplate         Executing prepared SQL statement [SELECT count(*) FROM category]
15:20:53 DEBUG ontextLoaderDelegate Retrieved ApplicationContext [1800649922] from cache with key [[MergedContextConfiguration@1023150a testClass = CategoryServiceImplIT, locations = '{classpath*:test-db.xml, classpath*:service-context-test.xml}', classes = '{}', contextInitializerClasses = '[]', activeProfiles = '{}', propertySourceLocations = '{}', propertySourceProperties = '{}', contextCustomizers = set[[empty]], contextLoader = 'org.springframework.test.context.support.DelegatingSmartContextLoader', parent = [null]]]
15:20:53 DEBUG DefaultContextCache  Spring test ApplicationContext cache statistics: [DefaultContextCache@12f8b1d8 size = 1, maxSize = 32, parentContextCount = 0, hitCount = 21, missCount = 1]
15:20:53 DEBUG ontextLoaderDelegate Retrieved ApplicationContext [1800649922] from cache with key [[MergedContextConfiguration@1023150a testClass = CategoryServiceImplIT, locations = '{classpath*:test-db.xml, classpath*:service-context-test.xml}', classes = '{}', contextInitializerClasses = '[]', activeProfiles = '{}', propertySourceLocations = '{}', propertySourceProperties = '{}', contextCustomizers = set[[empty]], contextLoader = 'org.springframework.test.context.support.DelegatingSmartContextLoader', parent = [null]]]
15:20:53 DEBUG DefaultContextCache  Spring test ApplicationContext cache statistics: [DefaultContextCache@12f8b1d8 size = 1, maxSize = 32, parentContextCount = 0, hitCount = 22, missCount = 1]
15:20:53 DEBUG rmTransactionManager Initiating transaction rollback
15:20:53 DEBUG ceTransactionManager Rolling back JDBC transaction on Connection [conn3: url=jdbc:h2:mem:test-db user=SA]
15:20:53 DEBUG ceTransactionManager Releasing JDBC Connection [conn3: url=jdbc:h2:mem:test-db user=SA] after transaction
15:20:53 INFO  TransactionContext   Rolled back transaction for test: [DefaultTestContext@69e49a81 testClass = CategoryServiceImplIT, testInstance = com.epam.brest.service.impl.CategoryServiceImplIT@e3994ef, testMethod = testCount@CategoryServiceImplIT, testException = [null], mergedContextConfiguration = [MergedContextConfiguration@1023150a testClass = CategoryServiceImplIT, locations = '{classpath*:test-db.xml, classpath*:service-context-test.xml}', classes = '{}', contextInitializerClasses = '[]', activeProfiles = '{}', propertySourceLocations = '{}', propertySourceProperties = '{}', contextCustomizers = set[[empty]], contextLoader = 'org.springframework.test.context.support.DelegatingSmartContextLoader', parent = [null]], attributes = map['org.springframework.test.context.event.ApplicationEventsTestExecutionListener.recordApplicationEvents' -> false]]
15:20:53 DEBUG estExecutionListener After test method: context [DefaultTestContext@69e49a81 testClass = CategoryServiceImplIT, testInstance = com.epam.brest.service.impl.CategoryServiceImplIT@e3994ef, testMethod = testCount@CategoryServiceImplIT, testException = [null], mergedContextConfiguration = [MergedContextConfiguration@1023150a testClass = CategoryServiceImplIT, locations = '{classpath*:test-db.xml, classpath*:service-context-test.xml}', classes = '{}', contextInitializerClasses = '[]', activeProfiles = '{}', propertySourceLocations = '{}', propertySourceProperties = '{}', contextCustomizers = set[[empty]], contextLoader = 'org.springframework.test.context.support.DelegatingSmartContextLoader', parent = [null]], attributes = map['org.springframework.test.context.event.ApplicationEventsTestExecutionListener.recordApplicationEvents' -> false]], class annotated with @DirtiesContext [false] with mode [null], method annotated with @DirtiesContext [false] with mode [null].
]]></system-out>
  </testcase>
  <testcase name="testCreate" classname="com.epam.brest.service.impl.CategoryServiceImplIT" time="0.024">
    <system-out><![CDATA[15:20:53 DEBUG estExecutionListener Performing dependency injection for test context [[DefaultTestContext@69e49a81 testClass = CategoryServiceImplIT, testInstance = com.epam.brest.service.impl.CategoryServiceImplIT@1ffcf674, testMethod = [null], testException = [null], mergedContextConfiguration = [MergedContextConfiguration@1023150a testClass = CategoryServiceImplIT, locations = '{classpath*:test-db.xml, classpath*:service-context-test.xml}', classes = '{}', contextInitializerClasses = '[]', activeProfiles = '{}', propertySourceLocations = '{}', propertySourceProperties = '{}', contextCustomizers = set[[empty]], contextLoader = 'org.springframework.test.context.support.DelegatingSmartContextLoader', parent = [null]], attributes = map['org.springframework.test.context.event.ApplicationEventsTestExecutionListener.recordApplicationEvents' -> false]]].
15:20:53 DEBUG ontextLoaderDelegate Retrieved ApplicationContext [1800649922] from cache with key [[MergedContextConfiguration@1023150a testClass = CategoryServiceImplIT, locations = '{classpath*:test-db.xml, classpath*:service-context-test.xml}', classes = '{}', contextInitializerClasses = '[]', activeProfiles = '{}', propertySourceLocations = '{}', propertySourceProperties = '{}', contextCustomizers = set[[empty]], contextLoader = 'org.springframework.test.context.support.DelegatingSmartContextLoader', parent = [null]]]
15:20:53 DEBUG DefaultContextCache  Spring test ApplicationContext cache statistics: [DefaultContextCache@12f8b1d8 size = 1, maxSize = 32, parentContextCount = 0, hitCount = 23, missCount = 1]
15:20:53 DEBUG ontextLoaderDelegate Retrieved ApplicationContext [1800649922] from cache with key [[MergedContextConfiguration@1023150a testClass = CategoryServiceImplIT, locations = '{classpath*:test-db.xml, classpath*:service-context-test.xml}', classes = '{}', contextInitializerClasses = '[]', activeProfiles = '{}', propertySourceLocations = '{}', propertySourceProperties = '{}', contextCustomizers = set[[empty]], contextLoader = 'org.springframework.test.context.support.DelegatingSmartContextLoader', parent = [null]]]
15:20:53 DEBUG DefaultContextCache  Spring test ApplicationContext cache statistics: [DefaultContextCache@12f8b1d8 size = 1, maxSize = 32, parentContextCount = 0, hitCount = 24, missCount = 1]
15:20:53 DEBUG estExecutionListener Before test method: context [DefaultTestContext@69e49a81 testClass = CategoryServiceImplIT, testInstance = com.epam.brest.service.impl.CategoryServiceImplIT@1ffcf674, testMethod = testCreate@CategoryServiceImplIT, testException = [null], mergedContextConfiguration = [MergedContextConfiguration@1023150a testClass = CategoryServiceImplIT, locations = '{classpath*:test-db.xml, classpath*:service-context-test.xml}', classes = '{}', contextInitializerClasses = '[]', activeProfiles = '{}', propertySourceLocations = '{}', propertySourceProperties = '{}', contextCustomizers = set[[empty]], contextLoader = 'org.springframework.test.context.support.DelegatingSmartContextLoader', parent = [null]], attributes = map['org.springframework.test.context.event.ApplicationEventsTestExecutionListener.recordApplicationEvents' -> false]], class annotated with @DirtiesContext [false] with mode [null], method annotated with @DirtiesContext [false] with mode [null].
15:20:53 DEBUG estExecutionListener Explicit transaction definition [PROPAGATION_REQUIRED,ISOLATION_DEFAULT] found for test context [DefaultTestContext@69e49a81 testClass = CategoryServiceImplIT, testInstance = com.epam.brest.service.impl.CategoryServiceImplIT@1ffcf674, testMethod = testCreate@CategoryServiceImplIT, testException = [null], mergedContextConfiguration = [MergedContextConfiguration@1023150a testClass = CategoryServiceImplIT, locations = '{classpath*:test-db.xml, classpath*:service-context-test.xml}', classes = '{}', contextInitializerClasses = '[]', activeProfiles = '{}', propertySourceLocations = '{}', propertySourceProperties = '{}', contextCustomizers = set[[empty]], contextLoader = 'org.springframework.test.context.support.DelegatingSmartContextLoader', parent = [null]], attributes = map['org.springframework.test.context.event.ApplicationEventsTestExecutionListener.recordApplicationEvents' -> false]]
15:20:53 DEBUG ontextLoaderDelegate Retrieved ApplicationContext [1800649922] from cache with key [[MergedContextConfiguration@1023150a testClass = CategoryServiceImplIT, locations = '{classpath*:test-db.xml, classpath*:service-context-test.xml}', classes = '{}', contextInitializerClasses = '[]', activeProfiles = '{}', propertySourceLocations = '{}', propertySourceProperties = '{}', contextCustomizers = set[[empty]], contextLoader = 'org.springframework.test.context.support.DelegatingSmartContextLoader', parent = [null]]]
15:20:53 DEBUG DefaultContextCache  Spring test ApplicationContext cache statistics: [DefaultContextCache@12f8b1d8 size = 1, maxSize = 32, parentContextCount = 0, hitCount = 25, missCount = 1]
15:20:53 DEBUG estExecutionListener No method-level @Rollback override: using default rollback [true] for test context [DefaultTestContext@69e49a81 testClass = CategoryServiceImplIT, testInstance = com.epam.brest.service.impl.CategoryServiceImplIT@1ffcf674, testMethod = testCreate@CategoryServiceImplIT, testException = [null], mergedContextConfiguration = [MergedContextConfiguration@1023150a testClass = CategoryServiceImplIT, locations = '{classpath*:test-db.xml, classpath*:service-context-test.xml}', classes = '{}', contextInitializerClasses = '[]', activeProfiles = '{}', propertySourceLocations = '{}', propertySourceProperties = '{}', contextCustomizers = set[[empty]], contextLoader = 'org.springframework.test.context.support.DelegatingSmartContextLoader', parent = [null]], attributes = map['org.springframework.test.context.event.ApplicationEventsTestExecutionListener.recordApplicationEvents' -> false]].
15:20:53 DEBUG rmTransactionManager Creating new transaction with name [com.epam.brest.service.impl.CategoryServiceImplIT.testCreate]: PROPAGATION_REQUIRED,ISOLATION_DEFAULT
15:20:53 DEBUG verManagerDataSource Creating new JDBC DriverManager Connection to [jdbc:h2:mem:test-db;MODE=MySQL;DB_CLOSE_DELAY=-1]
15:20:53 DEBUG ceTransactionManager Acquired Connection [conn4: url=jdbc:h2:mem:test-db user=SA] for JDBC transaction
15:20:53 DEBUG ceTransactionManager Switching JDBC Connection [conn4: url=jdbc:h2:mem:test-db user=SA] to manual commit
15:20:53 INFO  TransactionContext   Began transaction (1) for test context [DefaultTestContext@69e49a81 testClass = CategoryServiceImplIT, testInstance = com.epam.brest.service.impl.CategoryServiceImplIT@1ffcf674, testMethod = testCreate@CategoryServiceImplIT, testException = [null], mergedContextConfiguration = [MergedContextConfiguration@1023150a testClass = CategoryServiceImplIT, locations = '{classpath*:test-db.xml, classpath*:service-context-test.xml}', classes = '{}', contextInitializerClasses = '[]', activeProfiles = '{}', propertySourceLocations = '{}', propertySourceProperties = '{}', contextCustomizers = set[[empty]], contextLoader = 'org.springframework.test.context.support.DelegatingSmartContextLoader', parent = [null]], attributes = map['org.springframework.test.context.event.ApplicationEventsTestExecutionListener.recordApplicationEvents' -> false]]; transaction manager [org.springframework.jdbc.datasource.DataSourceTransactionManager@2679311f]; rollback [true]
15:20:53 DEBUG ontextLoaderDelegate Retrieved ApplicationContext [1800649922] from cache with key [[MergedContextConfiguration@1023150a testClass = CategoryServiceImplIT, locations = '{classpath*:test-db.xml, classpath*:service-context-test.xml}', classes = '{}', contextInitializerClasses = '[]', activeProfiles = '{}', propertySourceLocations = '{}', propertySourceProperties = '{}', contextCustomizers = set[[empty]], contextLoader = 'org.springframework.test.context.support.DelegatingSmartContextLoader', parent = [null]]]
15:20:53 DEBUG DefaultContextCache  Spring test ApplicationContext cache statistics: [DefaultContextCache@12f8b1d8 size = 1, maxSize = 32, parentContextCount = 0, hitCount = 26, missCount = 1]
15:20:53 DEBUG ontextLoaderDelegate Retrieved ApplicationContext [1800649922] from cache with key [[MergedContextConfiguration@1023150a testClass = CategoryServiceImplIT, locations = '{classpath*:test-db.xml, classpath*:service-context-test.xml}', classes = '{}', contextInitializerClasses = '[]', activeProfiles = '{}', propertySourceLocations = '{}', propertySourceProperties = '{}', contextCustomizers = set[[empty]], contextLoader = 'org.springframework.test.context.support.DelegatingSmartContextLoader', parent = [null]]]
15:20:53 DEBUG DefaultContextCache  Spring test ApplicationContext cache statistics: [DefaultContextCache@12f8b1d8 size = 1, maxSize = 32, parentContextCount = 0, hitCount = 27, missCount = 1]
15:20:53 DEBUG ategoryServiceImplIT Execute IT test create()
15:20:53 DEBUG CategoryServiceImpl  count()
15:20:53 DEBUG CategoryDaoJDBCImpl  count()
15:20:53 DEBUG JdbcTemplate         Executing prepared SQL query
15:20:53 DEBUG JdbcTemplate         Executing prepared SQL statement [SELECT count(*) FROM category]
15:20:53 DEBUG CategoryServiceImpl  create(com.epam.brest.model.Category@12b5454f)
15:20:53 DEBUG CategoryDaoJDBCImpl  Start: create(com.epam.brest.model.Category@12b5454f)
15:20:53 DEBUG CategoryDaoJDBCImpl  Check categoryName : Tickets on unique
15:20:53 DEBUG JdbcTemplate         Executing prepared SQL query
15:20:53 DEBUG JdbcTemplate         Executing prepared SQL statement [SELECT count(c.category_name) FROM category c WHERE lower(c.category_name) = lower(?)]
15:20:53 DEBUG JdbcTemplate         Executing SQL update and returning generated keys
15:20:53 DEBUG JdbcTemplate         Executing prepared SQL statement [INSERT INTO category(category_name) VALUES (?)]
15:20:53 DEBUG CategoryServiceImpl  count()
15:20:53 DEBUG CategoryDaoJDBCImpl  count()
15:20:53 DEBUG JdbcTemplate         Executing prepared SQL query
15:20:53 DEBUG JdbcTemplate         Executing prepared SQL statement [SELECT count(*) FROM category]
15:20:53 DEBUG ontextLoaderDelegate Retrieved ApplicationContext [1800649922] from cache with key [[MergedContextConfiguration@1023150a testClass = CategoryServiceImplIT, locations = '{classpath*:test-db.xml, classpath*:service-context-test.xml}', classes = '{}', contextInitializerClasses = '[]', activeProfiles = '{}', propertySourceLocations = '{}', propertySourceProperties = '{}', contextCustomizers = set[[empty]], contextLoader = 'org.springframework.test.context.support.DelegatingSmartContextLoader', parent = [null]]]
15:20:53 DEBUG DefaultContextCache  Spring test ApplicationContext cache statistics: [DefaultContextCache@12f8b1d8 size = 1, maxSize = 32, parentContextCount = 0, hitCount = 28, missCount = 1]
15:20:53 DEBUG ontextLoaderDelegate Retrieved ApplicationContext [1800649922] from cache with key [[MergedContextConfiguration@1023150a testClass = CategoryServiceImplIT, locations = '{classpath*:test-db.xml, classpath*:service-context-test.xml}', classes = '{}', contextInitializerClasses = '[]', activeProfiles = '{}', propertySourceLocations = '{}', propertySourceProperties = '{}', contextCustomizers = set[[empty]], contextLoader = 'org.springframework.test.context.support.DelegatingSmartContextLoader', parent = [null]]]
15:20:53 DEBUG DefaultContextCache  Spring test ApplicationContext cache statistics: [DefaultContextCache@12f8b1d8 size = 1, maxSize = 32, parentContextCount = 0, hitCount = 29, missCount = 1]
15:20:53 DEBUG rmTransactionManager Initiating transaction rollback
15:20:53 DEBUG ceTransactionManager Rolling back JDBC transaction on Connection [conn4: url=jdbc:h2:mem:test-db user=SA]
15:20:53 DEBUG ceTransactionManager Releasing JDBC Connection [conn4: url=jdbc:h2:mem:test-db user=SA] after transaction
15:20:53 INFO  TransactionContext   Rolled back transaction for test: [DefaultTestContext@69e49a81 testClass = CategoryServiceImplIT, testInstance = com.epam.brest.service.impl.CategoryServiceImplIT@1ffcf674, testMethod = testCreate@CategoryServiceImplIT, testException = [null], mergedContextConfiguration = [MergedContextConfiguration@1023150a testClass = CategoryServiceImplIT, locations = '{classpath*:test-db.xml, classpath*:service-context-test.xml}', classes = '{}', contextInitializerClasses = '[]', activeProfiles = '{}', propertySourceLocations = '{}', propertySourceProperties = '{}', contextCustomizers = set[[empty]], contextLoader = 'org.springframework.test.context.support.DelegatingSmartContextLoader', parent = [null]], attributes = map['org.springframework.test.context.event.ApplicationEventsTestExecutionListener.recordApplicationEvents' -> false]]
15:20:53 DEBUG estExecutionListener After test method: context [DefaultTestContext@69e49a81 testClass = CategoryServiceImplIT, testInstance = com.epam.brest.service.impl.CategoryServiceImplIT@1ffcf674, testMethod = testCreate@CategoryServiceImplIT, testException = [null], mergedContextConfiguration = [MergedContextConfiguration@1023150a testClass = CategoryServiceImplIT, locations = '{classpath*:test-db.xml, classpath*:service-context-test.xml}', classes = '{}', contextInitializerClasses = '[]', activeProfiles = '{}', propertySourceLocations = '{}', propertySourceProperties = '{}', contextCustomizers = set[[empty]], contextLoader = 'org.springframework.test.context.support.DelegatingSmartContextLoader', parent = [null]], attributes = map['org.springframework.test.context.event.ApplicationEventsTestExecutionListener.recordApplicationEvents' -> false]], class annotated with @DirtiesContext [false] with mode [null], method annotated with @DirtiesContext [false] with mode [null].
]]></system-out>
  </testcase>
  <testcase name="testDelete" classname="com.epam.brest.service.impl.CategoryServiceImplIT" time="0.02">
    <system-out><![CDATA[15:20:53 DEBUG estExecutionListener Performing dependency injection for test context [[DefaultTestContext@69e49a81 testClass = CategoryServiceImplIT, testInstance = com.epam.brest.service.impl.CategoryServiceImplIT@116a2108, testMethod = [null], testException = [null], mergedContextConfiguration = [MergedContextConfiguration@1023150a testClass = CategoryServiceImplIT, locations = '{classpath*:test-db.xml, classpath*:service-context-test.xml}', classes = '{}', contextInitializerClasses = '[]', activeProfiles = '{}', propertySourceLocations = '{}', propertySourceProperties = '{}', contextCustomizers = set[[empty]], contextLoader = 'org.springframework.test.context.support.DelegatingSmartContextLoader', parent = [null]], attributes = map['org.springframework.test.context.event.ApplicationEventsTestExecutionListener.recordApplicationEvents' -> false]]].
15:20:53 DEBUG ontextLoaderDelegate Retrieved ApplicationContext [1800649922] from cache with key [[MergedContextConfiguration@1023150a testClass = CategoryServiceImplIT, locations = '{classpath*:test-db.xml, classpath*:service-context-test.xml}', classes = '{}', contextInitializerClasses = '[]', activeProfiles = '{}', propertySourceLocations = '{}', propertySourceProperties = '{}', contextCustomizers = set[[empty]], contextLoader = 'org.springframework.test.context.support.DelegatingSmartContextLoader', parent = [null]]]
15:20:53 DEBUG DefaultContextCache  Spring test ApplicationContext cache statistics: [DefaultContextCache@12f8b1d8 size = 1, maxSize = 32, parentContextCount = 0, hitCount = 30, missCount = 1]
15:20:53 DEBUG ontextLoaderDelegate Retrieved ApplicationContext [1800649922] from cache with key [[MergedContextConfiguration@1023150a testClass = CategoryServiceImplIT, locations = '{classpath*:test-db.xml, classpath*:service-context-test.xml}', classes = '{}', contextInitializerClasses = '[]', activeProfiles = '{}', propertySourceLocations = '{}', propertySourceProperties = '{}', contextCustomizers = set[[empty]], contextLoader = 'org.springframework.test.context.support.DelegatingSmartContextLoader', parent = [null]]]
15:20:53 DEBUG DefaultContextCache  Spring test ApplicationContext cache statistics: [DefaultContextCache@12f8b1d8 size = 1, maxSize = 32, parentContextCount = 0, hitCount = 31, missCount = 1]
15:20:53 DEBUG estExecutionListener Before test method: context [DefaultTestContext@69e49a81 testClass = CategoryServiceImplIT, testInstance = com.epam.brest.service.impl.CategoryServiceImplIT@116a2108, testMethod = testDelete@CategoryServiceImplIT, testException = [null], mergedContextConfiguration = [MergedContextConfiguration@1023150a testClass = CategoryServiceImplIT, locations = '{classpath*:test-db.xml, classpath*:service-context-test.xml}', classes = '{}', contextInitializerClasses = '[]', activeProfiles = '{}', propertySourceLocations = '{}', propertySourceProperties = '{}', contextCustomizers = set[[empty]], contextLoader = 'org.springframework.test.context.support.DelegatingSmartContextLoader', parent = [null]], attributes = map['org.springframework.test.context.event.ApplicationEventsTestExecutionListener.recordApplicationEvents' -> false]], class annotated with @DirtiesContext [false] with mode [null], method annotated with @DirtiesContext [false] with mode [null].
15:20:53 DEBUG estExecutionListener Explicit transaction definition [PROPAGATION_REQUIRED,ISOLATION_DEFAULT] found for test context [DefaultTestContext@69e49a81 testClass = CategoryServiceImplIT, testInstance = com.epam.brest.service.impl.CategoryServiceImplIT@116a2108, testMethod = testDelete@CategoryServiceImplIT, testException = [null], mergedContextConfiguration = [MergedContextConfiguration@1023150a testClass = CategoryServiceImplIT, locations = '{classpath*:test-db.xml, classpath*:service-context-test.xml}', classes = '{}', contextInitializerClasses = '[]', activeProfiles = '{}', propertySourceLocations = '{}', propertySourceProperties = '{}', contextCustomizers = set[[empty]], contextLoader = 'org.springframework.test.context.support.DelegatingSmartContextLoader', parent = [null]], attributes = map['org.springframework.test.context.event.ApplicationEventsTestExecutionListener.recordApplicationEvents' -> false]]
15:20:53 DEBUG ontextLoaderDelegate Retrieved ApplicationContext [1800649922] from cache with key [[MergedContextConfiguration@1023150a testClass = CategoryServiceImplIT, locations = '{classpath*:test-db.xml, classpath*:service-context-test.xml}', classes = '{}', contextInitializerClasses = '[]', activeProfiles = '{}', propertySourceLocations = '{}', propertySourceProperties = '{}', contextCustomizers = set[[empty]], contextLoader = 'org.springframework.test.context.support.DelegatingSmartContextLoader', parent = [null]]]
15:20:53 DEBUG DefaultContextCache  Spring test ApplicationContext cache statistics: [DefaultContextCache@12f8b1d8 size = 1, maxSize = 32, parentContextCount = 0, hitCount = 32, missCount = 1]
15:20:53 DEBUG estExecutionListener No method-level @Rollback override: using default rollback [true] for test context [DefaultTestContext@69e49a81 testClass = CategoryServiceImplIT, testInstance = com.epam.brest.service.impl.CategoryServiceImplIT@116a2108, testMethod = testDelete@CategoryServiceImplIT, testException = [null], mergedContextConfiguration = [MergedContextConfiguration@1023150a testClass = CategoryServiceImplIT, locations = '{classpath*:test-db.xml, classpath*:service-context-test.xml}', classes = '{}', contextInitializerClasses = '[]', activeProfiles = '{}', propertySourceLocations = '{}', propertySourceProperties = '{}', contextCustomizers = set[[empty]], contextLoader = 'org.springframework.test.context.support.DelegatingSmartContextLoader', parent = [null]], attributes = map['org.springframework.test.context.event.ApplicationEventsTestExecutionListener.recordApplicationEvents' -> false]].
15:20:53 DEBUG rmTransactionManager Creating new transaction with name [com.epam.brest.service.impl.CategoryServiceImplIT.testDelete]: PROPAGATION_REQUIRED,ISOLATION_DEFAULT
15:20:53 DEBUG verManagerDataSource Creating new JDBC DriverManager Connection to [jdbc:h2:mem:test-db;MODE=MySQL;DB_CLOSE_DELAY=-1]
15:20:53 DEBUG ceTransactionManager Acquired Connection [conn5: url=jdbc:h2:mem:test-db user=SA] for JDBC transaction
15:20:53 DEBUG ceTransactionManager Switching JDBC Connection [conn5: url=jdbc:h2:mem:test-db user=SA] to manual commit
15:20:53 INFO  TransactionContext   Began transaction (1) for test context [DefaultTestContext@69e49a81 testClass = CategoryServiceImplIT, testInstance = com.epam.brest.service.impl.CategoryServiceImplIT@116a2108, testMethod = testDelete@CategoryServiceImplIT, testException = [null], mergedContextConfiguration = [MergedContextConfiguration@1023150a testClass = CategoryServiceImplIT, locations = '{classpath*:test-db.xml, classpath*:service-context-test.xml}', classes = '{}', contextInitializerClasses = '[]', activeProfiles = '{}', propertySourceLocations = '{}', propertySourceProperties = '{}', contextCustomizers = set[[empty]], contextLoader = 'org.springframework.test.context.support.DelegatingSmartContextLoader', parent = [null]], attributes = map['org.springframework.test.context.event.ApplicationEventsTestExecutionListener.recordApplicationEvents' -> false]]; transaction manager [org.springframework.jdbc.datasource.DataSourceTransactionManager@2679311f]; rollback [true]
15:20:53 DEBUG ontextLoaderDelegate Retrieved ApplicationContext [1800649922] from cache with key [[MergedContextConfiguration@1023150a testClass = CategoryServiceImplIT, locations = '{classpath*:test-db.xml, classpath*:service-context-test.xml}', classes = '{}', contextInitializerClasses = '[]', activeProfiles = '{}', propertySourceLocations = '{}', propertySourceProperties = '{}', contextCustomizers = set[[empty]], contextLoader = 'org.springframework.test.context.support.DelegatingSmartContextLoader', parent = [null]]]
15:20:53 DEBUG DefaultContextCache  Spring test ApplicationContext cache statistics: [DefaultContextCache@12f8b1d8 size = 1, maxSize = 32, parentContextCount = 0, hitCount = 33, missCount = 1]
15:20:53 DEBUG ontextLoaderDelegate Retrieved ApplicationContext [1800649922] from cache with key [[MergedContextConfiguration@1023150a testClass = CategoryServiceImplIT, locations = '{classpath*:test-db.xml, classpath*:service-context-test.xml}', classes = '{}', contextInitializerClasses = '[]', activeProfiles = '{}', propertySourceLocations = '{}', propertySourceProperties = '{}', contextCustomizers = set[[empty]], contextLoader = 'org.springframework.test.context.support.DelegatingSmartContextLoader', parent = [null]]]
15:20:53 DEBUG DefaultContextCache  Spring test ApplicationContext cache statistics: [DefaultContextCache@12f8b1d8 size = 1, maxSize = 32, parentContextCount = 0, hitCount = 34, missCount = 1]
15:20:53 DEBUG ategoryServiceImplIT Execute IT test delete()
15:20:53 DEBUG CategoryServiceImpl  create(com.epam.brest.model.Category@7c1c5936)
15:20:53 DEBUG CategoryDaoJDBCImpl  Start: create(com.epam.brest.model.Category@7c1c5936)
15:20:53 DEBUG CategoryDaoJDBCImpl  Check categoryName : Test Category on unique
15:20:53 DEBUG JdbcTemplate         Executing prepared SQL query
15:20:53 DEBUG JdbcTemplate         Executing prepared SQL statement [SELECT count(c.category_name) FROM category c WHERE lower(c.category_name) = lower(?)]
15:20:53 DEBUG JdbcTemplate         Executing SQL update and returning generated keys
15:20:53 DEBUG JdbcTemplate         Executing prepared SQL statement [INSERT INTO category(category_name) VALUES (?)]
15:20:53 DEBUG CategoryServiceImpl  find all categories
15:20:53 DEBUG CategoryDaoJDBCImpl  Start: findAllCategories()
15:20:53 DEBUG JdbcTemplate         Executing prepared SQL query
15:20:53 DEBUG JdbcTemplate         Executing prepared SQL statement [SELECT c.category_id, c.category_name FROM category c ORDER BY c.category_id]
15:20:53 DEBUG CategoryServiceImpl  delete category by Id 8
15:20:53 DEBUG CategoryDaoJDBCImpl  Delete category on id 8
15:20:53 DEBUG JdbcTemplate         Executing prepared SQL update
15:20:53 DEBUG JdbcTemplate         Executing prepared SQL statement [DELETE FROM category WHERE category_id = ?]
15:20:53 DEBUG CategoryServiceImpl  find all categories
15:20:53 DEBUG CategoryDaoJDBCImpl  Start: findAllCategories()
15:20:53 DEBUG JdbcTemplate         Executing prepared SQL query
15:20:53 DEBUG JdbcTemplate         Executing prepared SQL statement [SELECT c.category_id, c.category_name FROM category c ORDER BY c.category_id]
15:20:53 DEBUG ontextLoaderDelegate Retrieved ApplicationContext [1800649922] from cache with key [[MergedContextConfiguration@1023150a testClass = CategoryServiceImplIT, locations = '{classpath*:test-db.xml, classpath*:service-context-test.xml}', classes = '{}', contextInitializerClasses = '[]', activeProfiles = '{}', propertySourceLocations = '{}', propertySourceProperties = '{}', contextCustomizers = set[[empty]], contextLoader = 'org.springframework.test.context.support.DelegatingSmartContextLoader', parent = [null]]]
15:20:53 DEBUG DefaultContextCache  Spring test ApplicationContext cache statistics: [DefaultContextCache@12f8b1d8 size = 1, maxSize = 32, parentContextCount = 0, hitCount = 35, missCount = 1]
15:20:53 DEBUG ontextLoaderDelegate Retrieved ApplicationContext [1800649922] from cache with key [[MergedContextConfiguration@1023150a testClass = CategoryServiceImplIT, locations = '{classpath*:test-db.xml, classpath*:service-context-test.xml}', classes = '{}', contextInitializerClasses = '[]', activeProfiles = '{}', propertySourceLocations = '{}', propertySourceProperties = '{}', contextCustomizers = set[[empty]], contextLoader = 'org.springframework.test.context.support.DelegatingSmartContextLoader', parent = [null]]]
15:20:53 DEBUG DefaultContextCache  Spring test ApplicationContext cache statistics: [DefaultContextCache@12f8b1d8 size = 1, maxSize = 32, parentContextCount = 0, hitCount = 36, missCount = 1]
15:20:53 DEBUG rmTransactionManager Initiating transaction rollback
15:20:53 DEBUG ceTransactionManager Rolling back JDBC transaction on Connection [conn5: url=jdbc:h2:mem:test-db user=SA]
15:20:53 DEBUG ceTransactionManager Releasing JDBC Connection [conn5: url=jdbc:h2:mem:test-db user=SA] after transaction
15:20:53 INFO  TransactionContext   Rolled back transaction for test: [DefaultTestContext@69e49a81 testClass = CategoryServiceImplIT, testInstance = com.epam.brest.service.impl.CategoryServiceImplIT@116a2108, testMethod = testDelete@CategoryServiceImplIT, testException = [null], mergedContextConfiguration = [MergedContextConfiguration@1023150a testClass = CategoryServiceImplIT, locations = '{classpath*:test-db.xml, classpath*:service-context-test.xml}', classes = '{}', contextInitializerClasses = '[]', activeProfiles = '{}', propertySourceLocations = '{}', propertySourceProperties = '{}', contextCustomizers = set[[empty]], contextLoader = 'org.springframework.test.context.support.DelegatingSmartContextLoader', parent = [null]], attributes = map['org.springframework.test.context.event.ApplicationEventsTestExecutionListener.recordApplicationEvents' -> false]]
15:20:53 DEBUG estExecutionListener After test method: context [DefaultTestContext@69e49a81 testClass = CategoryServiceImplIT, testInstance = com.epam.brest.service.impl.CategoryServiceImplIT@116a2108, testMethod = testDelete@CategoryServiceImplIT, testException = [null], mergedContextConfiguration = [MergedContextConfiguration@1023150a testClass = CategoryServiceImplIT, locations = '{classpath*:test-db.xml, classpath*:service-context-test.xml}', classes = '{}', contextInitializerClasses = '[]', activeProfiles = '{}', propertySourceLocations = '{}', propertySourceProperties = '{}', contextCustomizers = set[[empty]], contextLoader = 'org.springframework.test.context.support.DelegatingSmartContextLoader', parent = [null]], attributes = map['org.springframework.test.context.event.ApplicationEventsTestExecutionListener.recordApplicationEvents' -> false]], class annotated with @DirtiesContext [false] with mode [null], method annotated with @DirtiesContext [false] with mode [null].
]]></system-out>
  </testcase>
  <testcase name="testCreateEqualsCategory" classname="com.epam.brest.service.impl.CategoryServiceImplIT" time="0.016">
    <system-out><![CDATA[15:20:53 DEBUG estExecutionListener Performing dependency injection for test context [[DefaultTestContext@69e49a81 testClass = CategoryServiceImplIT, testInstance = com.epam.brest.service.impl.CategoryServiceImplIT@15d0849, testMethod = [null], testException = [null], mergedContextConfiguration = [MergedContextConfiguration@1023150a testClass = CategoryServiceImplIT, locations = '{classpath*:test-db.xml, classpath*:service-context-test.xml}', classes = '{}', contextInitializerClasses = '[]', activeProfiles = '{}', propertySourceLocations = '{}', propertySourceProperties = '{}', contextCustomizers = set[[empty]], contextLoader = 'org.springframework.test.context.support.DelegatingSmartContextLoader', parent = [null]], attributes = map['org.springframework.test.context.event.ApplicationEventsTestExecutionListener.recordApplicationEvents' -> false]]].
15:20:53 DEBUG ontextLoaderDelegate Retrieved ApplicationContext [1800649922] from cache with key [[MergedContextConfiguration@1023150a testClass = CategoryServiceImplIT, locations = '{classpath*:test-db.xml, classpath*:service-context-test.xml}', classes = '{}', contextInitializerClasses = '[]', activeProfiles = '{}', propertySourceLocations = '{}', propertySourceProperties = '{}', contextCustomizers = set[[empty]], contextLoader = 'org.springframework.test.context.support.DelegatingSmartContextLoader', parent = [null]]]
15:20:53 DEBUG DefaultContextCache  Spring test ApplicationContext cache statistics: [DefaultContextCache@12f8b1d8 size = 1, maxSize = 32, parentContextCount = 0, hitCount = 37, missCount = 1]
15:20:53 DEBUG ontextLoaderDelegate Retrieved ApplicationContext [1800649922] from cache with key [[MergedContextConfiguration@1023150a testClass = CategoryServiceImplIT, locations = '{classpath*:test-db.xml, classpath*:service-context-test.xml}', classes = '{}', contextInitializerClasses = '[]', activeProfiles = '{}', propertySourceLocations = '{}', propertySourceProperties = '{}', contextCustomizers = set[[empty]], contextLoader = 'org.springframework.test.context.support.DelegatingSmartContextLoader', parent = [null]]]
15:20:53 DEBUG DefaultContextCache  Spring test ApplicationContext cache statistics: [DefaultContextCache@12f8b1d8 size = 1, maxSize = 32, parentContextCount = 0, hitCount = 38, missCount = 1]
15:20:53 DEBUG estExecutionListener Before test method: context [DefaultTestContext@69e49a81 testClass = CategoryServiceImplIT, testInstance = com.epam.brest.service.impl.CategoryServiceImplIT@15d0849, testMethod = testCreateEqualsCategory@CategoryServiceImplIT, testException = [null], mergedContextConfiguration = [MergedContextConfiguration@1023150a testClass = CategoryServiceImplIT, locations = '{classpath*:test-db.xml, classpath*:service-context-test.xml}', classes = '{}', contextInitializerClasses = '[]', activeProfiles = '{}', propertySourceLocations = '{}', propertySourceProperties = '{}', contextCustomizers = set[[empty]], contextLoader = 'org.springframework.test.context.support.DelegatingSmartContextLoader', parent = [null]], attributes = map['org.springframework.test.context.event.ApplicationEventsTestExecutionListener.recordApplicationEvents' -> false]], class annotated with @DirtiesContext [false] with mode [null], method annotated with @DirtiesContext [false] with mode [null].
15:20:53 DEBUG estExecutionListener Explicit transaction definition [PROPAGATION_REQUIRED,ISOLATION_DEFAULT] found for test context [DefaultTestContext@69e49a81 testClass = CategoryServiceImplIT, testInstance = com.epam.brest.service.impl.CategoryServiceImplIT@15d0849, testMethod = testCreateEqualsCategory@CategoryServiceImplIT, testException = [null], mergedContextConfiguration = [MergedContextConfiguration@1023150a testClass = CategoryServiceImplIT, locations = '{classpath*:test-db.xml, classpath*:service-context-test.xml}', classes = '{}', contextInitializerClasses = '[]', activeProfiles = '{}', propertySourceLocations = '{}', propertySourceProperties = '{}', contextCustomizers = set[[empty]], contextLoader = 'org.springframework.test.context.support.DelegatingSmartContextLoader', parent = [null]], attributes = map['org.springframework.test.context.event.ApplicationEventsTestExecutionListener.recordApplicationEvents' -> false]]
15:20:53 DEBUG ontextLoaderDelegate Retrieved ApplicationContext [1800649922] from cache with key [[MergedContextConfiguration@1023150a testClass = CategoryServiceImplIT, locations = '{classpath*:test-db.xml, classpath*:service-context-test.xml}', classes = '{}', contextInitializerClasses = '[]', activeProfiles = '{}', propertySourceLocations = '{}', propertySourceProperties = '{}', contextCustomizers = set[[empty]], contextLoader = 'org.springframework.test.context.support.DelegatingSmartContextLoader', parent = [null]]]
15:20:53 DEBUG DefaultContextCache  Spring test ApplicationContext cache statistics: [DefaultContextCache@12f8b1d8 size = 1, maxSize = 32, parentContextCount = 0, hitCount = 39, missCount = 1]
15:20:53 DEBUG estExecutionListener No method-level @Rollback override: using default rollback [true] for test context [DefaultTestContext@69e49a81 testClass = CategoryServiceImplIT, testInstance = com.epam.brest.service.impl.CategoryServiceImplIT@15d0849, testMethod = testCreateEqualsCategory@CategoryServiceImplIT, testException = [null], mergedContextConfiguration = [MergedContextConfiguration@1023150a testClass = CategoryServiceImplIT, locations = '{classpath*:test-db.xml, classpath*:service-context-test.xml}', classes = '{}', contextInitializerClasses = '[]', activeProfiles = '{}', propertySourceLocations = '{}', propertySourceProperties = '{}', contextCustomizers = set[[empty]], contextLoader = 'org.springframework.test.context.support.DelegatingSmartContextLoader', parent = [null]], attributes = map['org.springframework.test.context.event.ApplicationEventsTestExecutionListener.recordApplicationEvents' -> false]].
15:20:53 DEBUG rmTransactionManager Creating new transaction with name [com.epam.brest.service.impl.CategoryServiceImplIT.testCreateEqualsCategory]: PROPAGATION_REQUIRED,ISOLATION_DEFAULT
15:20:53 DEBUG verManagerDataSource Creating new JDBC DriverManager Connection to [jdbc:h2:mem:test-db;MODE=MySQL;DB_CLOSE_DELAY=-1]
15:20:53 DEBUG ceTransactionManager Acquired Connection [conn6: url=jdbc:h2:mem:test-db user=SA] for JDBC transaction
15:20:53 DEBUG ceTransactionManager Switching JDBC Connection [conn6: url=jdbc:h2:mem:test-db user=SA] to manual commit
15:20:53 INFO  TransactionContext   Began transaction (1) for test context [DefaultTestContext@69e49a81 testClass = CategoryServiceImplIT, testInstance = com.epam.brest.service.impl.CategoryServiceImplIT@15d0849, testMethod = testCreateEqualsCategory@CategoryServiceImplIT, testException = [null], mergedContextConfiguration = [MergedContextConfiguration@1023150a testClass = CategoryServiceImplIT, locations = '{classpath*:test-db.xml, classpath*:service-context-test.xml}', classes = '{}', contextInitializerClasses = '[]', activeProfiles = '{}', propertySourceLocations = '{}', propertySourceProperties = '{}', contextCustomizers = set[[empty]], contextLoader = 'org.springframework.test.context.support.DelegatingSmartContextLoader', parent = [null]], attributes = map['org.springframework.test.context.event.ApplicationEventsTestExecutionListener.recordApplicationEvents' -> false]]; transaction manager [org.springframework.jdbc.datasource.DataSourceTransactionManager@2679311f]; rollback [true]
15:20:53 DEBUG ontextLoaderDelegate Retrieved ApplicationContext [1800649922] from cache with key [[MergedContextConfiguration@1023150a testClass = CategoryServiceImplIT, locations = '{classpath*:test-db.xml, classpath*:service-context-test.xml}', classes = '{}', contextInitializerClasses = '[]', activeProfiles = '{}', propertySourceLocations = '{}', propertySourceProperties = '{}', contextCustomizers = set[[empty]], contextLoader = 'org.springframework.test.context.support.DelegatingSmartContextLoader', parent = [null]]]
15:20:53 DEBUG DefaultContextCache  Spring test ApplicationContext cache statistics: [DefaultContextCache@12f8b1d8 size = 1, maxSize = 32, parentContextCount = 0, hitCount = 40, missCount = 1]
15:20:53 DEBUG ontextLoaderDelegate Retrieved ApplicationContext [1800649922] from cache with key [[MergedContextConfiguration@1023150a testClass = CategoryServiceImplIT, locations = '{classpath*:test-db.xml, classpath*:service-context-test.xml}', classes = '{}', contextInitializerClasses = '[]', activeProfiles = '{}', propertySourceLocations = '{}', propertySourceProperties = '{}', contextCustomizers = set[[empty]], contextLoader = 'org.springframework.test.context.support.DelegatingSmartContextLoader', parent = [null]]]
15:20:53 DEBUG DefaultContextCache  Spring test ApplicationContext cache statistics: [DefaultContextCache@12f8b1d8 size = 1, maxSize = 32, parentContextCount = 0, hitCount = 41, missCount = 1]
15:20:53 DEBUG ategoryServiceImplIT Execute IT test CreateEqualsCategory()
15:20:53 DEBUG CategoryServiceImpl  create(com.epam.brest.model.Category@7c6189d5)
15:20:53 DEBUG CategoryDaoJDBCImpl  Start: create(com.epam.brest.model.Category@7c6189d5)
15:20:53 DEBUG CategoryDaoJDBCImpl  Check categoryName : Restaurant on unique
15:20:53 DEBUG JdbcTemplate         Executing prepared SQL query
15:20:53 DEBUG JdbcTemplate         Executing prepared SQL statement [SELECT count(c.category_name) FROM category c WHERE lower(c.category_name) = lower(?)]
15:20:53 DEBUG JdbcTemplate         Executing SQL update and returning generated keys
15:20:53 DEBUG JdbcTemplate         Executing prepared SQL statement [INSERT INTO category(category_name) VALUES (?)]
15:20:53 DEBUG CategoryServiceImpl  create(com.epam.brest.model.Category@7c6189d5)
15:20:53 DEBUG CategoryDaoJDBCImpl  Start: create(com.epam.brest.model.Category@7c6189d5)
15:20:53 DEBUG CategoryDaoJDBCImpl  Check categoryName : Restaurant on unique
15:20:53 DEBUG JdbcTemplate         Executing prepared SQL query
15:20:53 DEBUG JdbcTemplate         Executing prepared SQL statement [SELECT count(c.category_name) FROM category c WHERE lower(c.category_name) = lower(?)]
15:20:53 WARN  CategoryDaoJDBCImpl  Category with the same name Restaurant already exists
15:20:53 DEBUG ontextLoaderDelegate Retrieved ApplicationContext [1800649922] from cache with key [[MergedContextConfiguration@1023150a testClass = CategoryServiceImplIT, locations = '{classpath*:test-db.xml, classpath*:service-context-test.xml}', classes = '{}', contextInitializerClasses = '[]', activeProfiles = '{}', propertySourceLocations = '{}', propertySourceProperties = '{}', contextCustomizers = set[[empty]], contextLoader = 'org.springframework.test.context.support.DelegatingSmartContextLoader', parent = [null]]]
15:20:53 DEBUG DefaultContextCache  Spring test ApplicationContext cache statistics: [DefaultContextCache@12f8b1d8 size = 1, maxSize = 32, parentContextCount = 0, hitCount = 42, missCount = 1]
15:20:53 DEBUG ontextLoaderDelegate Retrieved ApplicationContext [1800649922] from cache with key [[MergedContextConfiguration@1023150a testClass = CategoryServiceImplIT, locations = '{classpath*:test-db.xml, classpath*:service-context-test.xml}', classes = '{}', contextInitializerClasses = '[]', activeProfiles = '{}', propertySourceLocations = '{}', propertySourceProperties = '{}', contextCustomizers = set[[empty]], contextLoader = 'org.springframework.test.context.support.DelegatingSmartContextLoader', parent = [null]]]
15:20:53 DEBUG DefaultContextCache  Spring test ApplicationContext cache statistics: [DefaultContextCache@12f8b1d8 size = 1, maxSize = 32, parentContextCount = 0, hitCount = 43, missCount = 1]
15:20:53 DEBUG rmTransactionManager Initiating transaction rollback
15:20:53 DEBUG ceTransactionManager Rolling back JDBC transaction on Connection [conn6: url=jdbc:h2:mem:test-db user=SA]
15:20:53 DEBUG ceTransactionManager Releasing JDBC Connection [conn6: url=jdbc:h2:mem:test-db user=SA] after transaction
15:20:53 INFO  TransactionContext   Rolled back transaction for test: [DefaultTestContext@69e49a81 testClass = CategoryServiceImplIT, testInstance = com.epam.brest.service.impl.CategoryServiceImplIT@15d0849, testMethod = testCreateEqualsCategory@CategoryServiceImplIT, testException = [null], mergedContextConfiguration = [MergedContextConfiguration@1023150a testClass = CategoryServiceImplIT, locations = '{classpath*:test-db.xml, classpath*:service-context-test.xml}', classes = '{}', contextInitializerClasses = '[]', activeProfiles = '{}', propertySourceLocations = '{}', propertySourceProperties = '{}', contextCustomizers = set[[empty]], contextLoader = 'org.springframework.test.context.support.DelegatingSmartContextLoader', parent = [null]], attributes = map['org.springframework.test.context.event.ApplicationEventsTestExecutionListener.recordApplicationEvents' -> false]]
15:20:53 DEBUG estExecutionListener After test method: context [DefaultTestContext@69e49a81 testClass = CategoryServiceImplIT, testInstance = com.epam.brest.service.impl.CategoryServiceImplIT@15d0849, testMethod = testCreateEqualsCategory@CategoryServiceImplIT, testException = [null], mergedContextConfiguration = [MergedContextConfiguration@1023150a testClass = CategoryServiceImplIT, locations = '{classpath*:test-db.xml, classpath*:service-context-test.xml}', classes = '{}', contextInitializerClasses = '[]', activeProfiles = '{}', propertySourceLocations = '{}', propertySourceProperties = '{}', contextCustomizers = set[[empty]], contextLoader = 'org.springframework.test.context.support.DelegatingSmartContextLoader', parent = [null]], attributes = map['org.springframework.test.context.event.ApplicationEventsTestExecutionListener.recordApplicationEvents' -> false]], class annotated with @DirtiesContext [false] with mode [null], method annotated with @DirtiesContext [false] with mode [null].
]]></system-out>
  </testcase>
  <testcase name="testUpdate" classname="com.epam.brest.service.impl.CategoryServiceImplIT" time="0.017">
    <system-out><![CDATA[15:20:53 DEBUG estExecutionListener Performing dependency injection for test context [[DefaultTestContext@69e49a81 testClass = CategoryServiceImplIT, testInstance = com.epam.brest.service.impl.CategoryServiceImplIT@66ad7bf0, testMethod = [null], testException = [null], mergedContextConfiguration = [MergedContextConfiguration@1023150a testClass = CategoryServiceImplIT, locations = '{classpath*:test-db.xml, classpath*:service-context-test.xml}', classes = '{}', contextInitializerClasses = '[]', activeProfiles = '{}', propertySourceLocations = '{}', propertySourceProperties = '{}', contextCustomizers = set[[empty]], contextLoader = 'org.springframework.test.context.support.DelegatingSmartContextLoader', parent = [null]], attributes = map['org.springframework.test.context.event.ApplicationEventsTestExecutionListener.recordApplicationEvents' -> false]]].
15:20:53 DEBUG ontextLoaderDelegate Retrieved ApplicationContext [1800649922] from cache with key [[MergedContextConfiguration@1023150a testClass = CategoryServiceImplIT, locations = '{classpath*:test-db.xml, classpath*:service-context-test.xml}', classes = '{}', contextInitializerClasses = '[]', activeProfiles = '{}', propertySourceLocations = '{}', propertySourceProperties = '{}', contextCustomizers = set[[empty]], contextLoader = 'org.springframework.test.context.support.DelegatingSmartContextLoader', parent = [null]]]
15:20:53 DEBUG DefaultContextCache  Spring test ApplicationContext cache statistics: [DefaultContextCache@12f8b1d8 size = 1, maxSize = 32, parentContextCount = 0, hitCount = 44, missCount = 1]
15:20:53 DEBUG ontextLoaderDelegate Retrieved ApplicationContext [1800649922] from cache with key [[MergedContextConfiguration@1023150a testClass = CategoryServiceImplIT, locations = '{classpath*:test-db.xml, classpath*:service-context-test.xml}', classes = '{}', contextInitializerClasses = '[]', activeProfiles = '{}', propertySourceLocations = '{}', propertySourceProperties = '{}', contextCustomizers = set[[empty]], contextLoader = 'org.springframework.test.context.support.DelegatingSmartContextLoader', parent = [null]]]
15:20:53 DEBUG DefaultContextCache  Spring test ApplicationContext cache statistics: [DefaultContextCache@12f8b1d8 size = 1, maxSize = 32, parentContextCount = 0, hitCount = 45, missCount = 1]
15:20:53 DEBUG estExecutionListener Before test method: context [DefaultTestContext@69e49a81 testClass = CategoryServiceImplIT, testInstance = com.epam.brest.service.impl.CategoryServiceImplIT@66ad7bf0, testMethod = testUpdate@CategoryServiceImplIT, testException = [null], mergedContextConfiguration = [MergedContextConfiguration@1023150a testClass = CategoryServiceImplIT, locations = '{classpath*:test-db.xml, classpath*:service-context-test.xml}', classes = '{}', contextInitializerClasses = '[]', activeProfiles = '{}', propertySourceLocations = '{}', propertySourceProperties = '{}', contextCustomizers = set[[empty]], contextLoader = 'org.springframework.test.context.support.DelegatingSmartContextLoader', parent = [null]], attributes = map['org.springframework.test.context.event.ApplicationEventsTestExecutionListener.recordApplicationEvents' -> false]], class annotated with @DirtiesContext [false] with mode [null], method annotated with @DirtiesContext [false] with mode [null].
15:20:53 DEBUG estExecutionListener Explicit transaction definition [PROPAGATION_REQUIRED,ISOLATION_DEFAULT] found for test context [DefaultTestContext@69e49a81 testClass = CategoryServiceImplIT, testInstance = com.epam.brest.service.impl.CategoryServiceImplIT@66ad7bf0, testMethod = testUpdate@CategoryServiceImplIT, testException = [null], mergedContextConfiguration = [MergedContextConfiguration@1023150a testClass = CategoryServiceImplIT, locations = '{classpath*:test-db.xml, classpath*:service-context-test.xml}', classes = '{}', contextInitializerClasses = '[]', activeProfiles = '{}', propertySourceLocations = '{}', propertySourceProperties = '{}', contextCustomizers = set[[empty]], contextLoader = 'org.springframework.test.context.support.DelegatingSmartContextLoader', parent = [null]], attributes = map['org.springframework.test.context.event.ApplicationEventsTestExecutionListener.recordApplicationEvents' -> false]]
15:20:53 DEBUG ontextLoaderDelegate Retrieved ApplicationContext [1800649922] from cache with key [[MergedContextConfiguration@1023150a testClass = CategoryServiceImplIT, locations = '{classpath*:test-db.xml, classpath*:service-context-test.xml}', classes = '{}', contextInitializerClasses = '[]', activeProfiles = '{}', propertySourceLocations = '{}', propertySourceProperties = '{}', contextCustomizers = set[[empty]], contextLoader = 'org.springframework.test.context.support.DelegatingSmartContextLoader', parent = [null]]]
15:20:53 DEBUG DefaultContextCache  Spring test ApplicationContext cache statistics: [DefaultContextCache@12f8b1d8 size = 1, maxSize = 32, parentContextCount = 0, hitCount = 46, missCount = 1]
15:20:53 DEBUG estExecutionListener No method-level @Rollback override: using default rollback [true] for test context [DefaultTestContext@69e49a81 testClass = CategoryServiceImplIT, testInstance = com.epam.brest.service.impl.CategoryServiceImplIT@66ad7bf0, testMethod = testUpdate@CategoryServiceImplIT, testException = [null], mergedContextConfiguration = [MergedContextConfiguration@1023150a testClass = CategoryServiceImplIT, locations = '{classpath*:test-db.xml, classpath*:service-context-test.xml}', classes = '{}', contextInitializerClasses = '[]', activeProfiles = '{}', propertySourceLocations = '{}', propertySourceProperties = '{}', contextCustomizers = set[[empty]], contextLoader = 'org.springframework.test.context.support.DelegatingSmartContextLoader', parent = [null]], attributes = map['org.springframework.test.context.event.ApplicationEventsTestExecutionListener.recordApplicationEvents' -> false]].
15:20:53 DEBUG rmTransactionManager Creating new transaction with name [com.epam.brest.service.impl.CategoryServiceImplIT.testUpdate]: PROPAGATION_REQUIRED,ISOLATION_DEFAULT
15:20:53 DEBUG verManagerDataSource Creating new JDBC DriverManager Connection to [jdbc:h2:mem:test-db;MODE=MySQL;DB_CLOSE_DELAY=-1]
15:20:53 DEBUG ceTransactionManager Acquired Connection [conn7: url=jdbc:h2:mem:test-db user=SA] for JDBC transaction
15:20:53 DEBUG ceTransactionManager Switching JDBC Connection [conn7: url=jdbc:h2:mem:test-db user=SA] to manual commit
[...]
15:20:53 DEBUG ontextLoaderDelegate Retrieved ApplicationContext [1800649922] from cache with key [[MergedContextConfiguration@1023150a testClass = CategoryServiceImplIT, locations = '{classpath*:test-db.xml, classpath*:service-context-test.xml}', classes = '{}', contextInitializerClasses = '[]', activeProfiles = '{}', propertySourceLocations = '{}', propertySourceProperties = '{}', contextCustomizers = set[[empty]], contextLoader = 'org.springframework.test.context.support.DelegatingSmartContextLoader', parent = [null]]]
15:20:53 DEBUG DefaultContextCache  Spring test ApplicationContext cache statistics: [DefaultContextCache@12f8b1d8 size = 1, maxSize = 32, parentContextCount = 0, hitCount = 47, missCount = 1]
15:20:53 DEBUG ontextLoaderDelegate Retrieved ApplicationContext [1800649922] from cache with key [[MergedContextConfiguration@1023150a testClass = CategoryServiceImplIT, locations = '{classpath*:test-db.xml, classpath*:service-context-test.xml}', classes = '{}', contextInitializerClasses = '[]', activeProfiles = '{}', propertySourceLocations = '{}', propertySourceProperties = '{}', contextCustomizers = set[[empty]], contextLoader = 'org.springframework.test.context.support.DelegatingSmartContextLoader', parent = [null]]]
15:20:53 DEBUG DefaultContextCache  Spring test ApplicationContext cache statistics: [DefaultContextCache@12f8b1d8 size = 1, maxSize = 32, parentContextCount = 0, hitCount = 48, missCount = 1]
15:20:53 DEBUG ategoryServiceImplIT Execute IT test update()
15:20:53 DEBUG CategoryServiceImpl  find all categories
15:20:53 DEBUG CategoryDaoJDBCImpl  Start: findAllCategories()
15:20:53 DEBUG JdbcTemplate         Executing prepared SQL query
15:20:53 DEBUG JdbcTemplate         Executing prepared SQL statement [SELECT c.category_id, c.category_name FROM category c ORDER BY c.category_id]
15:20:53 DEBUG CategoryServiceImpl  update category com.epam.brest.model.Category@9a6fbc0
15:20:53 DEBUG CategoryDaoJDBCImpl  Update category com.epam.brest.model.Category@9a6fbc0
15:20:53 DEBUG JdbcTemplate         Executing prepared SQL update
15:20:53 DEBUG JdbcTemplate         Executing prepared SQL statement [UPDATE category SET category_name = ? WHERE category_id = ?]
15:20:53 DEBUG CategoryServiceImpl  get Category By Id 1
15:20:53 DEBUG CategoryDaoJDBCImpl  Get category by id = 1
15:20:53 DEBUG JdbcTemplate         Executing prepared SQL query
15:20:53 DEBUG JdbcTemplate         Executing prepared SQL statement [SELECT c.category_id, c.category_name FROM category c WHERE c.category_id = ?]
15:20:53 DEBUG ontextLoaderDelegate Retrieved ApplicationContext [1800649922] from cache with key [[MergedContextConfiguration@1023150a testClass = CategoryServiceImplIT, locations = '{classpath*:test-db.xml, classpath*:service-context-test.xml}', classes = '{}', contextInitializerClasses = '[]', activeProfiles = '{}', propertySourceLocations = '{}', propertySourceProperties = '{}', contextCustomizers = set[[empty]], contextLoader = 'org.springframework.test.context.support.DelegatingSmartContextLoader', parent = [null]]]
15:20:53 DEBUG DefaultContextCache  Spring test ApplicationContext cache statistics: [DefaultContextCache@12f8b1d8 size = 1, maxSize = 32, parentContextCount = 0, hitCount = 49, missCount = 1]
15:20:53 DEBUG ontextLoaderDelegate Retrieved ApplicationContext [1800649922] from cache with key [[MergedContextConfiguration@1023150a testClass = CategoryServiceImplIT, locations = '{classpath*:test-db.xml, classpath*:service-context-test.xml}', classes = '{}', contextInitializerClasses = '[]', activeProfiles = '{}', propertySourceLocations = '{}', propertySourceProperties = '{}', contextCustomizers = set[[empty]], contextLoader = 'org.springframework.test.context.support.DelegatingSmartContextLoader', parent = [null]]]
15:20:53 DEBUG DefaultContextCache  Spring test ApplicationContext cache statistics: [DefaultContextCache@12f8b1d8 size = 1, maxSize = 32, parentContextCount = 0, hitCount = 50, missCount = 1]
15:20:53 DEBUG rmTransactionManager Initiating transaction rollback
15:20:53 DEBUG ceTransactionManager Rolling back JDBC transaction on Connection [conn7: url=jdbc:h2:mem:test-db user=SA]
15:20:53 DEBUG ceTransactionManager Releasing JDBC Connection [conn7: url=jdbc:h2:mem:test-db user=SA] after transaction
15:20:53 INFO  TransactionContext   Rolled back transaction for test: [DefaultTestContext@69e49a81 testClass = CategoryServiceImplIT, testInstance = com.epam.brest.service.impl.CategoryServiceImplIT@66ad7bf0, testMethod = testUpdate@CategoryServiceImplIT, testException = [null], mergedContextConfiguration = [MergedContextConfiguration@1023150a testClass = CategoryServiceImplIT, locations = '{classpath*:test-db.xml, classpath*:service-context-test.xml}', classes = '{}', contextInitializerClasses = '[]', activeProfiles = '{}', propertySourceLocations = '{}', propertySourceProperties = '{}', contextCustomizers = set[[empty]], contextLoader = 'org.springframework.test.context.support.DelegatingSmartContextLoader', parent = [null]], attributes = map['org.springframework.test.context.event.ApplicationEventsTestExecutionListener.recordApplicationEvents' -> false]]
15:20:53 DEBUG estExecutionListener After test method: context [DefaultTestContext@69e49a81 testClass = CategoryServiceImplIT, testInstance = com.epam.brest.service.impl.CategoryServiceImplIT@66ad7bf0, testMethod = testUpdate@CategoryServiceImplIT, testException = [null], mergedContextConfiguration = [MergedContextConfiguration@1023150a testClass = CategoryServiceImplIT, locations = '{classpath*:test-db.xml, classpath*:service-context-test.xml}', classes = '{}', contextInitializerClasses = '[]', activeProfiles = '{}', propertySourceLocations = '{}', propertySourceProperties = '{}', contextCustomizers = set[[empty]], contextLoader = 'org.springframework.test.context.support.DelegatingSmartContextLoader', parent = [null]], attributes = map['org.springframework.test.context.event.ApplicationEventsTestExecutionListener.recordApplicationEvents' -> false]], class annotated with @DirtiesContext [false] with mode [null], method annotated with @DirtiesContext [false] with mode [null].
]]></system-out>
  </testcase>
  <testcase name="testGetCategoryByID" classname="com.epam.brest.service.impl.CategoryServiceImplIT" time="0.009">
    <system-out><![CDATA[15:20:53 DEBUG estExecutionListener Performing dependency injection for test context [[DefaultTestContext@69e49a81 testClass = CategoryServiceImplIT, testInstance = com.epam.brest.service.impl.CategoryServiceImplIT@7a93b263, testMethod = [null], testException = [null], mergedContextConfiguration = [MergedContextConfiguration@1023150a testClass = CategoryServiceImplIT, locations = '{classpath*:test-db.xml, classpath*:service-context-test.xml}', classes = '{}', contextInitializerClasses = '[]', activeProfiles = '{}', propertySourceLocations = '{}', propertySourceProperties = '{}', contextCustomizers = set[[empty]], contextLoader = 'org.springframework.test.context.support.DelegatingSmartContextLoader', parent = [null]], attributes = map['org.springframework.test.context.event.ApplicationEventsTestExecutionListener.recordApplicationEvents' -> false]]].
15:20:53 DEBUG ontextLoaderDelegate Retrieved ApplicationContext [1800649922] from cache with key [[MergedContextConfiguration@1023150a testClass = CategoryServiceImplIT, locations = '{classpath*:test-db.xml, classpath*:service-context-test.xml}', classes = '{}', contextInitializerClasses = '[]', activeProfiles = '{}', propertySourceLocations = '{}', propertySourceProperties = '{}', contextCustomizers = set[[empty]], contextLoader = 'org.springframework.test.context.support.DelegatingSmartContextLoader', parent = [null]]]
15:20:53 DEBUG DefaultContextCache  Spring test ApplicationContext cache statistics: [DefaultContextCache@12f8b1d8 size = 1, maxSize = 32, parentContextCount = 0, hitCount = 51, missCount = 1]
15:20:53 DEBUG ontextLoaderDelegate Retrieved ApplicationContext [1800649922] from cache with key [[MergedContextConfiguration@1023150a testClass = CategoryServiceImplIT, locations = '{classpath*:test-db.xml, classpath*:service-context-test.xml}', classes = '{}', contextInitializerClasses = '[]', activeProfiles = '{}', propertySourceLocations = '{}', propertySourceProperties = '{}', contextCustomizers = set[[empty]], contextLoader = 'org.springframework.test.context.support.DelegatingSmartContextLoader', parent = [null]]]
15:20:53 DEBUG DefaultContextCache  Spring test ApplicationContext cache statistics: [DefaultContextCache@12f8b1d8 size = 1, maxSize = 32, parentContextCount = 0, hitCount = 52, missCount = 1]
15:20:53 DEBUG estExecutionListener Before test method: context [DefaultTestContext@69e49a81 testClass = CategoryServiceImplIT, testInstance = com.epam.brest.service.impl.CategoryServiceImplIT@7a93b263, testMethod = testGetCategoryByID@CategoryServiceImplIT, testException = [null], mergedContextConfiguration = [MergedContextConfiguration@1023150a testClass = CategoryServiceImplIT, locations = '{classpath*:test-db.xml, classpath*:service-context-test.xml}', classes = '{}', contextInitializerClasses = '[]', activeProfiles = '{}', propertySourceLocations = '{}', propertySourceProperties = '{}', contextCustomizers = set[[empty]], contextLoader = 'org.springframework.test.context.support.DelegatingSmartContextLoader', parent = [null]], attributes = map['org.springframework.test.context.event.ApplicationEventsTestExecutionListener.recordApplicationEvents' -> false]], class annotated with @DirtiesContext [false] with mode [null], method annotated with @DirtiesContext [false] with mode [null].
15:20:53 DEBUG estExecutionListener Explicit transaction definition [PROPAGATION_REQUIRED,ISOLATION_DEFAULT] found for test context [DefaultTestContext@69e49a81 testClass = CategoryServiceImplIT, testInstance = com.epam.brest.service.impl.CategoryServiceImplIT@7a93b263, testMethod = testGetCategoryByID@CategoryServiceImplIT, testException = [null], mergedContextConfiguration = [MergedContextConfiguration@1023150a testClass = CategoryServiceImplIT, locations = '{classpath*:test-db.xml, classpath*:service-context-test.xml}', classes = '{}', contextInitializerClasses = '[]', activeProfiles = '{}', propertySourceLocations = '{}', propertySourceProperties = '{}', contextCustomizers = set[[empty]], contextLoader = 'org.springframework.test.context.support.DelegatingSmartContextLoader', parent = [null]], attributes = map['org.springframework.test.context.event.ApplicationEventsTestExecutionListener.recordApplicationEvents' -> false]]
15:20:53 DEBUG ontextLoaderDelegate Retrieved ApplicationContext [1800649922] from cache with key [[MergedContextConfiguration@1023150a testClass = CategoryServiceImplIT, locations = '{classpath*:test-db.xml, classpath*:service-context-test.xml}', classes = '{}', contextInitializerClasses = '[]', activeProfiles = '{}', propertySourceLocations = '{}', propertySourceProperties = '{}', contextCustomizers = set[[empty]], contextLoader = 'org.springframework.test.context.support.DelegatingSmartContextLoader', parent = [null]]]
15:20:53 DEBUG DefaultContextCache  Spring test ApplicationContext cache statistics: [DefaultContextCache@12f8b1d8 size = 1, maxSize = 32, parentContextCount = 0, hitCount = 53, missCount = 1]
15:20:53 DEBUG estExecutionListener No method-level @Rollback override: using default rollback [true] for test context [DefaultTestContext@69e49a81 testClass = CategoryServiceImplIT, testInstance = com.epam.brest.service.impl.CategoryServiceImplIT@7a93b263, testMethod = testGetCategoryByID@CategoryServiceImplIT, testException = [null], mergedContextConfiguration = [MergedContextConfiguration@1023150a testClass = CategoryServiceImplIT, locations = '{classpath*:test-db.xml, classpath*:service-context-test.xml}', classes = '{}', contextInitializerClasses = '[]', activeProfiles = '{}', propertySourceLocations = '{}', propertySourceProperties = '{}', contextCustomizers = set[[empty]], contextLoader = 'org.springframework.test.context.support.DelegatingSmartContextLoader', parent = [null]], attributes = map['org.springframework.test.context.event.ApplicationEventsTestExecutionListener.recordApplicationEvents' -> false]].
15:20:53 DEBUG rmTransactionManager Creating new transaction with name [com.epam.brest.service.impl.CategoryServiceImplIT.testGetCategoryByID]: PROPAGATION_REQUIRED,ISOLATION_DEFAULT
15:20:53 DEBUG verManagerDataSource Creating new JDBC DriverManager Connection to [jdbc:h2:mem:test-db;MODE=MySQL;DB_CLOSE_DELAY=-1]
15:20:53 DEBUG ceTransactionManager Acquired Connection [conn8: url=jdbc:h2:mem:test-db user=SA] for JDBC transaction
15:20:53 DEBUG ceTransactionManager Switching JDBC Connection [conn8: url=jdbc:h2:mem:test-db user=SA] to manual commit
15:20:53 INFO  TransactionContext   Began transaction (1) for test context [DefaultTestContext@69e49a81 testClass = CategoryServiceImplIT, testInstance = com.epam.brest.service.impl.CategoryServiceImplIT@7a93b263, testMethod = testGetCategoryByID@CategoryServiceImplIT, testException = [null], mergedContextConfiguration = [MergedContextConfiguration@1023150a testClass = CategoryServiceImplIT, locations = '{classpath*:test-db.xml, classpath*:service-context-test.xml}', classes = '{}', contextInitializerClasses = '[]', activeProfiles = '{}', propertySourceLocations = '{}', propertySourceProperties = '{}', contextCustomizers = set[[empty]], contextLoader = 'org.springframework.test.context.support.DelegatingSmartContextLoader', parent = [null]], attributes = map['org.springframework.test.context.event.ApplicationEventsTestExecutionListener.recordApplicationEvents' -> false]]; transaction manager [org.springframework.jdbc.datasource.DataSourceTransactionManager@2679311f]; rollback [true]
15:20:53 DEBUG ontextLoaderDelegate Retrieved ApplicationContext [1800649922] from cache with key [[MergedContextConfiguration@1023150a testClass = CategoryServiceImplIT, locations = '{classpath*:test-db.xml, classpath*:service-context-test.xml}', classes = '{}', contextInitializerClasses = '[]', activeProfiles = '{}', propertySourceLocations = '{}', propertySourceProperties = '{}', contextCustomizers = set[[empty]], contextLoader = 'org.springframework.test.context.support.DelegatingSmartContextLoader', parent = [null]]]
15:20:53 DEBUG DefaultContextCache  Spring test ApplicationContext cache statistics: [DefaultContextCache@12f8b1d8 size = 1, maxSize = 32, parentContextCount = 0, hitCount = 54, missCount = 1]
15:20:53 DEBUG ontextLoaderDelegate Retrieved ApplicationContext [1800649922] from cache with key [[MergedContextConfiguration@1023150a testClass = CategoryServiceImplIT, locations = '{classpath*:test-db.xml, classpath*:service-context-test.xml}', classes = '{}', contextInitializerClasses = '[]', activeProfiles = '{}', propertySourceLocations = '{}', propertySourceProperties = '{}', contextCustomizers = set[[empty]], contextLoader = 'org.springframework.test.context.support.DelegatingSmartContextLoader', parent = [null]]]
15:20:53 DEBUG DefaultContextCache  Spring test ApplicationContext cache statistics: [DefaultContextCache@12f8b1d8 size = 1, maxSize = 32, parentContextCount = 0, hitCount = 55, missCount = 1]
15:20:53 DEBUG ategoryServiceImplIT Execute IT test getCategoryById()
15:20:53 DEBUG CategoryServiceImpl  find all categories
15:20:53 DEBUG CategoryDaoJDBCImpl  Start: findAllCategories()
15:20:53 DEBUG JdbcTemplate         Executing prepared SQL query
15:20:53 DEBUG JdbcTemplate         Executing prepared SQL statement [SELECT c.category_id, c.category_name FROM category c ORDER BY c.category_id]
15:20:53 DEBUG CategoryServiceImpl  get Category By Id 1
15:20:53 DEBUG CategoryDaoJDBCImpl  Get category by id = 1
15:20:53 DEBUG JdbcTemplate         Executing prepared SQL query
15:20:53 DEBUG JdbcTemplate         Executing prepared SQL statement [SELECT c.category_id, c.category_name FROM category c WHERE c.category_id = ?]
15:20:53 DEBUG ontextLoaderDelegate Retrieved ApplicationContext [1800649922] from cache with key [[MergedContextConfiguration@1023150a testClass = CategoryServiceImplIT, locations = '{classpath*:test-db.xml, classpath*:service-context-test.xml}', classes = '{}', contextInitializerClasses = '[]', activeProfiles = '{}', propertySourceLocations = '{}', propertySourceProperties = '{}', contextCustomizers = set[[empty]], contextLoader = 'org.springframework.test.context.support.DelegatingSmartContextLoader', parent = [null]]]
15:20:53 DEBUG DefaultContextCache  Spring test ApplicationContext cache statistics: [DefaultContextCache@12f8b1d8 size = 1, maxSize = 32, parentContextCount = 0, hitCount = 56, missCount = 1]
15:20:53 DEBUG ontextLoaderDelegate Retrieved ApplicationContext [1800649922] from cache with key [[MergedContextConfiguration@1023150a testClass = CategoryServiceImplIT, locations = '{classpath*:test-db.xml, classpath*:service-context-test.xml}', classes = '{}', contextInitializerClasses = '[]', activeProfiles = '{}', propertySourceLocations = '{}', propertySourceProperties = '{}', contextCustomizers = set[[empty]], contextLoader = 'org.springframework.test.context.support.DelegatingSmartContextLoader', parent = [null]]]
15:20:53 DEBUG DefaultContextCache  Spring test ApplicationContext cache statistics: [DefaultContextCache@12f8b1d8 size = 1, maxSize = 32, parentContextCount = 0, hitCount = 57, missCount = 1]
15:20:53 DEBUG rmTransactionManager Initiating transaction rollback
15:20:53 DEBUG ceTransactionManager Rolling back JDBC transaction on Connection [conn8: url=jdbc:h2:mem:test-db user=SA]
15:20:53 DEBUG ceTransactionManager Releasing JDBC Connection [conn8: url=jdbc:h2:mem:test-db user=SA] after transaction
15:20:53 INFO  TransactionContext   Rolled back transaction for test: [DefaultTestContext@69e49a81 testClass = CategoryServiceImplIT, testInstance = com.epam.brest.service.impl.CategoryServiceImplIT@7a93b263, testMethod = testGetCategoryByID@CategoryServiceImplIT, testException = [null], mergedContextConfiguration = [MergedContextConfiguration@1023150a testClass = CategoryServiceImplIT, locations = '{classpath*:test-db.xml, classpath*:service-context-test.xml}', classes = '{}', contextInitializerClasses = '[]', activeProfiles = '{}', propertySourceLocations = '{}', propertySourceProperties = '{}', contextCustomizers = set[[empty]], contextLoader = 'org.springframework.test.context.support.DelegatingSmartContextLoader', parent = [null]], attributes = map['org.springframework.test.context.event.ApplicationEventsTestExecutionListener.recordApplicationEvents' -> false]]
15:20:53 DEBUG estExecutionListener After test method: context [DefaultTestContext@69e49a81 testClass = CategoryServiceImplIT, testInstance = com.epam.brest.service.impl.CategoryServiceImplIT@7a93b263, testMethod = testGetCategoryByID@CategoryServiceImplIT, testException = [null], mergedContextConfiguration = [MergedContextConfiguration@1023150a testClass = CategoryServiceImplIT, locations = '{classpath*:test-db.xml, classpath*:service-context-test.xml}', classes = '{}', contextInitializerClasses = '[]', activeProfiles = '{}', propertySourceLocations = '{}', propertySourceProperties = '{}', contextCustomizers = set[[empty]], contextLoader = 'org.springframework.test.context.support.DelegatingSmartContextLoader', parent = [null]], attributes = map['org.springframework.test.context.event.ApplicationEventsTestExecutionListener.recordApplicationEvents' -> false]], class annotated with @DirtiesContext [false] with mode [null], method annotated with @DirtiesContext [false] with mode [null].
]]></system-out>
  </testcase>
</testsuite>