<?xml version="1.0" encoding="UTF-8"?>
<testsuite xmlns:xsi="http://www.w3.org/2001/XMLSchema-instance" xsi:noNamespaceSchemaLocation="https://maven.apache.org/surefire/maven-failsafe-plugin/xsd/failsafe-test-report-3.0.xsd" version="3.0" name="com.epam.brest.service.impl.CalculateSumDtoServiceImplIT" time="0.636" tests="1" errors="0" skipped="0" failures="0">
  <properties>
[...]
</properties>
  <testcase name="shouldFindAllWithSumOfExpenses" classname="com.epam.brest.service.impl.CalculateSumDtoServiceImplIT" time="0.055">
    <system-out><![CDATA[16:25:53 DEBUG BootstrapUtils       Instantiating CacheAwareContextLoaderDelegate from class [org.springframework.test.context.cache.DefaultCacheAwareContextLoaderDelegate]
16:25:53 DEBUG BootstrapUtils       Instantiating BootstrapContext using constructor [public org.springframework.test.context.support.DefaultBootstrapContext(java.lang.Class,org.springframework.test.context.CacheAwareContextLoaderDelegate)]
16:25:53 DEBUG BootstrapUtils       Instantiating TestContextBootstrapper for test class [com.epam.brest.service.impl.CalculateSumDtoServiceImplIT] from class [org.springframework.test.context.support.DefaultTestContextBootstrapper]
16:25:53 DEBUG ngSmartContextLoader Delegating to GenericXmlContextLoader to process context configuration [ContextConfigurationAttributes@18a136ac declaringClass = 'com.epam.brest.service.impl.CalculateSumDtoServiceImplIT', classes = '{}', locations = '{classpath*:test-db.xml, classpath*:service-context-test.xml}', inheritLocations = true, initializers = '{}', inheritInitializers = true, name = [null], contextLoaderClass = 'org.springframework.test.context.ContextLoader'].
16:25:53 DEBUG ActiveProfilesUtils  Could not find an 'annotation declaring class' for annotation type [org.springframework.test.context.ActiveProfiles] and class [com.epam.brest.service.impl.CalculateSumDtoServiceImplIT]
16:25:53 DEBUG tContextBootstrapper @TestExecutionListeners is not present for class [com.epam.brest.service.impl.CalculateSumDtoServiceImplIT]: using defaults.
16:25:53 INFO  tContextBootstrapper Loaded default TestExecutionListener class names from location [META-INF/spring.factories]: [org.springframework.test.context.web.ServletTestExecutionListener, org.springframework.test.context.support.DirtiesContextBeforeModesTestExecutionListener, org.springframework.test.context.event.ApplicationEventsTestExecutionListener, org.springframework.test.context.support.DependencyInjectionTestExecutionListener, org.springframework.test.context.support.DirtiesContextTestExecutionListener, org.springframework.test.context.transaction.TransactionalTestExecutionListener, org.springframework.test.context.jdbc.SqlScriptsTestExecutionListener, org.springframework.test.context.event.EventPublishingTestExecutionListener]
16:25:53 DEBUG tContextBootstrapper Skipping candidate TestExecutionListener [org.springframework.test.context.web.ServletTestExecutionListener] due to a missing dependency. Specify custom listener classes or make the default listener classes and their required dependencies available. Offending class: [javax/servlet/ServletContext]
16:25:53 INFO  tContextBootstrapper Using TestExecutionListeners: [org.springframework.test.context.support.DirtiesContextBeforeModesTestExecutionListener@4a194c39, org.springframework.test.context.event.ApplicationEventsTestExecutionListener@52066604, org.springframework.test.context.support.DependencyInjectionTestExecutionListener@340b9973, org.springframework.test.context.support.DirtiesContextTestExecutionListener@56113384, org.springframework.test.context.transaction.TransactionalTestExecutionListener@5669c5fb, org.springframework.test.context.jdbc.SqlScriptsTestExecutionListener@373ebf74, org.springframework.test.context.event.EventPublishingTestExecutionListener@5f9678e1]
16:25:53 DEBUG estExecutionListener Before test class: context [DefaultTestContext@5ccbeb64 testClass = CalculateSumDtoServiceImplIT, testInstance = [null], testMethod = [null], testException = [null], mergedContextConfiguration = [MergedContextConfiguration@6d9f7a80 testClass = CalculateSumDtoServiceImplIT, locations = '{classpath*:test-db.xml, classpath*:service-context-test.xml}', classes = '{}', contextInitializerClasses = '[]', activeProfiles = '{}', propertySourceLocations = '{}', propertySourceProperties = '{}', contextCustomizers = set[[empty]], contextLoader = 'org.springframework.test.context.support.DelegatingSmartContextLoader', parent = [null]], attributes = map[[empty]]], class annotated with @DirtiesContext [false] with mode [null].
16:25:53 DEBUG estExecutionListener Performing dependency injection for test context [[DefaultTestContext@5ccbeb64 testClass = CalculateSumDtoServiceImplIT, testInstance = com.epam.brest.service.impl.CalculateSumDtoServiceImplIT@6492fab5, testMethod = [null], testException = [null], mergedContextConfiguration = [MergedContextConfiguration@6d9f7a80 testClass = CalculateSumDtoServiceImplIT, locations = '{classpath*:test-db.xml, classpath*:service-context-test.xml}', classes = '{}', contextInitializerClasses = '[]', activeProfiles = '{}', propertySourceLocations = '{}', propertySourceProperties = '{}', contextCustomizers = set[[empty]], contextLoader = 'org.springframework.test.context.support.DelegatingSmartContextLoader', parent = [null]], attributes = map['org.springframework.test.context.event.ApplicationEventsTestExecutionListener.recordApplicationEvents' -> false]]].
16:25:53 DEBUG ngSmartContextLoader Delegating to GenericXmlContextLoader to load context from [MergedContextConfiguration@6d9f7a80 testClass = CalculateSumDtoServiceImplIT, locations = '{classpath*:test-db.xml, classpath*:service-context-test.xml}', classes = '{}', contextInitializerClasses = '[]', activeProfiles = '{}', propertySourceLocations = '{}', propertySourceProperties = '{}', contextCustomizers = set[[empty]], contextLoader = 'org.springframework.test.context.support.DelegatingSmartContextLoader', parent = [null]].
16:25:53 DEBUG GenericContextLoader Loading ApplicationContext for merged context configuration [[MergedContextConfiguration@6d9f7a80 testClass = CalculateSumDtoServiceImplIT, locations = '{classpath*:test-db.xml, classpath*:service-context-test.xml}', classes = '{}', contextInitializerClasses = '[]', activeProfiles = '{}', propertySourceLocations = '{}', propertySourceProperties = '{}', contextCustomizers = set[[empty]], contextLoader = 'org.springframework.test.context.support.DelegatingSmartContextLoader', parent = [null]]].
16:25:53 DEBUG AbstractEnvironment  Activating profiles []
16:25:53 DEBUG BeanDefinitionReader Loaded 3 bean definitions from URL [jar:file:/home/medievil/development/Dzmitry-Kalustau-EH/test-db/target/test-db-1.0-SNAPSHOT.jar!/test-db.xml]
16:25:53 DEBUG BeanDefinitionReader Loaded 7 bean definitions from URL [file:/home/medievil/development/Dzmitry-Kalustau-EH/service/target/test-classes/service-context-test.xml]
16:25:53 DEBUG ctApplicationContext Refreshing org.springframework.context.support.GenericApplicationContext@101639ae
16:25:53 DEBUG ingletonBeanRegistry Creating shared instance of singleton bean 'org.springframework.context.annotation.internalConfigurationAnnotationProcessor'
16:25:53 DEBUG ingletonBeanRegistry Creating shared instance of singleton bean 'org.springframework.context.event.internalEventListenerProcessor'
16:25:53 DEBUG ingletonBeanRegistry Creating shared instance of singleton bean 'org.springframework.context.event.internalEventListenerFactory'
16:25:53 DEBUG ingletonBeanRegistry Creating shared instance of singleton bean 'org.springframework.context.annotation.internalAutowiredAnnotationProcessor'
16:25:53 DEBUG ingletonBeanRegistry Creating shared instance of singleton bean 'dataSource'
16:25:53 DEBUG verManagerDataSource Loaded JDBC driver: org.h2.Driver
16:25:53 DEBUG ingletonBeanRegistry Creating shared instance of singleton bean 'transactionManager'
16:25:53 DEBUG ingletonBeanRegistry Creating shared instance of singleton bean 'org.springframework.jdbc.datasource.init.DataSourceInitializer#0'
16:25:53 DEBUG DataSourceUtils      Fetching JDBC Connection from DataSource
16:25:53 DEBUG verManagerDataSource Creating new JDBC DriverManager Connection to [jdbc:h2:mem:test-db;MODE=MySQL;DB_CLOSE_DELAY=-1]
16:25:53 DEBUG ScriptUtils          Executing SQL script from URL [jar:file:/home/medievil/development/Dzmitry-Kalustau-EH/test-db/target/test-db-1.0-SNAPSHOT.jar!/create-db.sql]
16:25:53 DEBUG ScriptUtils          0 returned as update count for SQL: DROP TABLE IF EXISTS category
16:25:53 DEBUG ScriptUtils          0 returned as update count for SQL: DROP TABLE IF EXISTS expense
16:25:53 DEBUG ScriptUtils          0 returned as update count for SQL: CREATE TABLE category ( category_id INT NOT NULL AUTO_INCREMENT, category_name VARCHAR(50) UNIQUE, CONSTRAINT category_pk PRIMARY KEY (category_id) )
16:25:53 DEBUG ScriptUtils          0 returned as update count for SQL: CREATE TABLE expense ( expense_id INT NOT NULL AUTO_INCREMENT, date DATE NOT NULL, category_id INT NOT NULL, price DECIMAL NOT NULL, CONSTRAINT expense_pk PRIMARY KEY (expense_id), CONSTRAINT expense_category_fk FOREIGN KEY (category_id) REFERENCES category (category_id) )
16:25:53 DEBUG ScriptUtils          Executed SQL script from URL [jar:file:/home/medievil/development/Dzmitry-Kalustau-EH/test-db/target/test-db-1.0-SNAPSHOT.jar!/create-db.sql] in 16 ms.
16:25:53 DEBUG ScriptUtils          Executing SQL script from URL [jar:file:/home/medievil/development/Dzmitry-Kalustau-EH/test-db/target/test-db-1.0-SNAPSHOT.jar!/init-db.sql]
16:25:53 DEBUG ScriptUtils          1 returned as update count for SQL: INSERT INTO category(category_id, category_name) VALUES (1, 'Food')
16:25:53 DEBUG ScriptUtils          1 returned as update count for SQL: INSERT INTO category(category_id, category_name) VALUES (2, 'Households')
16:25:53 DEBUG ScriptUtils          1 returned as update count for SQL: INSERT INTO category(category_id, category_name) VALUES (3, 'Car')
16:25:53 DEBUG ScriptUtils          1 returned as update count for SQL: INSERT INTO category(category_id, category_name) VALUES (4, 'Medicine')
16:25:53 DEBUG ScriptUtils          1 returned as update count for SQL: INSERT INTO category(category_id, category_name) VALUES (5, 'Clothes')
16:25:53 DEBUG ScriptUtils          1 returned as update count for SQL: INSERT INTO category(category_id, category_name) VALUES (6, 'Entertainment')
16:25:53 DEBUG ScriptUtils          1 returned as update count for SQL: INSERT INTO expense(expense_id, date, category_id, price) VALUES (1, '2021-10-01', 1, 25.4)
16:25:53 DEBUG ScriptUtils          1 returned as update count for SQL: INSERT INTO expense(expense_id, date, category_id, price) VALUES (2, '2021-10-01', 3, 7)
16:25:53 DEBUG ScriptUtils          1 returned as update count for SQL: INSERT INTO expense(expense_id, date, category_id, price) VALUES (3, '2021-10-02', 5, 60)
16:25:53 DEBUG ScriptUtils          1 returned as update count for SQL: INSERT INTO expense(expense_id, date, category_id, price) VALUES (4, '2021-10-02', 1, 15)
16:25:53 DEBUG ScriptUtils          1 returned as update count for SQL: INSERT INTO expense(expense_id, date, category_id, price) VALUES (5, '2021-10-02', 2, 22.5)
16:25:53 DEBUG ScriptUtils          1 returned as update count for SQL: INSERT INTO expense(expense_id, date, category_id, price) VALUES (6, '2021-10-03', 4, 30)
16:25:53 DEBUG ScriptUtils          1 returned as update count for SQL: INSERT INTO expense(expense_id, date, category_id, price) VALUES (7, '2021-11-04', 1, 50)
16:25:53 DEBUG ScriptUtils          1 returned as update count for SQL: INSERT INTO expense(expense_id, date, category_id, price) VALUES (8, '2021-11-04', 1, 5)
16:25:53 DEBUG ScriptUtils          Executed SQL script from URL [jar:file:/home/medievil/development/Dzmitry-Kalustau-EH/test-db/target/test-db-1.0-SNAPSHOT.jar!/init-db.sql] in 8 ms.
16:25:53 DEBUG ingletonBeanRegistry Creating shared instance of singleton bean 'namedParameterJdbcTemplate'
16:25:53 DEBUG ingletonBeanRegistry Creating shared instance of singleton bean 'calculateSumDtoDao'
16:25:53 DEBUG ingletonBeanRegistry Creating shared instance of singleton bean 'CalculateSumDtoService'
16:25:53 DEBUG ingletonBeanRegistry Creating shared instance of singleton bean 'categoryDao'
16:25:53 DEBUG ingletonBeanRegistry Creating shared instance of singleton bean 'categoryService'
16:25:53 DEBUG ingletonBeanRegistry Creating shared instance of singleton bean 'expenseDao'
16:25:53 DEBUG ingletonBeanRegistry Creating shared instance of singleton bean 'expenseService'
16:25:53 DEBUG ontextLoaderDelegate Storing ApplicationContext [269892014] in cache under key [[MergedContextConfiguration@6d9f7a80 testClass = CalculateSumDtoServiceImplIT, locations = '{classpath*:test-db.xml, classpath*:service-context-test.xml}', classes = '{}', contextInitializerClasses = '[]', activeProfiles = '{}', propertySourceLocations = '{}', propertySourceProperties = '{}', contextCustomizers = set[[empty]], contextLoader = 'org.springframework.test.context.support.DelegatingSmartContextLoader', parent = [null]]]
16:25:53 DEBUG DefaultContextCache  Spring test ApplicationContext cache statistics: [DefaultContextCache@27c04377 size = 1, maxSize = 32, parentContextCount = 0, hitCount = 0, missCount = 1]
16:25:53 DEBUG ontextLoaderDelegate Retrieved ApplicationContext [269892014] from cache with key [[MergedContextConfiguration@6d9f7a80 testClass = CalculateSumDtoServiceImplIT, locations = '{classpath*:test-db.xml, classpath*:service-context-test.xml}', classes = '{}', contextInitializerClasses = '[]', activeProfiles = '{}', propertySourceLocations = '{}', propertySourceProperties = '{}', contextCustomizers = set[[empty]], contextLoader = 'org.springframework.test.context.support.DelegatingSmartContextLoader', parent = [null]]]
16:25:53 DEBUG DefaultContextCache  Spring test ApplicationContext cache statistics: [DefaultContextCache@27c04377 size = 1, maxSize = 32, parentContextCount = 0, hitCount = 1, missCount = 1]
16:25:53 DEBUG estExecutionListener Before test method: context [DefaultTestContext@5ccbeb64 testClass = CalculateSumDtoServiceImplIT, testInstance = com.epam.brest.service.impl.CalculateSumDtoServiceImplIT@6492fab5, testMethod = shouldFindAllWithSumOfExpenses@CalculateSumDtoServiceImplIT, testException = [null], mergedContextConfiguration = [MergedContextConfiguration@6d9f7a80 testClass = CalculateSumDtoServiceImplIT, locations = '{classpath*:test-db.xml, classpath*:service-context-test.xml}', classes = '{}', contextInitializerClasses = '[]', activeProfiles = '{}', propertySourceLocations = '{}', propertySourceProperties = '{}', contextCustomizers = set[[empty]], contextLoader = 'org.springframework.test.context.support.DelegatingSmartContextLoader', parent = [null]], attributes = map['org.springframework.test.context.event.ApplicationEventsTestExecutionListener.recordApplicationEvents' -> false]], class annotated with @DirtiesContext [false] with mode [null], method annotated with @DirtiesContext [false] with mode [null].
16:25:53 DEBUG estExecutionListener Explicit transaction definition [PROPAGATION_REQUIRED,ISOLATION_DEFAULT] found for test context [DefaultTestContext@5ccbeb64 testClass = CalculateSumDtoServiceImplIT, testInstance = com.epam.brest.service.impl.CalculateSumDtoServiceImplIT@6492fab5, testMethod = shouldFindAllWithSumOfExpenses@CalculateSumDtoServiceImplIT, testException = [null], mergedContextConfiguration = [MergedContextConfiguration@6d9f7a80 testClass = CalculateSumDtoServiceImplIT, locations = '{classpath*:test-db.xml, classpath*:service-context-test.xml}', classes = '{}', contextInitializerClasses = '[]', activeProfiles = '{}', propertySourceLocations = '{}', propertySourceProperties = '{}', contextCustomizers = set[[empty]], contextLoader = 'org.springframework.test.context.support.DelegatingSmartContextLoader', parent = [null]], attributes = map['org.springframework.test.context.event.ApplicationEventsTestExecutionListener.recordApplicationEvents' -> false]]
16:25:53 DEBUG ontextLoaderDelegate Retrieved ApplicationContext [269892014] from cache with key [[MergedContextConfiguration@6d9f7a80 testClass = CalculateSumDtoServiceImplIT, locations = '{classpath*:test-db.xml, classpath*:service-context-test.xml}', classes = '{}', contextInitializerClasses = '[]', activeProfiles = '{}', propertySourceLocations = '{}', propertySourceProperties = '{}', contextCustomizers = set[[empty]], contextLoader = 'org.springframework.test.context.support.DelegatingSmartContextLoader', parent = [null]]]
16:25:53 DEBUG DefaultContextCache  Spring test ApplicationContext cache statistics: [DefaultContextCache@27c04377 size = 1, maxSize = 32, parentContextCount = 0, hitCount = 2, missCount = 1]
16:25:53 DEBUG estExecutionListener No method-level @Rollback override: using default rollback [true] for test context [DefaultTestContext@5ccbeb64 testClass = CalculateSumDtoServiceImplIT, testInstance = com.epam.brest.service.impl.CalculateSumDtoServiceImplIT@6492fab5, testMethod = shouldFindAllWithSumOfExpenses@CalculateSumDtoServiceImplIT, testException = [null], mergedContextConfiguration = [MergedContextConfiguration@6d9f7a80 testClass = CalculateSumDtoServiceImplIT, locations = '{classpath*:test-db.xml, classpath*:service-context-test.xml}', classes = '{}', contextInitializerClasses = '[]', activeProfiles = '{}', propertySourceLocations = '{}', propertySourceProperties = '{}', contextCustomizers = set[[empty]], contextLoader = 'org.springframework.test.context.support.DelegatingSmartContextLoader', parent = [null]], attributes = map['org.springframework.test.context.event.ApplicationEventsTestExecutionListener.recordApplicationEvents' -> false]].
16:25:53 DEBUG rmTransactionManager Creating new transaction with name [com.epam.brest.service.impl.CalculateSumDtoServiceImplIT.shouldFindAllWithSumOfExpenses]: PROPAGATION_REQUIRED,ISOLATION_DEFAULT
16:25:53 DEBUG verManagerDataSource Creating new JDBC DriverManager Connection to [jdbc:h2:mem:test-db;MODE=MySQL;DB_CLOSE_DELAY=-1]
16:25:53 DEBUG ceTransactionManager Acquired Connection [conn1: url=jdbc:h2:mem:test-db user=SA] for JDBC transaction
16:25:53 DEBUG ceTransactionManager Switching JDBC Connection [conn1: url=jdbc:h2:mem:test-db user=SA] to manual commit
16:25:53 INFO  TransactionContext   Began transaction (1) for test context [DefaultTestContext@5ccbeb64 testClass = CalculateSumDtoServiceImplIT, testInstance = com.epam.brest.service.impl.CalculateSumDtoServiceImplIT@6492fab5, testMethod = shouldFindAllWithSumOfExpenses@CalculateSumDtoServiceImplIT, testException = [null], mergedContextConfiguration = [MergedContextConfiguration@6d9f7a80 testClass = CalculateSumDtoServiceImplIT, locations = '{classpath*:test-db.xml, classpath*:service-context-test.xml}', classes = '{}', contextInitializerClasses = '[]', activeProfiles = '{}', propertySourceLocations = '{}', propertySourceProperties = '{}', contextCustomizers = set[[empty]], contextLoader = 'org.springframework.test.context.support.DelegatingSmartContextLoader', parent = [null]], attributes = map['org.springframework.test.context.event.ApplicationEventsTestExecutionListener.recordApplicationEvents' -> false]]; transaction manager [org.springframework.jdbc.datasource.DataSourceTransactionManager@6e1d4137]; rollback [true]
16:25:53 DEBUG ontextLoaderDelegate Retrieved ApplicationContext [269892014] from cache with key [[MergedContextConfiguration@6d9f7a80 testClass = CalculateSumDtoServiceImplIT, locations = '{classpath*:test-db.xml, classpath*:service-context-test.xml}', classes = '{}', contextInitializerClasses = '[]', activeProfiles = '{}', propertySourceLocations = '{}', propertySourceProperties = '{}', contextCustomizers = set[[empty]], contextLoader = 'org.springframework.test.context.support.DelegatingSmartContextLoader', parent = [null]]]
16:25:53 DEBUG DefaultContextCache  Spring test ApplicationContext cache statistics: [DefaultContextCache@27c04377 size = 1, maxSize = 32, parentContextCount = 0, hitCount = 3, missCount = 1]
16:25:53 DEBUG ontextLoaderDelegate Retrieved ApplicationContext [269892014] from cache with key [[MergedContextConfiguration@6d9f7a80 testClass = CalculateSumDtoServiceImplIT, locations = '{classpath*:test-db.xml, classpath*:service-context-test.xml}', classes = '{}', contextInitializerClasses = '[]', activeProfiles = '{}', propertySourceLocations = '{}', propertySourceProperties = '{}', contextCustomizers = set[[empty]], contextLoader = 'org.springframework.test.context.support.DelegatingSmartContextLoader', parent = [null]]]
16:25:53 DEBUG DefaultContextCache  Spring test ApplicationContext cache statistics: [DefaultContextCache@27c04377 size = 1, maxSize = 32, parentContextCount = 0, hitCount = 4, missCount = 1]
16:25:53 DEBUG JdbcTemplate         Executing prepared SQL query
16:25:53 DEBUG JdbcTemplate         Executing prepared SQL statement [SELECT
	c.category_name AS categoryName,
	sum(e.price) AS sumOfExpense
FROM
	expense e
INNER JOIN category c ON
	e.category_id = c.category_id
WHERE date BETWEEN
	? AND ?
GROUP BY
	e.category_id
ORDER BY
sumOfExpense]
16:25:53 DEBUG eanPropertyRowMapper Mapping column 'CATEGORYNAME' to property 'categoryName' of type 'java.lang.String'
16:25:53 DEBUG eanPropertyRowMapper Mapping column 'SUMOFEXPENSE' to property 'sumOfExpense' of type 'java.math.BigDecimal'
16:25:53 DEBUG ontextLoaderDelegate Retrieved ApplicationContext [269892014] from cache with key [[MergedContextConfiguration@6d9f7a80 testClass = CalculateSumDtoServiceImplIT, locations = '{classpath*:test-db.xml, classpath*:service-context-test.xml}', classes = '{}', contextInitializerClasses = '[]', activeProfiles = '{}', propertySourceLocations = '{}', propertySourceProperties = '{}', contextCustomizers = set[[empty]], contextLoader = 'org.springframework.test.context.support.DelegatingSmartContextLoader', parent = [null]]]
16:25:53 DEBUG DefaultContextCache  Spring test ApplicationContext cache statistics: [DefaultContextCache@27c04377 size = 1, maxSize = 32, parentContextCount = 0, hitCount = 5, missCount = 1]
16:25:53 DEBUG ontextLoaderDelegate Retrieved ApplicationContext [269892014] from cache with key [[MergedContextConfiguration@6d9f7a80 testClass = CalculateSumDtoServiceImplIT, locations = '{classpath*:test-db.xml, classpath*:service-context-test.xml}', classes = '{}', contextInitializerClasses = '[]', activeProfiles = '{}', propertySourceLocations = '{}', propertySourceProperties = '{}', contextCustomizers = set[[empty]], contextLoader = 'org.springframework.test.context.support.DelegatingSmartContextLoader', parent = [null]]]
16:25:53 DEBUG DefaultContextCache  Spring test ApplicationContext cache statistics: [DefaultContextCache@27c04377 size = 1, maxSize = 32, parentContextCount = 0, hitCount = 6, missCount = 1]
16:25:53 DEBUG rmTransactionManager Initiating transaction rollback
16:25:53 DEBUG ceTransactionManager Rolling back JDBC transaction on Connection [conn1: url=jdbc:h2:mem:test-db user=SA]
16:25:53 DEBUG ceTransactionManager Releasing JDBC Connection [conn1: url=jdbc:h2:mem:test-db user=SA] after transaction
16:25:53 INFO  TransactionContext   Rolled back transaction for test: [DefaultTestContext@5ccbeb64 testClass = CalculateSumDtoServiceImplIT, testInstance = com.epam.brest.service.impl.CalculateSumDtoServiceImplIT@6492fab5, testMethod = shouldFindAllWithSumOfExpenses@CalculateSumDtoServiceImplIT, testException = [null], mergedContextConfiguration = [MergedContextConfiguration@6d9f7a80 testClass = CalculateSumDtoServiceImplIT, locations = '{classpath*:test-db.xml, classpath*:service-context-test.xml}', classes = '{}', contextInitializerClasses = '[]', activeProfiles = '{}', propertySourceLocations = '{}', propertySourceProperties = '{}', contextCustomizers = set[[empty]], contextLoader = 'org.springframework.test.context.support.DelegatingSmartContextLoader', parent = [null]], attributes = map['org.springframework.test.context.event.ApplicationEventsTestExecutionListener.recordApplicationEvents' -> false]]
16:25:53 DEBUG estExecutionListener After test method: context [DefaultTestContext@5ccbeb64 testClass = CalculateSumDtoServiceImplIT, testInstance = com.epam.brest.service.impl.CalculateSumDtoServiceImplIT@6492fab5, testMethod = shouldFindAllWithSumOfExpenses@CalculateSumDtoServiceImplIT, testException = [null], mergedContextConfiguration = [MergedContextConfiguration@6d9f7a80 testClass = CalculateSumDtoServiceImplIT, locations = '{classpath*:test-db.xml, classpath*:service-context-test.xml}', classes = '{}', contextInitializerClasses = '[]', activeProfiles = '{}', propertySourceLocations = '{}', propertySourceProperties = '{}', contextCustomizers = set[[empty]], contextLoader = 'org.springframework.test.context.support.DelegatingSmartContextLoader', parent = [null]], attributes = map['org.springframework.test.context.event.ApplicationEventsTestExecutionListener.recordApplicationEvents' -> false]], class annotated with @DirtiesContext [false] with mode [null], method annotated with @DirtiesContext [false] with mode [null].
]]></system-out>
  </testcase>
</testsuite>